[2020-08-05 11:29:39,901] {logger:43} INFO - evaluate_experiment.py, args: Namespace(dataset='test', experiment='exp005d')
================================================================================
[2020-08-05 11:29:39,901] {logger:44} INFO - config:
[2020-08-05 11:29:39,901] {logger:45} INFO - parameter name      | parameter value
[2020-08-05 11:29:39,901] {logger:46} INFO - experiment          : exp005d
[2020-08-05 11:29:39,901] {logger:46} INFO - RUN_NAME            : exp005d_2020-08-05_11-29-39
[2020-08-05 11:29:39,901] {logger:46} INFO - DEVICE              : cuda
[2020-08-05 11:29:39,901] {logger:46} INFO - EXPERIMENT_DIR      : /home/users/grieger/seminar/mice_tuebingen/results/exp005d
[2020-08-05 11:29:39,902] {logger:46} INFO - MODELS_DIR          : /home/users/grieger/seminar/mice_tuebingen/results/exp005d/models
[2020-08-05 11:29:39,902] {logger:46} INFO - VISUALS_DIR         : /home/users/grieger/seminar/mice_tuebingen/results/exp005d/visuals/exp005d_2020-08-05_11-29-39
[2020-08-05 11:29:39,902] {logger:46} INFO - DATA_DIR            : /home/users/grieger/data_tuebingen_h5/data
[2020-08-05 11:29:39,902] {logger:46} INFO - SAMPLE_DURATION     : 10
[2020-08-05 11:29:39,902] {logger:46} INFO - SAMPLING_RATE       : 64
[2020-08-05 11:29:39,902] {logger:46} INFO - SCORING_MAP         : {'Wake': [1, 17], 'REM': [3, 19], 'Non REM': [2, 18], 'Pre REM': [4, 20], 'Artifact': [8, 24, 255]}
[2020-08-05 11:29:39,902] {logger:46} INFO - STAGE_MAP           : {'Wake': 'Wake', 'REM': 'REM', 'Non REM': 'Non REM', 'Pre REM': 'Pre REM', 'Artifact': 'Artifact'}
[2020-08-05 11:29:39,902] {logger:46} INFO - DATA_SPLIT          : {'train': ['M19', 'M20', 'M21', 'M22', 'M23', 'M24', 'M25', 'M26', 'M27', 'M28', 'M29', 'M31', 'M32', 'M33'], 'valid': ['M34', 'M35'], 'test': ['M36', 'M37']}
[2020-08-05 11:29:39,902] {logger:46} INFO - DATA_FILE           : ./cache/dataset/data_tuebingen.h5
[2020-08-05 11:29:39,902] {logger:46} INFO - STAGES              : ['Wake', 'REM', 'Non REM', 'Pre REM', 'Artifact']
[2020-08-05 11:29:39,902] {logger:46} INFO - BALANCED_TRAINING   : True
[2020-08-05 11:29:39,902] {logger:46} INFO - BALANCING_WEIGHTS   : [0.2, 0.2, 0.2, 0.2, 0.2]
[2020-08-05 11:29:39,903] {logger:46} INFO - CHANNELS            : ['EEG_PR']
[2020-08-05 11:29:39,903] {logger:46} INFO - SAMPLES_LEFT        : 1
[2020-08-05 11:29:39,903] {logger:46} INFO - SAMPLES_RIGHT       : 1
[2020-08-05 11:29:39,903] {logger:46} INFO - LOG_INTERVAL        : 10
[2020-08-05 11:29:39,903] {logger:46} INFO - EXTRA_SAFE_MODELS   : False
[2020-08-05 11:29:39,903] {logger:46} INFO - BATCH_SIZE          : 256
[2020-08-05 11:29:39,903] {logger:46} INFO - DATA_FRACTION       : 1.0
[2020-08-05 11:29:39,903] {logger:46} INFO - DATA_FRACTION_STRAT : None
[2020-08-05 11:29:39,903] {logger:46} INFO - EPOCHS              : 50
[2020-08-05 11:29:39,903] {logger:46} INFO - WARMUP_EPOCHS       : 12
[2020-08-05 11:29:39,903] {logger:46} INFO - S_OPTIM_MODE        : exp
[2020-08-05 11:29:39,903] {logger:46} INFO - S_OPTIM_PARAS       : [0.06]
[2020-08-05 11:29:39,904] {logger:46} INFO - LEARNING_RATE       : 0.000256
[2020-08-05 11:29:39,904] {logger:46} INFO - OPTIMIZER           : <class 'torch.optim.adam.Adam'>
[2020-08-05 11:29:39,904] {logger:46} INFO - OPTIM_PARAS         : {}
[2020-08-05 11:29:39,904] {logger:46} INFO - L1_WEIGHT_DECAY     : 0
[2020-08-05 11:29:39,904] {logger:46} INFO - L2_WEIGHT_DECAY     : 0.0001
[2020-08-05 11:29:39,904] {logger:46} INFO - BATCH_SIZE_EVAL     : 512
[2020-08-05 11:29:39,904] {logger:46} INFO - FILTERS             : 96
[2020-08-05 11:29:39,904] {logger:46} INFO - CLASSIFIER_DROPOUT  : [0.2, 0.2]
[2020-08-05 11:29:39,904] {logger:46} INFO - FEATURE_EXTR_DROPOUT: [0.0, 0.2, 0.0, 0.2, 0.0, 0.2, 0.0, 0.2]
[2020-08-05 11:29:39,904] {logger:46} INFO - MODEL_NAME          : model_8conv_2fc
[2020-08-05 11:29:39,904] {logger:46} INFO - GAIN                : 0.0
[2020-08-05 11:29:39,904] {logger:46} INFO - FLIP                : 0.0
[2020-08-05 11:29:39,905] {logger:46} INFO - FLIP_ALL            : 0.0
[2020-08-05 11:29:39,905] {logger:46} INFO - WINDOW_WARP_SIZE    : 0.0
[2020-08-05 11:29:39,905] {logger:46} INFO - FLIP_HORI           : 0.0
[2020-08-05 11:29:39,905] {logger:46} INFO - TIME_SHIFT          : 0.0
[2020-08-05 11:29:39,905] {logger:50} INFO - 
[2020-08-05 11:29:39,905] {logger:51} INFO - ================================================================================
[2020-08-05 11:29:39,905] {logger:52} INFO - evaluate best model of experiment exp005d on dataset test
[2020-08-05 11:29:39,905] {logger:53} INFO - ================================================================================
[2020-08-05 11:29:39,905] {logger:54} INFO - 
[2020-08-05 11:29:39,905] {logger:50} INFO - 
[2020-08-05 11:29:39,905] {logger:51} INFO - ================================================================================
[2020-08-05 11:29:39,905] {logger:52} INFO - start evaluation
[2020-08-05 11:29:39,905] {logger:53} INFO - ================================================================================
[2020-08-05 11:29:39,906] {logger:54} INFO - 
[2020-08-05 11:29:40,513] {dataloader:107} INFO - data distribution in database for dataset test:
	Wake                : 18077
	REM                 : 1915
	Non REM             : 14732
	Pre REM             : 603
	Artifact            : 93
[2020-08-05 11:29:40,515] {dataloader:134} INFO - data distribution after processing:
	Wake                : 18077
	REM                 : 1915
	Non REM             : 14732
	Pre REM             : 603
	Artifact            : 93
[2020-08-05 11:29:42,256] {evaluate_experiment:46} INFO - loaded model:
Model(
  (feature_extractor): Sequential(
    (0): BatchNorm1d(1, eps=1e-05, momentum=0.1, affine=True, track_running_stats=True)
    (1): Conv1d(1, 96, kernel_size=(5,), stride=(1,))
    (2): ReLU(inplace=True)
    (3): BatchNorm1d(96, eps=1e-05, momentum=0.1, affine=True, track_running_stats=True)
    (4): Dropout(p=0.0, inplace=False)
    (5): Conv1d(96, 96, kernel_size=(5,), stride=(2,))
    (6): ReLU(inplace=True)
    (7): BatchNorm1d(96, eps=1e-05, momentum=0.1, affine=True, track_running_stats=True)
    (8): Dropout(p=0.2, inplace=False)
    (9): Conv1d(96, 96, kernel_size=(5,), stride=(1,))
    (10): ReLU(inplace=True)
    (11): BatchNorm1d(96, eps=1e-05, momentum=0.1, affine=True, track_running_stats=True)
    (12): Dropout(p=0.0, inplace=False)
    (13): Conv1d(96, 96, kernel_size=(5,), stride=(2,))
    (14): ReLU(inplace=True)
    (15): BatchNorm1d(96, eps=1e-05, momentum=0.1, affine=True, track_running_stats=True)
    (16): Dropout(p=0.2, inplace=False)
    (17): Conv1d(96, 96, kernel_size=(5,), stride=(1,))
    (18): ReLU(inplace=True)
    (19): BatchNorm1d(96, eps=1e-05, momentum=0.1, affine=True, track_running_stats=True)
    (20): Dropout(p=0.0, inplace=False)
    (21): Conv1d(96, 96, kernel_size=(5,), stride=(2,))
    (22): ReLU(inplace=True)
    (23): BatchNorm1d(96, eps=1e-05, momentum=0.1, affine=True, track_running_stats=True)
    (24): Dropout(p=0.2, inplace=False)
    (25): Conv1d(96, 96, kernel_size=(5,), stride=(1,))
    (26): ReLU(inplace=True)
    (27): BatchNorm1d(96, eps=1e-05, momentum=0.1, affine=True, track_running_stats=True)
    (28): Dropout(p=0.0, inplace=False)
    (29): Conv1d(96, 96, kernel_size=(5,), stride=(2,))
    (30): ReLU(inplace=True)
    (31): BatchNorm1d(96, eps=1e-05, momentum=0.1, affine=True, track_running_stats=True)
    (32): Dropout(p=0.2, inplace=False)
  )
  (classifier): Sequential(
    (0): Dropout(p=0.2, inplace=False)
    (1): Linear(in_features=10848, out_features=80, bias=True)
    (2): ReLU(inplace=True)
    (3): Dropout(p=0.2, inplace=False)
    (4): Linear(in_features=80, out_features=5, bias=True)
  )
)
[2020-08-05 11:29:47,623] {result_logger:97} INFO - scores for sleep stages on dataset: test
[2020-08-05 11:29:47,686] {result_logger:103} INFO - precision on Wake: 0.959
[2020-08-05 11:29:47,718] {result_logger:104} INFO - recall on Wake: 0.983
[2020-08-05 11:29:47,749] {result_logger:107} INFO - F1-score on Wake: 0.971
[2020-08-05 11:29:47,749] {result_logger:108} INFO - 
[2020-08-05 11:29:47,798] {result_logger:103} INFO - precision on REM: 0.893
[2020-08-05 11:29:47,829] {result_logger:104} INFO - recall on REM: 0.947
[2020-08-05 11:29:47,860] {result_logger:107} INFO - F1-score on REM: 0.919
[2020-08-05 11:29:47,860] {result_logger:108} INFO - 
[2020-08-05 11:29:47,909] {result_logger:103} INFO - precision on Non REM: 0.970
[2020-08-05 11:29:47,940] {result_logger:104} INFO - recall on Non REM: 0.924
[2020-08-05 11:29:47,973] {result_logger:107} INFO - F1-score on Non REM: 0.946
[2020-08-05 11:29:47,973] {result_logger:108} INFO - 
[2020-08-05 11:29:48,022] {result_logger:103} INFO - precision on Pre REM: 0.465
[2020-08-05 11:29:48,063] {result_logger:104} INFO - recall on Pre REM: 0.557
[2020-08-05 11:29:48,103] {result_logger:107} INFO - F1-score on Pre REM: 0.507
[2020-08-05 11:29:48,103] {result_logger:108} INFO - 
[2020-08-05 11:29:48,154] {result_logger:103} INFO - precision on Artifact: 0.581
[2020-08-05 11:29:48,186] {result_logger:104} INFO - recall on Artifact: 0.656
[2020-08-05 11:29:48,217] {result_logger:107} INFO - F1-score on Artifact: 0.616
[2020-08-05 11:29:48,217] {result_logger:108} INFO - 
[2020-08-05 11:29:48,224] {result_logger:111} INFO - average precision on sleep stages: 0.774
[2020-08-05 11:29:48,232] {result_logger:113} INFO - average recall on sleep stages: 0.813
[2020-08-05 11:29:48,239] {result_logger:115} INFO - average F1-score on sleep stages: 0.792
[2020-08-05 11:29:48,239] {evaluate_experiment:53} INFO - 
[2020-08-05 11:29:48,239] {result_logger:130} INFO - confusion matrix for sleep stages on dataset: test
[2020-08-05 11:29:48,262] {result_logger:134} INFO - 
[[17769    40   240     1    27]
 [   15  1813    25    61     1]
 [  721    56 13616   323    16]
 [    7   120   140   336     0]
 [   10     2    19     1    61]]
[2020-08-05 11:29:48,429] {result_logger:141} INFO - 
[[ 98.30%   0.22%   1.33%   0.01%   0.15%]
 [  0.78%  94.67%   1.31%   3.19%   0.05%]
 [  4.89%   0.38%  92.42%   2.19%   0.11%]
 [  1.16%  19.90%  23.22%  55.72%   0.00%]
 [ 10.75%   2.15%  20.43%   1.08%  65.59%]]
[2020-08-05 11:29:48,551] {result_logger:145} INFO - 
[[ 95.93%   1.97%   1.71%   0.14%  25.71%]
 [  0.08%  89.27%   0.18%   8.45%   0.95%]
 [  3.89%   2.76%  96.98%  44.74%  15.24%]
 [  0.04%   5.91%   1.00%  46.54%   0.00%]
 [  0.05%   0.10%   0.14%   0.14%  58.10%]]
[2020-08-05 11:29:48,796] {result_logger:74} INFO - transformation matrix for sleep stages on dataset: test
[2020-08-05 11:29:48,796] {result_logger:77} INFO - actual:
[2020-08-05 11:29:48,797] {result_logger:78} INFO - 
[[95.23%  0.00%  4.74%  0.00%  0.04%]
 [16.50% 79.58%  3.45%  0.21%  0.26%]
 [ 3.57%  0.07% 92.69%  3.33%  0.35%]
 [ 2.99% 62.85% 16.09% 17.91%  0.17%]
 [ 2.15%  2.15% 63.44%  1.08% 31.18%]]
[2020-08-05 11:29:48,797] {result_logger:79} INFO - predicted:
[2020-08-05 11:29:48,797] {result_logger:80} INFO - 
[[94.49%  0.07%  5.29%  0.06%  0.09%]
 [16.89% 78.24%  4.38%  0.30%  0.20%]
 [ 4.49%  0.28% 91.50%  3.44%  0.28%]
 [ 2.35% 53.60% 12.74% 30.75%  0.55%]
 [26.67%  2.86% 31.43%  0.00% 39.05%]]
[2020-08-05 11:29:48,797] {logger:50} INFO - 
[2020-08-05 11:29:48,797] {logger:51} INFO - ================================================================================
[2020-08-05 11:29:48,797] {logger:52} INFO - finished evaluation
[2020-08-05 11:29:48,797] {logger:53} INFO - ================================================================================
[2020-08-05 11:29:48,797] {logger:54} INFO - 
