[2020-08-05 11:16:43,956] {logger:43} INFO - evaluate_experiment.py, args: Namespace(dataset='test', experiment='exp006')
================================================================================
[2020-08-05 11:16:43,956] {logger:44} INFO - config:
[2020-08-05 11:16:43,956] {logger:45} INFO - parameter name      | parameter value
[2020-08-05 11:16:43,956] {logger:46} INFO - experiment          : exp006
[2020-08-05 11:16:43,956] {logger:46} INFO - RUN_NAME            : exp006_2020-08-05_11-16-43
[2020-08-05 11:16:43,956] {logger:46} INFO - DEVICE              : cuda
[2020-08-05 11:16:43,956] {logger:46} INFO - EXPERIMENT_DIR      : /home/users/grieger/seminar/mice_tuebingen/results/exp006
[2020-08-05 11:16:43,956] {logger:46} INFO - MODELS_DIR          : /home/users/grieger/seminar/mice_tuebingen/results/exp006/models
[2020-08-05 11:16:43,956] {logger:46} INFO - VISUALS_DIR         : /home/users/grieger/seminar/mice_tuebingen/results/exp006/visuals/exp006_2020-08-05_11-16-43
[2020-08-05 11:16:43,956] {logger:46} INFO - DATA_DIR            : /home/users/grieger/data_tuebingen_h5/data
[2020-08-05 11:16:43,956] {logger:46} INFO - SAMPLE_DURATION     : 10
[2020-08-05 11:16:43,956] {logger:46} INFO - SAMPLING_RATE       : 64
[2020-08-05 11:16:43,956] {logger:46} INFO - SCORING_MAP         : {'Wake': [1, 17], 'REM': [3, 19], 'Non REM': [2, 18], 'Pre REM': [4, 20], 'Artifact': [8, 24, 255]}
[2020-08-05 11:16:43,956] {logger:46} INFO - STAGE_MAP           : {'Wake': 'Wake', 'REM': 'REM', 'Non REM': 'Non REM', 'Pre REM': 'Pre REM', 'Artifact': 'Artifact'}
[2020-08-05 11:16:43,957] {logger:46} INFO - DATA_SPLIT          : {'train': ['M19', 'M20', 'M21', 'M22', 'M23', 'M24', 'M25', 'M26', 'M27', 'M28', 'M29', 'M31', 'M32', 'M33'], 'valid': ['M34', 'M35'], 'test': ['M36', 'M37']}
[2020-08-05 11:16:43,957] {logger:46} INFO - DATA_FILE           : ./cache/dataset/data_tuebingen.h5
[2020-08-05 11:16:43,957] {logger:46} INFO - STAGES              : ['Wake', 'REM', 'Non REM', 'Pre REM', 'Artifact']
[2020-08-05 11:16:43,957] {logger:46} INFO - BALANCED_TRAINING   : False
[2020-08-05 11:16:43,957] {logger:46} INFO - BALANCING_WEIGHTS   : [0.3, 0.18, 0.24, 0.14, 0.14]
[2020-08-05 11:16:43,957] {logger:46} INFO - CHANNELS            : ['EEG_PR']
[2020-08-05 11:16:43,957] {logger:46} INFO - SAMPLES_LEFT        : 1
[2020-08-05 11:16:43,957] {logger:46} INFO - SAMPLES_RIGHT       : 1
[2020-08-05 11:16:43,957] {logger:46} INFO - LOG_INTERVAL        : 10
[2020-08-05 11:16:43,957] {logger:46} INFO - EXTRA_SAFE_MODELS   : False
[2020-08-05 11:16:43,957] {logger:46} INFO - BATCH_SIZE          : 256
[2020-08-05 11:16:43,957] {logger:46} INFO - DATA_FRACTION       : 1.0
[2020-08-05 11:16:43,957] {logger:46} INFO - DATA_FRACTION_STRAT : None
[2020-08-05 11:16:43,957] {logger:46} INFO - EPOCHS              : 50
[2020-08-05 11:16:43,957] {logger:46} INFO - WARMUP_EPOCHS       : 12
[2020-08-05 11:16:43,957] {logger:46} INFO - S_OPTIM_MODE        : exp
[2020-08-05 11:16:43,957] {logger:46} INFO - S_OPTIM_PARAS       : [0.06]
[2020-08-05 11:16:43,957] {logger:46} INFO - LEARNING_RATE       : 0.000256
[2020-08-05 11:16:43,957] {logger:46} INFO - OPTIMIZER           : <class 'torch.optim.adam.Adam'>
[2020-08-05 11:16:43,957] {logger:46} INFO - OPTIM_PARAS         : {}
[2020-08-05 11:16:43,957] {logger:46} INFO - L1_WEIGHT_DECAY     : 0
[2020-08-05 11:16:43,957] {logger:46} INFO - L2_WEIGHT_DECAY     : 0.0001
[2020-08-05 11:16:43,957] {logger:46} INFO - BATCH_SIZE_EVAL     : 512
[2020-08-05 11:16:43,957] {logger:46} INFO - FILTERS             : 96
[2020-08-05 11:16:43,957] {logger:46} INFO - CLASSIFIER_DROPOUT  : [0.2, 0.2]
[2020-08-05 11:16:43,957] {logger:46} INFO - FEATURE_EXTR_DROPOUT: [0.0, 0.2, 0.0, 0.2, 0.0, 0.2, 0.0, 0.2]
[2020-08-05 11:16:43,957] {logger:46} INFO - MODEL_NAME          : model_8conv_2fc
[2020-08-05 11:16:43,957] {logger:46} INFO - GAIN                : 0.5
[2020-08-05 11:16:43,957] {logger:46} INFO - FLIP                : 0.0
[2020-08-05 11:16:43,957] {logger:46} INFO - FLIP_ALL            : 0.0
[2020-08-05 11:16:43,957] {logger:46} INFO - WINDOW_WARP_SIZE    : 0.0
[2020-08-05 11:16:43,957] {logger:46} INFO - FLIP_HORI           : 0.0
[2020-08-05 11:16:43,957] {logger:46} INFO - TIME_SHIFT          : 0.0
[2020-08-05 11:16:43,958] {logger:50} INFO - 
[2020-08-05 11:16:43,958] {logger:51} INFO - ================================================================================
[2020-08-05 11:16:43,958] {logger:52} INFO - evaluate best model of experiment exp006 on dataset test
[2020-08-05 11:16:43,958] {logger:53} INFO - ================================================================================
[2020-08-05 11:16:43,958] {logger:54} INFO - 
[2020-08-05 11:16:43,958] {logger:50} INFO - 
[2020-08-05 11:16:43,958] {logger:51} INFO - ================================================================================
[2020-08-05 11:16:43,958] {logger:52} INFO - start evaluation
[2020-08-05 11:16:43,958] {logger:53} INFO - ================================================================================
[2020-08-05 11:16:43,958] {logger:54} INFO - 
[2020-08-05 11:16:44,604] {dataloader:107} INFO - data distribution in database for dataset test:
	Wake                : 18077
	REM                 : 1915
	Non REM             : 14732
	Pre REM             : 603
	Artifact            : 93
[2020-08-05 11:16:44,606] {dataloader:134} INFO - data distribution after processing:
	Wake                : 18077
	REM                 : 1915
	Non REM             : 14732
	Pre REM             : 603
	Artifact            : 93
[2020-08-05 11:16:46,598] {evaluate_experiment:46} INFO - loaded model:
Model(
  (feature_extractor): Sequential(
    (0): BatchNorm1d(1, eps=1e-05, momentum=0.1, affine=True, track_running_stats=True)
    (1): Conv1d(1, 96, kernel_size=(5,), stride=(1,))
    (2): ReLU(inplace=True)
    (3): BatchNorm1d(96, eps=1e-05, momentum=0.1, affine=True, track_running_stats=True)
    (4): Dropout(p=0.0, inplace=False)
    (5): Conv1d(96, 96, kernel_size=(5,), stride=(2,))
    (6): ReLU(inplace=True)
    (7): BatchNorm1d(96, eps=1e-05, momentum=0.1, affine=True, track_running_stats=True)
    (8): Dropout(p=0.2, inplace=False)
    (9): Conv1d(96, 96, kernel_size=(5,), stride=(1,))
    (10): ReLU(inplace=True)
    (11): BatchNorm1d(96, eps=1e-05, momentum=0.1, affine=True, track_running_stats=True)
    (12): Dropout(p=0.0, inplace=False)
    (13): Conv1d(96, 96, kernel_size=(5,), stride=(2,))
    (14): ReLU(inplace=True)
    (15): BatchNorm1d(96, eps=1e-05, momentum=0.1, affine=True, track_running_stats=True)
    (16): Dropout(p=0.2, inplace=False)
    (17): Conv1d(96, 96, kernel_size=(5,), stride=(1,))
    (18): ReLU(inplace=True)
    (19): BatchNorm1d(96, eps=1e-05, momentum=0.1, affine=True, track_running_stats=True)
    (20): Dropout(p=0.0, inplace=False)
    (21): Conv1d(96, 96, kernel_size=(5,), stride=(2,))
    (22): ReLU(inplace=True)
    (23): BatchNorm1d(96, eps=1e-05, momentum=0.1, affine=True, track_running_stats=True)
    (24): Dropout(p=0.2, inplace=False)
    (25): Conv1d(96, 96, kernel_size=(5,), stride=(1,))
    (26): ReLU(inplace=True)
    (27): BatchNorm1d(96, eps=1e-05, momentum=0.1, affine=True, track_running_stats=True)
    (28): Dropout(p=0.0, inplace=False)
    (29): Conv1d(96, 96, kernel_size=(5,), stride=(2,))
    (30): ReLU(inplace=True)
    (31): BatchNorm1d(96, eps=1e-05, momentum=0.1, affine=True, track_running_stats=True)
    (32): Dropout(p=0.2, inplace=False)
  )
  (classifier): Sequential(
    (0): Dropout(p=0.2, inplace=False)
    (1): Linear(in_features=10848, out_features=80, bias=True)
    (2): ReLU(inplace=True)
    (3): Dropout(p=0.2, inplace=False)
    (4): Linear(in_features=80, out_features=5, bias=True)
  )
)
[2020-08-05 11:16:52,137] {result_logger:97} INFO - scores for sleep stages on dataset: test
[2020-08-05 11:16:52,199] {result_logger:103} INFO - precision on Wake: 0.968
[2020-08-05 11:16:52,230] {result_logger:104} INFO - recall on Wake: 0.985
[2020-08-05 11:16:52,260] {result_logger:107} INFO - F1-score on Wake: 0.977
[2020-08-05 11:16:52,260] {result_logger:108} INFO - 
[2020-08-05 11:16:52,305] {result_logger:103} INFO - precision on REM: 0.917
[2020-08-05 11:16:52,335] {result_logger:104} INFO - recall on REM: 0.940
[2020-08-05 11:16:52,369] {result_logger:107} INFO - F1-score on REM: 0.928
[2020-08-05 11:16:52,369] {result_logger:108} INFO - 
[2020-08-05 11:16:52,415] {result_logger:103} INFO - precision on Non REM: 0.967
[2020-08-05 11:16:52,445] {result_logger:104} INFO - recall on Non REM: 0.947
[2020-08-05 11:16:52,476] {result_logger:107} INFO - F1-score on Non REM: 0.957
[2020-08-05 11:16:52,476] {result_logger:108} INFO - 
[2020-08-05 11:16:52,521] {result_logger:103} INFO - precision on Pre REM: 0.572
[2020-08-05 11:16:52,550] {result_logger:104} INFO - recall on Pre REM: 0.517
[2020-08-05 11:16:52,579] {result_logger:107} INFO - F1-score on Pre REM: 0.544
[2020-08-05 11:16:52,580] {result_logger:108} INFO - 
[2020-08-05 11:16:52,624] {result_logger:103} INFO - precision on Artifact: 0.635
[2020-08-05 11:16:52,655] {result_logger:104} INFO - recall on Artifact: 0.581
[2020-08-05 11:16:52,685] {result_logger:107} INFO - F1-score on Artifact: 0.607
[2020-08-05 11:16:52,685] {result_logger:108} INFO - 
[2020-08-05 11:16:52,691] {result_logger:111} INFO - average precision on sleep stages: 0.812
[2020-08-05 11:16:52,698] {result_logger:113} INFO - average recall on sleep stages: 0.794
[2020-08-05 11:16:52,705] {result_logger:115} INFO - average F1-score on sleep stages: 0.802
[2020-08-05 11:16:52,705] {evaluate_experiment:53} INFO - 
[2020-08-05 11:16:52,705] {result_logger:130} INFO - confusion matrix for sleep stages on dataset: test
[2020-08-05 11:16:52,727] {result_logger:134} INFO - 
[[17809    18   235     1    14]
 [   14  1800    41    57     3]
 [  561    32 13950   175    14]
 [    6   111   174   312     0]
 [    6     2    31     0    54]]
[2020-08-05 11:16:52,894] {result_logger:141} INFO - 
[[ 98.52%   0.10%   1.30%   0.01%   0.08%]
 [  0.73%  93.99%   2.14%   2.98%   0.16%]
 [  3.81%   0.22%  94.69%   1.19%   0.10%]
 [  1.00%  18.41%  28.86%  51.74%   0.00%]
 [  6.45%   2.15%  33.33%   0.00%  58.06%]]
[2020-08-05 11:16:53,008] {result_logger:145} INFO - 
[[ 96.81%   0.92%   1.63%   0.18%  16.47%]
 [  0.08%  91.70%   0.28%  10.46%   3.53%]
 [  3.05%   1.63%  96.67%  32.11%  16.47%]
 [  0.03%   5.65%   1.21%  57.25%   0.00%]
 [  0.03%   0.10%   0.21%   0.00%  63.53%]]
[2020-08-05 11:16:53,236] {result_logger:74} INFO - transformation matrix for sleep stages on dataset: test
[2020-08-05 11:16:53,236] {result_logger:77} INFO - actual:
[2020-08-05 11:16:53,236] {result_logger:78} INFO - 
[[95.23%  0.00%  4.74%  0.00%  0.04%]
 [16.50% 79.58%  3.45%  0.21%  0.26%]
 [ 3.57%  0.07% 92.69%  3.33%  0.35%]
 [ 2.99% 62.85% 16.09% 17.91%  0.17%]
 [ 2.15%  2.15% 63.44%  1.08% 31.18%]]
[2020-08-05 11:16:53,236] {result_logger:79} INFO - predicted:
[2020-08-05 11:16:53,236] {result_logger:80} INFO - 
[[94.57%  0.03%  5.31%  0.02%  0.07%]
 [16.35% 79.57%  3.57%  0.36%  0.15%]
 [ 4.57%  0.27% 92.18%  2.70%  0.28%]
 [ 0.73% 65.14%  7.34% 26.79%  0.00%]
 [15.29%  1.18% 50.59%  0.00% 32.94%]]
[2020-08-05 11:16:53,236] {logger:50} INFO - 
[2020-08-05 11:16:53,236] {logger:51} INFO - ================================================================================
[2020-08-05 11:16:53,236] {logger:52} INFO - finished evaluation
[2020-08-05 11:16:53,236] {logger:53} INFO - ================================================================================
[2020-08-05 11:16:53,236] {logger:54} INFO - 
