[2020-07-26 20:47:15,537] {logger:43} INFO - evaluate_experiment.py, args: Namespace(dataset='test', experiment='exp002b')
================================================================================
[2020-07-26 20:47:15,537] {logger:44} INFO - config:
[2020-07-26 20:47:15,537] {logger:45} INFO - parameter name      | parameter value
[2020-07-26 20:47:15,537] {logger:46} INFO - experiment          : exp002b
[2020-07-26 20:47:15,537] {logger:46} INFO - RUN_NAME            : exp002b_2020-07-26_20-47-15
[2020-07-26 20:47:15,537] {logger:46} INFO - DEVICE              : cuda
[2020-07-26 20:47:15,537] {logger:46} INFO - EXPERIMENT_DIR      : /home/users/grieger/seminar/mice_tuebingen/results/exp002b
[2020-07-26 20:47:15,537] {logger:46} INFO - MODELS_DIR          : /home/users/grieger/seminar/mice_tuebingen/results/exp002b/models
[2020-07-26 20:47:15,537] {logger:46} INFO - VISUALS_DIR         : /home/users/grieger/seminar/mice_tuebingen/results/exp002b/visuals/exp002b_2020-07-26_20-47-15
[2020-07-26 20:47:15,537] {logger:46} INFO - DATA_DIR            : /home/users/grieger/data_tuebingen_h5/data
[2020-07-26 20:47:15,537] {logger:46} INFO - SAMPLE_DURATION     : 10
[2020-07-26 20:47:15,537] {logger:46} INFO - SAMPLING_RATE       : 64
[2020-07-26 20:47:15,537] {logger:46} INFO - SCORING_MAP         : {'Wake': [1, 17], 'REM': [3, 19], 'Non REM': [2, 18], 'Pre REM': [4, 20], 'Artifact': [8, 24, 255]}
[2020-07-26 20:47:15,537] {logger:46} INFO - STAGE_MAP           : {'Wake': 'Wake', 'REM': 'REM', 'Non REM': 'Non REM', 'Pre REM': 'Non REM', 'Artifact': None}
[2020-07-26 20:47:15,537] {logger:46} INFO - DATA_SPLIT          : {'train': ['M19', 'M20', 'M21', 'M22', 'M23', 'M24', 'M25', 'M26', 'M27', 'M28', 'M29', 'M31', 'M32', 'M33'], 'valid': ['M34', 'M35'], 'test': ['M36', 'M37']}
[2020-07-26 20:47:15,538] {logger:46} INFO - DATA_FILE           : ./cache/dataset/data_tuebingen_main_stages.h5
[2020-07-26 20:47:15,538] {logger:46} INFO - STAGES              : ['Wake', 'REM', 'Non REM']
[2020-07-26 20:47:15,538] {logger:46} INFO - BALANCED_TRAINING   : True
[2020-07-26 20:47:15,538] {logger:46} INFO - BALANCING_WEIGHTS   : [0.41, 0.25, 0.34]
[2020-07-26 20:47:15,538] {logger:46} INFO - CHANNELS            : ['EEG_PR']
[2020-07-26 20:47:15,538] {logger:46} INFO - SAMPLES_LEFT        : 1
[2020-07-26 20:47:15,538] {logger:46} INFO - SAMPLES_RIGHT       : 1
[2020-07-26 20:47:15,538] {logger:46} INFO - LOG_INTERVAL        : 10
[2020-07-26 20:47:15,538] {logger:46} INFO - EXTRA_SAFE_MODELS   : False
[2020-07-26 20:47:15,538] {logger:46} INFO - BATCH_SIZE          : 256
[2020-07-26 20:47:15,538] {logger:46} INFO - DATA_FRACTION       : 1.0
[2020-07-26 20:47:15,538] {logger:46} INFO - DATA_FRACTION_STRAT : None
[2020-07-26 20:47:15,538] {logger:46} INFO - EPOCHS              : 50
[2020-07-26 20:47:15,538] {logger:46} INFO - WARMUP_EPOCHS       : 12
[2020-07-26 20:47:15,538] {logger:46} INFO - S_OPTIM_MODE        : exp
[2020-07-26 20:47:15,538] {logger:46} INFO - S_OPTIM_PARAS       : [0.06]
[2020-07-26 20:47:15,538] {logger:46} INFO - LEARNING_RATE       : 0.000256
[2020-07-26 20:47:15,538] {logger:46} INFO - OPTIMIZER           : <class 'torch.optim.adam.Adam'>
[2020-07-26 20:47:15,538] {logger:46} INFO - OPTIM_PARAS         : {}
[2020-07-26 20:47:15,538] {logger:46} INFO - L1_WEIGHT_DECAY     : 0
[2020-07-26 20:47:15,538] {logger:46} INFO - L2_WEIGHT_DECAY     : 0.0001
[2020-07-26 20:47:15,538] {logger:46} INFO - BATCH_SIZE_EVAL     : 512
[2020-07-26 20:47:15,538] {logger:46} INFO - FILTERS             : 64
[2020-07-26 20:47:15,538] {logger:46} INFO - CLASSIFIER_DROPOUT  : [0.0, 0.0]
[2020-07-26 20:47:15,538] {logger:46} INFO - FEATURE_EXTR_DROPOUT: [0.0, 0.0, 0.0, 0.0, 0.0, 0.0, 0.0, 0.0]
[2020-07-26 20:47:15,539] {logger:46} INFO - MODEL_NAME          : model_3conv_pool
[2020-07-26 20:47:15,539] {logger:46} INFO - GAIN                : 0.0
[2020-07-26 20:47:15,539] {logger:46} INFO - FLIP                : 0.0
[2020-07-26 20:47:15,539] {logger:46} INFO - FLIP_ALL            : 0.0
[2020-07-26 20:47:15,539] {logger:46} INFO - WINDOW_WARP_SIZE    : 0.0
[2020-07-26 20:47:15,539] {logger:46} INFO - FLIP_HORI           : 0.0
[2020-07-26 20:47:15,539] {logger:46} INFO - TIME_SHIFT          : 0.0
[2020-07-26 20:47:15,539] {logger:50} INFO - 
[2020-07-26 20:47:15,539] {logger:51} INFO - ================================================================================
[2020-07-26 20:47:15,539] {logger:52} INFO - evaluate best model of experiment exp002b on dataset test
[2020-07-26 20:47:15,539] {logger:53} INFO - ================================================================================
[2020-07-26 20:47:15,539] {logger:54} INFO - 
[2020-07-26 20:47:15,539] {logger:50} INFO - 
[2020-07-26 20:47:15,539] {logger:51} INFO - ================================================================================
[2020-07-26 20:47:15,539] {logger:52} INFO - start evaluation
[2020-07-26 20:47:15,539] {logger:53} INFO - ================================================================================
[2020-07-26 20:47:15,539] {logger:54} INFO - 
[2020-07-26 20:47:15,660] {dataloader:107} INFO - data distribution in database for dataset test:
	Wake                : 18077
	REM                 : 1915
	Non REM             : 15335
[2020-07-26 20:47:15,662] {dataloader:134} INFO - data distribution after processing:
	Wake                : 18077
	REM                 : 1915
	Non REM             : 15335
[2020-07-26 20:47:17,886] {evaluate_experiment:46} INFO - loaded model:
Model(
  (feature_extractor): Sequential(
    (0): BatchNorm1d(1, eps=1e-05, momentum=0.1, affine=True, track_running_stats=True)
    (1): ConstantPad1d(padding=(3, 4), value=0)
    (2): Conv1d(1, 128, kernel_size=(8,), stride=(1,))
    (3): ReLU(inplace=True)
    (4): BatchNorm1d(128, eps=1e-05, momentum=0.1, affine=True, track_running_stats=True)
    (5): ConstantPad1d(padding=(2, 2), value=0)
    (6): Conv1d(128, 256, kernel_size=(5,), stride=(1,))
    (7): ReLU(inplace=True)
    (8): BatchNorm1d(256, eps=1e-05, momentum=0.1, affine=True, track_running_stats=True)
    (9): ConstantPad1d(padding=(1, 1), value=0)
    (10): Conv1d(256, 128, kernel_size=(3,), stride=(1,))
    (11): ReLU(inplace=True)
    (12): BatchNorm1d(128, eps=1e-05, momentum=0.1, affine=True, track_running_stats=True)
    (13): AvgPool1d(kernel_size=(640,), stride=(640,), padding=(0,))
  )
  (classifier): Sequential(
    (0): Dropout(p=0.2, inplace=False)
    (1): Linear(in_features=384, out_features=3, bias=True)
  )
)
[2020-07-26 20:47:32,645] {result_logger:97} INFO - scores for sleep stages on dataset: test
[2020-07-26 20:47:32,711] {result_logger:103} INFO - precision on Wake: 0.953
[2020-07-26 20:47:32,742] {result_logger:104} INFO - recall on Wake: 0.984
[2020-07-26 20:47:32,772] {result_logger:107} INFO - F1-score on Wake: 0.968
[2020-07-26 20:47:32,772] {result_logger:108} INFO - 
[2020-07-26 20:47:32,819] {result_logger:103} INFO - precision on REM: 0.839
[2020-07-26 20:47:32,849] {result_logger:104} INFO - recall on REM: 0.951
[2020-07-26 20:47:32,878] {result_logger:107} INFO - F1-score on REM: 0.892
[2020-07-26 20:47:32,879] {result_logger:108} INFO - 
[2020-07-26 20:47:32,925] {result_logger:103} INFO - precision on Non REM: 0.981
[2020-07-26 20:47:32,956] {result_logger:104} INFO - recall on Non REM: 0.927
[2020-07-26 20:47:32,986] {result_logger:107} INFO - F1-score on Non REM: 0.954
[2020-07-26 20:47:32,986] {result_logger:108} INFO - 
[2020-07-26 20:47:32,992] {result_logger:111} INFO - average precision on sleep stages: 0.924
[2020-07-26 20:47:32,998] {result_logger:113} INFO - average recall on sleep stages: 0.954
[2020-07-26 20:47:33,004] {result_logger:115} INFO - average F1-score on sleep stages: 0.938
[2020-07-26 20:47:33,005] {evaluate_experiment:53} INFO - 
[2020-07-26 20:47:33,005] {result_logger:130} INFO - confusion matrix for sleep stages on dataset: test
[2020-07-26 20:47:33,028] {result_logger:134} INFO - 
[[17787    68   222]
 [   45  1822    48]
 [  834   282 14219]]
[2020-07-26 20:47:33,134] {result_logger:141} INFO - 
[[ 98.40%   0.38%   1.23%]
 [  2.35%  95.14%   2.51%]
 [  5.44%   1.84%  92.72%]]
[2020-07-26 20:47:33,222] {result_logger:145} INFO - 
[[ 95.29%   3.13%   1.53%]
 [  0.24%  83.89%   0.33%]
 [  4.47%  12.98%  98.14%]]
[2020-07-26 20:47:33,400] {result_logger:74} INFO - transformation matrix for sleep stages on dataset: test
[2020-07-26 20:47:33,400] {result_logger:77} INFO - actual:
[2020-07-26 20:47:33,400] {result_logger:78} INFO - 
[[95.23%  0.00%  4.77%]
 [16.55% 79.63%  3.81%]
 [ 3.55%  2.54% 93.91%]]
[2020-07-26 20:47:33,400] {result_logger:79} INFO - predicted:
[2020-07-26 20:47:33,400] {result_logger:80} INFO - 
[[95.01%  0.12%  4.88%]
 [16.11% 80.06%  3.82%]
 [ 4.01%  2.84% 93.15%]]
[2020-07-26 20:47:33,400] {logger:50} INFO - 
[2020-07-26 20:47:33,400] {logger:51} INFO - ================================================================================
[2020-07-26 20:47:33,400] {logger:52} INFO - finished evaluation
[2020-07-26 20:47:33,401] {logger:53} INFO - ================================================================================
[2020-07-26 20:47:33,401] {logger:54} INFO - 
