[2020-07-25 20:02:53,890] {logger:43} INFO - evaluate_experiment.py, args: Namespace(dataset='test', experiment='exp003b')
================================================================================
[2020-07-25 20:02:53,890] {logger:44} INFO - config:
[2020-07-25 20:02:53,890] {logger:45} INFO - parameter name      | parameter value
[2020-07-25 20:02:53,890] {logger:46} INFO - experiment          : exp003b
[2020-07-25 20:02:53,890] {logger:46} INFO - RUN_NAME            : exp003b_2020-07-25_20-02-53
[2020-07-25 20:02:53,890] {logger:46} INFO - DEVICE              : cuda
[2020-07-25 20:02:53,890] {logger:46} INFO - EXPERIMENT_DIR      : /home/users/grieger/seminar/mice_tuebingen/results/exp003b
[2020-07-25 20:02:53,891] {logger:46} INFO - MODELS_DIR          : /home/users/grieger/seminar/mice_tuebingen/results/exp003b/models
[2020-07-25 20:02:53,891] {logger:46} INFO - VISUALS_DIR         : /home/users/grieger/seminar/mice_tuebingen/results/exp003b/visuals/exp003b_2020-07-25_20-02-53
[2020-07-25 20:02:53,891] {logger:46} INFO - DATA_DIR            : /home/users/grieger/data_tuebingen_h5/data
[2020-07-25 20:02:53,891] {logger:46} INFO - SAMPLE_DURATION     : 10
[2020-07-25 20:02:53,891] {logger:46} INFO - SAMPLING_RATE       : 64
[2020-07-25 20:02:53,891] {logger:46} INFO - SCORING_MAP         : {'Wake': [1, 17], 'REM': [3, 19], 'Non REM': [2, 18], 'Pre REM': [4, 20], 'Artifact': [8, 24, 255]}
[2020-07-25 20:02:53,891] {logger:46} INFO - STAGE_MAP           : {'Wake': 'Wake', 'REM': 'REM', 'Non REM': 'Non REM', 'Pre REM': 'Pre REM', 'Artifact': 'Artifact'}
[2020-07-25 20:02:53,891] {logger:46} INFO - DATA_SPLIT          : {'train': ['M19', 'M20', 'M21', 'M22', 'M23', 'M24', 'M25', 'M26', 'M27', 'M28', 'M29', 'M31', 'M32', 'M33'], 'valid': ['M34', 'M35'], 'test': ['M36', 'M37']}
[2020-07-25 20:02:53,891] {logger:46} INFO - DATA_FILE           : ./cache/dataset/data_tuebingen.h5
[2020-07-25 20:02:53,891] {logger:46} INFO - STAGES              : ['Wake', 'REM', 'Non REM', 'Pre REM', 'Artifact']
[2020-07-25 20:02:53,891] {logger:46} INFO - BALANCED_TRAINING   : True
[2020-07-25 20:02:53,892] {logger:46} INFO - BALANCING_WEIGHTS   : [0.3, 0.18, 0.24, 0.14, 0.14]
[2020-07-25 20:02:53,892] {logger:46} INFO - CHANNELS            : ['EEG_PR']
[2020-07-25 20:02:53,892] {logger:46} INFO - SAMPLES_LEFT        : 1
[2020-07-25 20:02:53,892] {logger:46} INFO - SAMPLES_RIGHT       : 1
[2020-07-25 20:02:53,892] {logger:46} INFO - LOG_INTERVAL        : 10
[2020-07-25 20:02:53,892] {logger:46} INFO - EXTRA_SAFE_MODELS   : False
[2020-07-25 20:02:53,892] {logger:46} INFO - BATCH_SIZE          : 256
[2020-07-25 20:02:53,892] {logger:46} INFO - DATA_FRACTION       : 1.0
[2020-07-25 20:02:53,892] {logger:46} INFO - DATA_FRACTION_STRAT : None
[2020-07-25 20:02:53,892] {logger:46} INFO - EPOCHS              : 50
[2020-07-25 20:02:53,892] {logger:46} INFO - WARMUP_EPOCHS       : 12
[2020-07-25 20:02:53,893] {logger:46} INFO - S_OPTIM_MODE        : exp
[2020-07-25 20:02:53,893] {logger:46} INFO - S_OPTIM_PARAS       : [0.06]
[2020-07-25 20:02:53,893] {logger:46} INFO - LEARNING_RATE       : 0.000256
[2020-07-25 20:02:53,893] {logger:46} INFO - OPTIMIZER           : <class 'torch.optim.adam.Adam'>
[2020-07-25 20:02:53,893] {logger:46} INFO - OPTIM_PARAS         : {}
[2020-07-25 20:02:53,893] {logger:46} INFO - L1_WEIGHT_DECAY     : 0
[2020-07-25 20:02:53,893] {logger:46} INFO - L2_WEIGHT_DECAY     : 0.0001
[2020-07-25 20:02:53,893] {logger:46} INFO - BATCH_SIZE_EVAL     : 512
[2020-07-25 20:02:53,893] {logger:46} INFO - FILTERS             : 96
[2020-07-25 20:02:53,893] {logger:46} INFO - CLASSIFIER_DROPOUT  : [0.2, 0.2]
[2020-07-25 20:02:53,893] {logger:46} INFO - FEATURE_EXTR_DROPOUT: [0.0, 0.2, 0.0, 0.2, 0.0, 0.2, 0.0, 0.2]
[2020-07-25 20:02:53,894] {logger:46} INFO - MODEL_NAME          : model_8conv_2fc
[2020-07-25 20:02:53,894] {logger:46} INFO - GAIN                : 0.0
[2020-07-25 20:02:53,894] {logger:46} INFO - FLIP                : 0.0
[2020-07-25 20:02:53,894] {logger:46} INFO - FLIP_ALL            : 0.5
[2020-07-25 20:02:53,894] {logger:46} INFO - WINDOW_WARP_SIZE    : 0.0
[2020-07-25 20:02:53,894] {logger:46} INFO - FLIP_HORI           : 0.0
[2020-07-25 20:02:53,894] {logger:46} INFO - TIME_SHIFT          : 0.0
[2020-07-25 20:02:53,894] {logger:50} INFO - 
[2020-07-25 20:02:53,894] {logger:51} INFO - ================================================================================
[2020-07-25 20:02:53,894] {logger:52} INFO - evaluate best model of experiment exp003b on dataset test
[2020-07-25 20:02:53,895] {logger:53} INFO - ================================================================================
[2020-07-25 20:02:53,895] {logger:54} INFO - 
[2020-07-25 20:02:53,895] {logger:50} INFO - 
[2020-07-25 20:02:53,895] {logger:51} INFO - ================================================================================
[2020-07-25 20:02:53,895] {logger:52} INFO - start evaluation
[2020-07-25 20:02:53,895] {logger:53} INFO - ================================================================================
[2020-07-25 20:02:53,895] {logger:54} INFO - 
[2020-07-25 20:02:54,421] {dataloader:107} INFO - data distribution in database for dataset test:
	Wake                : 18077
	REM                 : 1915
	Non REM             : 14732
	Pre REM             : 603
	Artifact            : 93
[2020-07-25 20:02:54,424] {dataloader:134} INFO - data distribution after processing:
	Wake                : 18077
	REM                 : 1915
	Non REM             : 14732
	Pre REM             : 603
	Artifact            : 93
[2020-07-25 20:02:57,145] {evaluate_experiment:46} INFO - loaded model:
Model(
  (feature_extractor): Sequential(
    (0): BatchNorm1d(1, eps=1e-05, momentum=0.1, affine=True, track_running_stats=True)
    (1): Conv1d(1, 96, kernel_size=(5,), stride=(1,))
    (2): ReLU(inplace=True)
    (3): BatchNorm1d(96, eps=1e-05, momentum=0.1, affine=True, track_running_stats=True)
    (4): Dropout(p=0.0, inplace=False)
    (5): Conv1d(96, 96, kernel_size=(5,), stride=(2,))
    (6): ReLU(inplace=True)
    (7): BatchNorm1d(96, eps=1e-05, momentum=0.1, affine=True, track_running_stats=True)
    (8): Dropout(p=0.2, inplace=False)
    (9): Conv1d(96, 96, kernel_size=(5,), stride=(1,))
    (10): ReLU(inplace=True)
    (11): BatchNorm1d(96, eps=1e-05, momentum=0.1, affine=True, track_running_stats=True)
    (12): Dropout(p=0.0, inplace=False)
    (13): Conv1d(96, 96, kernel_size=(5,), stride=(2,))
    (14): ReLU(inplace=True)
    (15): BatchNorm1d(96, eps=1e-05, momentum=0.1, affine=True, track_running_stats=True)
    (16): Dropout(p=0.2, inplace=False)
    (17): Conv1d(96, 96, kernel_size=(5,), stride=(1,))
    (18): ReLU(inplace=True)
    (19): BatchNorm1d(96, eps=1e-05, momentum=0.1, affine=True, track_running_stats=True)
    (20): Dropout(p=0.0, inplace=False)
    (21): Conv1d(96, 96, kernel_size=(5,), stride=(2,))
    (22): ReLU(inplace=True)
    (23): BatchNorm1d(96, eps=1e-05, momentum=0.1, affine=True, track_running_stats=True)
    (24): Dropout(p=0.2, inplace=False)
    (25): Conv1d(96, 96, kernel_size=(5,), stride=(1,))
    (26): ReLU(inplace=True)
    (27): BatchNorm1d(96, eps=1e-05, momentum=0.1, affine=True, track_running_stats=True)
    (28): Dropout(p=0.0, inplace=False)
    (29): Conv1d(96, 96, kernel_size=(5,), stride=(2,))
    (30): ReLU(inplace=True)
    (31): BatchNorm1d(96, eps=1e-05, momentum=0.1, affine=True, track_running_stats=True)
    (32): Dropout(p=0.2, inplace=False)
  )
  (classifier): Sequential(
    (0): Dropout(p=0.2, inplace=False)
    (1): Linear(in_features=10848, out_features=80, bias=True)
    (2): ReLU(inplace=True)
    (3): Dropout(p=0.2, inplace=False)
    (4): Linear(in_features=80, out_features=5, bias=True)
  )
)
[2020-07-25 20:03:06,206] {result_logger:97} INFO - scores for sleep stages on dataset: test
[2020-07-25 20:03:06,272] {result_logger:103} INFO - precision on Wake: 0.968
[2020-07-25 20:03:06,303] {result_logger:104} INFO - recall on Wake: 0.980
[2020-07-25 20:03:06,335] {result_logger:107} INFO - F1-score on Wake: 0.974
[2020-07-25 20:03:06,335] {result_logger:108} INFO - 
[2020-07-25 20:03:06,380] {result_logger:103} INFO - precision on REM: 0.862
[2020-07-25 20:03:06,411] {result_logger:104} INFO - recall on REM: 0.954
[2020-07-25 20:03:06,444] {result_logger:107} INFO - F1-score on REM: 0.905
[2020-07-25 20:03:06,444] {result_logger:108} INFO - 
[2020-07-25 20:03:06,490] {result_logger:103} INFO - precision on Non REM: 0.970
[2020-07-25 20:03:06,520] {result_logger:104} INFO - recall on Non REM: 0.922
[2020-07-25 20:03:06,550] {result_logger:107} INFO - F1-score on Non REM: 0.945
[2020-07-25 20:03:06,551] {result_logger:108} INFO - 
[2020-07-25 20:03:06,597] {result_logger:103} INFO - precision on Pre REM: 0.415
[2020-07-25 20:03:06,627] {result_logger:104} INFO - recall on Pre REM: 0.605
[2020-07-25 20:03:06,657] {result_logger:107} INFO - F1-score on Pre REM: 0.492
[2020-07-25 20:03:06,657] {result_logger:108} INFO - 
[2020-07-25 20:03:06,704] {result_logger:103} INFO - precision on Artifact: 0.543
[2020-07-25 20:03:06,733] {result_logger:104} INFO - recall on Artifact: 0.613
[2020-07-25 20:03:06,762] {result_logger:107} INFO - F1-score on Artifact: 0.576
[2020-07-25 20:03:06,762] {result_logger:108} INFO - 
[2020-07-25 20:03:06,768] {result_logger:111} INFO - average precision on sleep stages: 0.751
[2020-07-25 20:03:06,775] {result_logger:113} INFO - average recall on sleep stages: 0.815
[2020-07-25 20:03:06,782] {result_logger:115} INFO - average F1-score on sleep stages: 0.779
[2020-07-25 20:03:06,782] {evaluate_experiment:53} INFO - 
[2020-07-25 20:03:06,782] {result_logger:130} INFO - confusion matrix for sleep stages on dataset: test
[2020-07-25 20:03:06,806] {result_logger:134} INFO - 
[[17719    68   266     0    24]
 [    5  1826    20    61     3]
 [  578    96 13584   453    21]
 [    4   126   108   365     0]
 [    7     3    25     1    57]]
[2020-07-25 20:03:06,998] {result_logger:141} INFO - 
[[ 98.02%   0.38%   1.47%   0.00%   0.13%]
 [  0.26%  95.35%   1.04%   3.19%   0.16%]
 [  3.92%   0.65%  92.21%   3.07%   0.14%]
 [  0.66%  20.90%  17.91%  60.53%   0.00%]
 [  7.53%   3.23%  26.88%   1.08%  61.29%]]
[2020-07-25 20:03:07,131] {result_logger:145} INFO - 
[[ 96.76%   3.21%   1.90%   0.00%  22.86%]
 [  0.03%  86.17%   0.14%   6.93%   2.86%]
 [  3.16%   4.53%  97.01%  51.48%  20.00%]
 [  0.02%   5.95%   0.77%  41.48%   0.00%]
 [  0.04%   0.14%   0.18%   0.11%  54.29%]]
[2020-07-25 20:03:07,415] {result_logger:74} INFO - transformation matrix for sleep stages on dataset: test
[2020-07-25 20:03:07,415] {result_logger:77} INFO - actual:
[2020-07-25 20:03:07,415] {result_logger:78} INFO - 
[[95.23%  0.00%  4.74%  0.00%  0.04%]
 [16.50% 79.58%  3.45%  0.21%  0.26%]
 [ 3.57%  0.07% 92.69%  3.33%  0.35%]
 [ 2.99% 62.85% 16.09% 17.91%  0.17%]
 [ 2.15%  2.15% 63.44%  1.08% 31.18%]]
[2020-07-25 20:03:07,415] {result_logger:79} INFO - predicted:
[2020-07-25 20:03:07,415] {result_logger:80} INFO - 
[[94.65%  0.14%  5.08%  0.03%  0.11%]
 [17.08% 76.36%  5.52%  0.76%  0.28%]
 [ 4.19%  0.37% 91.03%  4.14%  0.26%]
 [ 1.48% 47.95% 18.86% 31.48%  0.23%]
 [16.19%  1.90% 41.90%  1.90% 38.10%]]
[2020-07-25 20:03:07,416] {logger:50} INFO - 
[2020-07-25 20:03:07,416] {logger:51} INFO - ================================================================================
[2020-07-25 20:03:07,416] {logger:52} INFO - finished evaluation
[2020-07-25 20:03:07,416] {logger:53} INFO - ================================================================================
[2020-07-25 20:03:07,416] {logger:54} INFO - 
