[2020-08-05 11:17:30,800] {logger:43} INFO - evaluate_experiment.py, args: Namespace(dataset='test', experiment='exp006e')
================================================================================
[2020-08-05 11:17:30,800] {logger:44} INFO - config:
[2020-08-05 11:17:30,800] {logger:45} INFO - parameter name      | parameter value
[2020-08-05 11:17:30,800] {logger:46} INFO - experiment          : exp006e
[2020-08-05 11:17:30,800] {logger:46} INFO - RUN_NAME            : exp006e_2020-08-05_11-17-30
[2020-08-05 11:17:30,800] {logger:46} INFO - DEVICE              : cuda
[2020-08-05 11:17:30,800] {logger:46} INFO - EXPERIMENT_DIR      : /home/users/grieger/seminar/mice_tuebingen/results/exp006e
[2020-08-05 11:17:30,801] {logger:46} INFO - MODELS_DIR          : /home/users/grieger/seminar/mice_tuebingen/results/exp006e/models
[2020-08-05 11:17:30,801] {logger:46} INFO - VISUALS_DIR         : /home/users/grieger/seminar/mice_tuebingen/results/exp006e/visuals/exp006e_2020-08-05_11-17-30
[2020-08-05 11:17:30,801] {logger:46} INFO - DATA_DIR            : /home/users/grieger/data_tuebingen_h5/data
[2020-08-05 11:17:30,801] {logger:46} INFO - SAMPLE_DURATION     : 10
[2020-08-05 11:17:30,801] {logger:46} INFO - SAMPLING_RATE       : 64
[2020-08-05 11:17:30,801] {logger:46} INFO - SCORING_MAP         : {'Wake': [1, 17], 'REM': [3, 19], 'Non REM': [2, 18], 'Pre REM': [4, 20], 'Artifact': [8, 24, 255]}
[2020-08-05 11:17:30,801] {logger:46} INFO - STAGE_MAP           : {'Wake': 'Wake', 'REM': 'REM', 'Non REM': 'Non REM', 'Pre REM': 'Pre REM', 'Artifact': 'Artifact'}
[2020-08-05 11:17:30,801] {logger:46} INFO - DATA_SPLIT          : {'train': ['M19', 'M20', 'M21', 'M22', 'M23', 'M24', 'M25', 'M26', 'M27', 'M28', 'M29', 'M31', 'M32', 'M33'], 'valid': ['M34', 'M35'], 'test': ['M36', 'M37']}
[2020-08-05 11:17:30,801] {logger:46} INFO - DATA_FILE           : ./cache/dataset/data_tuebingen.h5
[2020-08-05 11:17:30,801] {logger:46} INFO - STAGES              : ['Wake', 'REM', 'Non REM', 'Pre REM', 'Artifact']
[2020-08-05 11:17:30,801] {logger:46} INFO - BALANCED_TRAINING   : False
[2020-08-05 11:17:30,801] {logger:46} INFO - BALANCING_WEIGHTS   : [0.3, 0.18, 0.24, 0.14, 0.14]
[2020-08-05 11:17:30,801] {logger:46} INFO - CHANNELS            : ['EEG_PR']
[2020-08-05 11:17:30,801] {logger:46} INFO - SAMPLES_LEFT        : 1
[2020-08-05 11:17:30,801] {logger:46} INFO - SAMPLES_RIGHT       : 1
[2020-08-05 11:17:30,801] {logger:46} INFO - LOG_INTERVAL        : 10
[2020-08-05 11:17:30,801] {logger:46} INFO - EXTRA_SAFE_MODELS   : False
[2020-08-05 11:17:30,801] {logger:46} INFO - BATCH_SIZE          : 256
[2020-08-05 11:17:30,801] {logger:46} INFO - DATA_FRACTION       : 1.0
[2020-08-05 11:17:30,801] {logger:46} INFO - DATA_FRACTION_STRAT : None
[2020-08-05 11:17:30,801] {logger:46} INFO - EPOCHS              : 50
[2020-08-05 11:17:30,801] {logger:46} INFO - WARMUP_EPOCHS       : 12
[2020-08-05 11:17:30,801] {logger:46} INFO - S_OPTIM_MODE        : exp
[2020-08-05 11:17:30,801] {logger:46} INFO - S_OPTIM_PARAS       : [0.06]
[2020-08-05 11:17:30,801] {logger:46} INFO - LEARNING_RATE       : 0.000256
[2020-08-05 11:17:30,801] {logger:46} INFO - OPTIMIZER           : <class 'torch.optim.adam.Adam'>
[2020-08-05 11:17:30,801] {logger:46} INFO - OPTIM_PARAS         : {}
[2020-08-05 11:17:30,801] {logger:46} INFO - L1_WEIGHT_DECAY     : 0
[2020-08-05 11:17:30,801] {logger:46} INFO - L2_WEIGHT_DECAY     : 0.0001
[2020-08-05 11:17:30,801] {logger:46} INFO - BATCH_SIZE_EVAL     : 512
[2020-08-05 11:17:30,801] {logger:46} INFO - FILTERS             : 96
[2020-08-05 11:17:30,801] {logger:46} INFO - CLASSIFIER_DROPOUT  : [0.2, 0.2]
[2020-08-05 11:17:30,802] {logger:46} INFO - FEATURE_EXTR_DROPOUT: [0.0, 0.2, 0.0, 0.2, 0.0, 0.2, 0.0, 0.2]
[2020-08-05 11:17:30,802] {logger:46} INFO - MODEL_NAME          : model_8conv_2fc
[2020-08-05 11:17:30,802] {logger:46} INFO - GAIN                : 0.5
[2020-08-05 11:17:30,802] {logger:46} INFO - FLIP                : 0.0
[2020-08-05 11:17:30,802] {logger:46} INFO - FLIP_ALL            : 0.5
[2020-08-05 11:17:30,802] {logger:46} INFO - WINDOW_WARP_SIZE    : 0.05
[2020-08-05 11:17:30,802] {logger:46} INFO - FLIP_HORI           : 0.0
[2020-08-05 11:17:30,802] {logger:46} INFO - TIME_SHIFT          : 0.06
[2020-08-05 11:17:30,802] {logger:50} INFO - 
[2020-08-05 11:17:30,802] {logger:51} INFO - ================================================================================
[2020-08-05 11:17:30,802] {logger:52} INFO - evaluate best model of experiment exp006e on dataset test
[2020-08-05 11:17:30,802] {logger:53} INFO - ================================================================================
[2020-08-05 11:17:30,802] {logger:54} INFO - 
[2020-08-05 11:17:30,802] {logger:50} INFO - 
[2020-08-05 11:17:30,802] {logger:51} INFO - ================================================================================
[2020-08-05 11:17:30,802] {logger:52} INFO - start evaluation
[2020-08-05 11:17:30,802] {logger:53} INFO - ================================================================================
[2020-08-05 11:17:30,802] {logger:54} INFO - 
[2020-08-05 11:17:31,437] {dataloader:107} INFO - data distribution in database for dataset test:
	Wake                : 18077
	REM                 : 1915
	Non REM             : 14732
	Pre REM             : 603
	Artifact            : 93
[2020-08-05 11:17:31,440] {dataloader:134} INFO - data distribution after processing:
	Wake                : 18077
	REM                 : 1915
	Non REM             : 14732
	Pre REM             : 603
	Artifact            : 93
[2020-08-05 11:17:33,407] {evaluate_experiment:46} INFO - loaded model:
Model(
  (feature_extractor): Sequential(
    (0): BatchNorm1d(1, eps=1e-05, momentum=0.1, affine=True, track_running_stats=True)
    (1): Conv1d(1, 96, kernel_size=(5,), stride=(1,))
    (2): ReLU(inplace=True)
    (3): BatchNorm1d(96, eps=1e-05, momentum=0.1, affine=True, track_running_stats=True)
    (4): Dropout(p=0.0, inplace=False)
    (5): Conv1d(96, 96, kernel_size=(5,), stride=(2,))
    (6): ReLU(inplace=True)
    (7): BatchNorm1d(96, eps=1e-05, momentum=0.1, affine=True, track_running_stats=True)
    (8): Dropout(p=0.2, inplace=False)
    (9): Conv1d(96, 96, kernel_size=(5,), stride=(1,))
    (10): ReLU(inplace=True)
    (11): BatchNorm1d(96, eps=1e-05, momentum=0.1, affine=True, track_running_stats=True)
    (12): Dropout(p=0.0, inplace=False)
    (13): Conv1d(96, 96, kernel_size=(5,), stride=(2,))
    (14): ReLU(inplace=True)
    (15): BatchNorm1d(96, eps=1e-05, momentum=0.1, affine=True, track_running_stats=True)
    (16): Dropout(p=0.2, inplace=False)
    (17): Conv1d(96, 96, kernel_size=(5,), stride=(1,))
    (18): ReLU(inplace=True)
    (19): BatchNorm1d(96, eps=1e-05, momentum=0.1, affine=True, track_running_stats=True)
    (20): Dropout(p=0.0, inplace=False)
    (21): Conv1d(96, 96, kernel_size=(5,), stride=(2,))
    (22): ReLU(inplace=True)
    (23): BatchNorm1d(96, eps=1e-05, momentum=0.1, affine=True, track_running_stats=True)
    (24): Dropout(p=0.2, inplace=False)
    (25): Conv1d(96, 96, kernel_size=(5,), stride=(1,))
    (26): ReLU(inplace=True)
    (27): BatchNorm1d(96, eps=1e-05, momentum=0.1, affine=True, track_running_stats=True)
    (28): Dropout(p=0.0, inplace=False)
    (29): Conv1d(96, 96, kernel_size=(5,), stride=(2,))
    (30): ReLU(inplace=True)
    (31): BatchNorm1d(96, eps=1e-05, momentum=0.1, affine=True, track_running_stats=True)
    (32): Dropout(p=0.2, inplace=False)
  )
  (classifier): Sequential(
    (0): Dropout(p=0.2, inplace=False)
    (1): Linear(in_features=10848, out_features=80, bias=True)
    (2): ReLU(inplace=True)
    (3): Dropout(p=0.2, inplace=False)
    (4): Linear(in_features=80, out_features=5, bias=True)
  )
)
[2020-08-05 11:17:38,901] {result_logger:97} INFO - scores for sleep stages on dataset: test
[2020-08-05 11:17:38,966] {result_logger:103} INFO - precision on Wake: 0.974
[2020-08-05 11:17:38,996] {result_logger:104} INFO - recall on Wake: 0.985
[2020-08-05 11:17:39,029] {result_logger:107} INFO - F1-score on Wake: 0.980
[2020-08-05 11:17:39,029] {result_logger:108} INFO - 
[2020-08-05 11:17:39,074] {result_logger:103} INFO - precision on REM: 0.907
[2020-08-05 11:17:39,117] {result_logger:104} INFO - recall on REM: 0.952
[2020-08-05 11:17:39,152] {result_logger:107} INFO - F1-score on REM: 0.929
[2020-08-05 11:17:39,152] {result_logger:108} INFO - 
[2020-08-05 11:17:39,202] {result_logger:103} INFO - precision on Non REM: 0.969
[2020-08-05 11:17:39,239] {result_logger:104} INFO - recall on Non REM: 0.955
[2020-08-05 11:17:39,272] {result_logger:107} INFO - F1-score on Non REM: 0.962
[2020-08-05 11:17:39,272] {result_logger:108} INFO - 
[2020-08-05 11:17:39,320] {result_logger:103} INFO - precision on Pre REM: 0.604
[2020-08-05 11:17:39,351] {result_logger:104} INFO - recall on Pre REM: 0.536
[2020-08-05 11:17:39,386] {result_logger:107} INFO - F1-score on Pre REM: 0.568
[2020-08-05 11:17:39,386] {result_logger:108} INFO - 
[2020-08-05 11:17:39,435] {result_logger:103} INFO - precision on Artifact: 0.629
[2020-08-05 11:17:39,466] {result_logger:104} INFO - recall on Artifact: 0.419
[2020-08-05 11:17:39,497] {result_logger:107} INFO - F1-score on Artifact: 0.503
[2020-08-05 11:17:39,497] {result_logger:108} INFO - 
[2020-08-05 11:17:39,504] {result_logger:111} INFO - average precision on sleep stages: 0.817
[2020-08-05 11:17:39,511] {result_logger:113} INFO - average recall on sleep stages: 0.770
[2020-08-05 11:17:39,518] {result_logger:115} INFO - average F1-score on sleep stages: 0.788
[2020-08-05 11:17:39,518] {evaluate_experiment:53} INFO - 
[2020-08-05 11:17:39,518] {result_logger:130} INFO - confusion matrix for sleep stages on dataset: test
[2020-08-05 11:17:39,541] {result_logger:134} INFO - 
[[17811    19   239     1     7]
 [   16  1823    25    47     4]
 [  438    42 14076   164    12]
 [    4   123   153   323     0]
 [   14     2    38     0    39]]
[2020-08-05 11:17:39,710] {result_logger:141} INFO - 
[[ 98.53%   0.11%   1.32%   0.01%   0.04%]
 [  0.84%  95.20%   1.31%   2.45%   0.21%]
 [  2.97%   0.29%  95.55%   1.11%   0.08%]
 [  0.66%  20.40%  25.37%  53.57%   0.00%]
 [ 15.05%   2.15%  40.86%   0.00%  41.94%]]
[2020-08-05 11:17:39,826] {result_logger:145} INFO - 
[[ 97.42%   0.95%   1.64%   0.19%  11.29%]
 [  0.09%  90.74%   0.17%   8.79%   6.45%]
 [  2.40%   2.09%  96.87%  30.65%  19.35%]
 [  0.02%   6.12%   1.05%  60.37%   0.00%]
 [  0.08%   0.10%   0.26%   0.00%  62.90%]]
[2020-08-05 11:17:40,068] {result_logger:74} INFO - transformation matrix for sleep stages on dataset: test
[2020-08-05 11:17:40,068] {result_logger:77} INFO - actual:
[2020-08-05 11:17:40,068] {result_logger:78} INFO - 
[[95.23%  0.00%  4.74%  0.00%  0.04%]
 [16.50% 79.58%  3.45%  0.21%  0.26%]
 [ 3.57%  0.07% 92.69%  3.33%  0.35%]
 [ 2.99% 62.85% 16.09% 17.91%  0.17%]
 [ 2.15%  2.15% 63.44%  1.08% 31.18%]]
[2020-08-05 11:17:40,068] {result_logger:79} INFO - predicted:
[2020-08-05 11:17:40,068] {result_logger:80} INFO - 
[[94.86%  0.05%  5.02%  0.01%  0.06%]
 [16.58% 78.60%  4.43%  0.10%  0.30%]
 [ 4.05%  0.28% 92.83%  2.67%  0.17%]
 [ 0.75% 70.65%  1.87% 26.73%  0.00%]
 [20.97%  4.84% 41.94%  0.00% 32.26%]]
[2020-08-05 11:17:40,068] {logger:50} INFO - 
[2020-08-05 11:17:40,068] {logger:51} INFO - ================================================================================
[2020-08-05 11:17:40,068] {logger:52} INFO - finished evaluation
[2020-08-05 11:17:40,068] {logger:53} INFO - ================================================================================
[2020-08-05 11:17:40,068] {logger:54} INFO - 
