[2020-07-25 20:02:37,852] {logger:43} INFO - evaluate_experiment.py, args: Namespace(dataset='test', experiment='exp003')
================================================================================
[2020-07-25 20:02:37,852] {logger:44} INFO - config:
[2020-07-25 20:02:37,852] {logger:45} INFO - parameter name      | parameter value
[2020-07-25 20:02:37,853] {logger:46} INFO - experiment          : exp003
[2020-07-25 20:02:37,853] {logger:46} INFO - RUN_NAME            : exp003_2020-07-25_20-02-37
[2020-07-25 20:02:37,853] {logger:46} INFO - DEVICE              : cuda
[2020-07-25 20:02:37,853] {logger:46} INFO - EXPERIMENT_DIR      : /home/users/grieger/seminar/mice_tuebingen/results/exp003
[2020-07-25 20:02:37,853] {logger:46} INFO - MODELS_DIR          : /home/users/grieger/seminar/mice_tuebingen/results/exp003/models
[2020-07-25 20:02:37,853] {logger:46} INFO - VISUALS_DIR         : /home/users/grieger/seminar/mice_tuebingen/results/exp003/visuals/exp003_2020-07-25_20-02-37
[2020-07-25 20:02:37,853] {logger:46} INFO - DATA_DIR            : /home/users/grieger/data_tuebingen_h5/data
[2020-07-25 20:02:37,853] {logger:46} INFO - SAMPLE_DURATION     : 10
[2020-07-25 20:02:37,853] {logger:46} INFO - SAMPLING_RATE       : 64
[2020-07-25 20:02:37,853] {logger:46} INFO - SCORING_MAP         : {'Wake': [1, 17], 'REM': [3, 19], 'Non REM': [2, 18], 'Pre REM': [4, 20], 'Artifact': [8, 24, 255]}
[2020-07-25 20:02:37,853] {logger:46} INFO - STAGE_MAP           : {'Wake': 'Wake', 'REM': 'REM', 'Non REM': 'Non REM', 'Pre REM': 'Pre REM', 'Artifact': 'Artifact'}
[2020-07-25 20:02:37,854] {logger:46} INFO - DATA_SPLIT          : {'train': ['M19', 'M20', 'M21', 'M22', 'M23', 'M24', 'M25', 'M26', 'M27', 'M28', 'M29', 'M31', 'M32', 'M33'], 'valid': ['M34', 'M35'], 'test': ['M36', 'M37']}
[2020-07-25 20:02:37,854] {logger:46} INFO - DATA_FILE           : ./cache/dataset/data_tuebingen.h5
[2020-07-25 20:02:37,854] {logger:46} INFO - STAGES              : ['Wake', 'REM', 'Non REM', 'Pre REM', 'Artifact']
[2020-07-25 20:02:37,854] {logger:46} INFO - BALANCED_TRAINING   : True
[2020-07-25 20:02:37,854] {logger:46} INFO - BALANCING_WEIGHTS   : [0.3, 0.18, 0.24, 0.14, 0.14]
[2020-07-25 20:02:37,854] {logger:46} INFO - CHANNELS            : ['EEG_PR']
[2020-07-25 20:02:37,854] {logger:46} INFO - SAMPLES_LEFT        : 1
[2020-07-25 20:02:37,854] {logger:46} INFO - SAMPLES_RIGHT       : 1
[2020-07-25 20:02:37,854] {logger:46} INFO - LOG_INTERVAL        : 10
[2020-07-25 20:02:37,854] {logger:46} INFO - EXTRA_SAFE_MODELS   : False
[2020-07-25 20:02:37,854] {logger:46} INFO - BATCH_SIZE          : 256
[2020-07-25 20:02:37,854] {logger:46} INFO - DATA_FRACTION       : 1.0
[2020-07-25 20:02:37,855] {logger:46} INFO - DATA_FRACTION_STRAT : None
[2020-07-25 20:02:37,855] {logger:46} INFO - EPOCHS              : 50
[2020-07-25 20:02:37,855] {logger:46} INFO - WARMUP_EPOCHS       : 12
[2020-07-25 20:02:37,855] {logger:46} INFO - S_OPTIM_MODE        : exp
[2020-07-25 20:02:37,855] {logger:46} INFO - S_OPTIM_PARAS       : [0.06]
[2020-07-25 20:02:37,855] {logger:46} INFO - LEARNING_RATE       : 0.000256
[2020-07-25 20:02:37,855] {logger:46} INFO - OPTIMIZER           : <class 'torch.optim.adam.Adam'>
[2020-07-25 20:02:37,855] {logger:46} INFO - OPTIM_PARAS         : {}
[2020-07-25 20:02:37,855] {logger:46} INFO - L1_WEIGHT_DECAY     : 0
[2020-07-25 20:02:37,855] {logger:46} INFO - L2_WEIGHT_DECAY     : 0.0001
[2020-07-25 20:02:37,855] {logger:46} INFO - BATCH_SIZE_EVAL     : 512
[2020-07-25 20:02:37,855] {logger:46} INFO - FILTERS             : 96
[2020-07-25 20:02:37,856] {logger:46} INFO - CLASSIFIER_DROPOUT  : [0.2, 0.2]
[2020-07-25 20:02:37,856] {logger:46} INFO - FEATURE_EXTR_DROPOUT: [0.0, 0.2, 0.0, 0.2, 0.0, 0.2, 0.0, 0.2]
[2020-07-25 20:02:37,856] {logger:46} INFO - MODEL_NAME          : model_8conv_2fc
[2020-07-25 20:02:37,856] {logger:46} INFO - GAIN                : 0.5
[2020-07-25 20:02:37,856] {logger:46} INFO - FLIP                : 0.0
[2020-07-25 20:02:37,856] {logger:46} INFO - FLIP_ALL            : 0.0
[2020-07-25 20:02:37,856] {logger:46} INFO - WINDOW_WARP_SIZE    : 0.0
[2020-07-25 20:02:37,856] {logger:46} INFO - FLIP_HORI           : 0.0
[2020-07-25 20:02:37,856] {logger:46} INFO - TIME_SHIFT          : 0.0
[2020-07-25 20:02:37,856] {logger:50} INFO - 
[2020-07-25 20:02:37,856] {logger:51} INFO - ================================================================================
[2020-07-25 20:02:37,856] {logger:52} INFO - evaluate best model of experiment exp003 on dataset test
[2020-07-25 20:02:37,857] {logger:53} INFO - ================================================================================
[2020-07-25 20:02:37,857] {logger:54} INFO - 
[2020-07-25 20:02:37,857] {logger:50} INFO - 
[2020-07-25 20:02:37,857] {logger:51} INFO - ================================================================================
[2020-07-25 20:02:37,857] {logger:52} INFO - start evaluation
[2020-07-25 20:02:37,857] {logger:53} INFO - ================================================================================
[2020-07-25 20:02:37,857] {logger:54} INFO - 
[2020-07-25 20:02:38,404] {dataloader:107} INFO - data distribution in database for dataset test:
	Wake                : 18077
	REM                 : 1915
	Non REM             : 14732
	Pre REM             : 603
	Artifact            : 93
[2020-07-25 20:02:38,406] {dataloader:134} INFO - data distribution after processing:
	Wake                : 18077
	REM                 : 1915
	Non REM             : 14732
	Pre REM             : 603
	Artifact            : 93
[2020-07-25 20:02:41,152] {evaluate_experiment:46} INFO - loaded model:
Model(
  (feature_extractor): Sequential(
    (0): BatchNorm1d(1, eps=1e-05, momentum=0.1, affine=True, track_running_stats=True)
    (1): Conv1d(1, 96, kernel_size=(5,), stride=(1,))
    (2): ReLU(inplace=True)
    (3): BatchNorm1d(96, eps=1e-05, momentum=0.1, affine=True, track_running_stats=True)
    (4): Dropout(p=0.0, inplace=False)
    (5): Conv1d(96, 96, kernel_size=(5,), stride=(2,))
    (6): ReLU(inplace=True)
    (7): BatchNorm1d(96, eps=1e-05, momentum=0.1, affine=True, track_running_stats=True)
    (8): Dropout(p=0.2, inplace=False)
    (9): Conv1d(96, 96, kernel_size=(5,), stride=(1,))
    (10): ReLU(inplace=True)
    (11): BatchNorm1d(96, eps=1e-05, momentum=0.1, affine=True, track_running_stats=True)
    (12): Dropout(p=0.0, inplace=False)
    (13): Conv1d(96, 96, kernel_size=(5,), stride=(2,))
    (14): ReLU(inplace=True)
    (15): BatchNorm1d(96, eps=1e-05, momentum=0.1, affine=True, track_running_stats=True)
    (16): Dropout(p=0.2, inplace=False)
    (17): Conv1d(96, 96, kernel_size=(5,), stride=(1,))
    (18): ReLU(inplace=True)
    (19): BatchNorm1d(96, eps=1e-05, momentum=0.1, affine=True, track_running_stats=True)
    (20): Dropout(p=0.0, inplace=False)
    (21): Conv1d(96, 96, kernel_size=(5,), stride=(2,))
    (22): ReLU(inplace=True)
    (23): BatchNorm1d(96, eps=1e-05, momentum=0.1, affine=True, track_running_stats=True)
    (24): Dropout(p=0.2, inplace=False)
    (25): Conv1d(96, 96, kernel_size=(5,), stride=(1,))
    (26): ReLU(inplace=True)
    (27): BatchNorm1d(96, eps=1e-05, momentum=0.1, affine=True, track_running_stats=True)
    (28): Dropout(p=0.0, inplace=False)
    (29): Conv1d(96, 96, kernel_size=(5,), stride=(2,))
    (30): ReLU(inplace=True)
    (31): BatchNorm1d(96, eps=1e-05, momentum=0.1, affine=True, track_running_stats=True)
    (32): Dropout(p=0.2, inplace=False)
  )
  (classifier): Sequential(
    (0): Dropout(p=0.2, inplace=False)
    (1): Linear(in_features=10848, out_features=80, bias=True)
    (2): ReLU(inplace=True)
    (3): Dropout(p=0.2, inplace=False)
    (4): Linear(in_features=80, out_features=5, bias=True)
  )
)
[2020-07-25 20:02:50,283] {result_logger:97} INFO - scores for sleep stages on dataset: test
[2020-07-25 20:02:50,347] {result_logger:103} INFO - precision on Wake: 0.943
[2020-07-25 20:02:50,377] {result_logger:104} INFO - recall on Wake: 0.986
[2020-07-25 20:02:50,407] {result_logger:107} INFO - F1-score on Wake: 0.964
[2020-07-25 20:02:50,407] {result_logger:108} INFO - 
[2020-07-25 20:02:50,452] {result_logger:103} INFO - precision on REM: 0.873
[2020-07-25 20:02:50,481] {result_logger:104} INFO - recall on REM: 0.948
[2020-07-25 20:02:50,510] {result_logger:107} INFO - F1-score on REM: 0.909
[2020-07-25 20:02:50,510] {result_logger:108} INFO - 
[2020-07-25 20:02:50,556] {result_logger:103} INFO - precision on Non REM: 0.975
[2020-07-25 20:02:50,586] {result_logger:104} INFO - recall on Non REM: 0.881
[2020-07-25 20:02:50,616] {result_logger:107} INFO - F1-score on Non REM: 0.926
[2020-07-25 20:02:50,616] {result_logger:108} INFO - 
[2020-07-25 20:02:50,661] {result_logger:103} INFO - precision on Pre REM: 0.342
[2020-07-25 20:02:50,692] {result_logger:104} INFO - recall on Pre REM: 0.549
[2020-07-25 20:02:50,722] {result_logger:107} INFO - F1-score on Pre REM: 0.421
[2020-07-25 20:02:50,722] {result_logger:108} INFO - 
[2020-07-25 20:02:50,766] {result_logger:103} INFO - precision on Artifact: 0.470
[2020-07-25 20:02:50,794] {result_logger:104} INFO - recall on Artifact: 0.753
[2020-07-25 20:02:50,826] {result_logger:107} INFO - F1-score on Artifact: 0.579
[2020-07-25 20:02:50,826] {result_logger:108} INFO - 
[2020-07-25 20:02:50,832] {result_logger:111} INFO - average precision on sleep stages: 0.721
[2020-07-25 20:02:50,839] {result_logger:113} INFO - average recall on sleep stages: 0.823
[2020-07-25 20:02:50,845] {result_logger:115} INFO - average F1-score on sleep stages: 0.760
[2020-07-25 20:02:50,846] {evaluate_experiment:53} INFO - 
[2020-07-25 20:02:50,846] {result_logger:130} INFO - confusion matrix for sleep stages on dataset: test
[2020-07-25 20:02:50,867] {result_logger:134} INFO - 
[[17827    42   186     2    20]
 [   20  1815    19    59     2]
 [ 1036    81 12985   576    54]
 [    9   138   122   331     3]
 [   12     2     9     0    70]]
[2020-07-25 20:02:51,034] {result_logger:141} INFO - 
[[ 98.62%   0.23%   1.03%   0.01%   0.11%]
 [  1.04%  94.78%   0.99%   3.08%   0.10%]
 [  7.03%   0.55%  88.14%   3.91%   0.37%]
 [  1.49%  22.89%  20.23%  54.89%   0.50%]
 [ 12.90%   2.15%   9.68%   0.00%  75.27%]]
[2020-07-25 20:02:51,146] {result_logger:145} INFO - 
[[ 94.30%   2.02%   1.40%   0.21%  13.42%]
 [  0.11%  87.34%   0.14%   6.10%   1.34%]
 [  5.48%   3.90%  97.48%  59.50%  36.24%]
 [  0.05%   6.64%   0.92%  34.19%   2.01%]
 [  0.06%   0.10%   0.07%   0.00%  46.98%]]
[2020-07-25 20:02:51,363] {result_logger:74} INFO - transformation matrix for sleep stages on dataset: test
[2020-07-25 20:02:51,363] {result_logger:77} INFO - actual:
[2020-07-25 20:02:51,363] {result_logger:78} INFO - 
[[95.23%  0.00%  4.74%  0.00%  0.04%]
 [16.50% 79.58%  3.45%  0.21%  0.26%]
 [ 3.57%  0.07% 92.69%  3.33%  0.35%]
 [ 2.99% 62.85% 16.09% 17.91%  0.17%]
 [ 2.15%  2.15% 63.44%  1.08% 31.18%]]
[2020-07-25 20:02:51,363] {result_logger:79} INFO - predicted:
[2020-07-25 20:02:51,363] {result_logger:80} INFO - 
[[94.06%  0.14%  5.60%  0.07%  0.13%]
 [17.81% 77.67%  4.04%  0.29%  0.19%]
 [ 5.09%  0.27% 89.33%  4.82%  0.49%]
 [ 4.03% 41.01% 23.24% 31.61%  0.10%]
 [22.82%  2.68% 36.91%  0.67% 36.91%]]
[2020-07-25 20:02:51,363] {logger:50} INFO - 
[2020-07-25 20:02:51,364] {logger:51} INFO - ================================================================================
[2020-07-25 20:02:51,364] {logger:52} INFO - finished evaluation
[2020-07-25 20:02:51,364] {logger:53} INFO - ================================================================================
[2020-07-25 20:02:51,364] {logger:54} INFO - 
