[2021-04-24 17:34:23,051] {logger:43} INFO - evaluate_experiment.py, args: Namespace(dataset='valid', experiment='exp001')
================================================================================
[2021-04-24 17:34:23,051] {logger:44} INFO - config:
[2021-04-24 17:34:23,051] {logger:45} INFO - parameter name      | parameter value
[2021-04-24 17:34:23,051] {logger:46} INFO - experiment          : exp001
[2021-04-24 17:34:23,051] {logger:46} INFO - RUN_NAME            : exp001_2021-04-24_17-34-23
[2021-04-24 17:34:23,052] {logger:46} INFO - DEVICE              : cuda
[2021-04-24 17:34:23,052] {logger:46} INFO - EXPERIMENT_DIR      : /home/users/grieger/mice_tuebingen/results/exp001
[2021-04-24 17:34:23,052] {logger:46} INFO - MODELS_DIR          : /home/users/grieger/mice_tuebingen/results/exp001/models
[2021-04-24 17:34:23,052] {logger:46} INFO - VISUALS_DIR         : /home/users/grieger/mice_tuebingen/results/exp001/visuals/exp001_2021-04-24_17-34-23
[2021-04-24 17:34:23,052] {logger:46} INFO - DATA_DIR            : /home/users/grieger/data_tuebingen_h5/data
[2021-04-24 17:34:23,052] {logger:46} INFO - SAMPLE_DURATION     : 10
[2021-04-24 17:34:23,052] {logger:46} INFO - SAMPLING_RATE       : 64
[2021-04-24 17:34:23,052] {logger:46} INFO - SCORING_MAP         : {'Wake': [1, 17], 'REM': [3, 19], 'Non REM': [2, 18], 'Pre REM': [4, 20], 'Artifact': [8, 24, 255]}
[2021-04-24 17:34:23,052] {logger:46} INFO - STAGE_MAP           : {'Wake': 'Wake', 'REM': 'REM', 'Non REM': 'Non REM', 'Pre REM': 'Pre REM', 'Artifact': 'Artifact'}
[2021-04-24 17:34:23,052] {logger:46} INFO - DATA_SPLIT          : {'train': [], 'valid': ['M34'], 'test': ['M36']}
[2021-04-24 17:34:23,052] {logger:46} INFO - DATA_FILE           : ./cache/dataset/data_tuebingen_test1.h5
[2021-04-24 17:34:23,053] {logger:46} INFO - STAGES              : ['Wake', 'REM', 'Non REM', 'Pre REM', 'Artifact']
[2021-04-24 17:34:23,053] {logger:46} INFO - BALANCED_TRAINING   : True
[2021-04-24 17:34:23,053] {logger:46} INFO - BALANCING_WEIGHTS   : [0.3, 0.18, 0.24, 0.14, 0.14]
[2021-04-24 17:34:23,053] {logger:46} INFO - CHANNELS            : ['EEG_PR']
[2021-04-24 17:34:23,053] {logger:46} INFO - SAMPLES_LEFT        : 1
[2021-04-24 17:34:23,053] {logger:46} INFO - SAMPLES_RIGHT       : 1
[2021-04-24 17:34:23,053] {logger:46} INFO - LOG_INTERVAL        : 10
[2021-04-24 17:34:23,053] {logger:46} INFO - EXTRA_SAFE_MODELS   : False
[2021-04-24 17:34:23,053] {logger:46} INFO - BATCH_SIZE          : 256
[2021-04-24 17:34:23,053] {logger:46} INFO - DATA_FRACTION       : 1.0
[2021-04-24 17:34:23,053] {logger:46} INFO - DATA_FRACTION_STRAT : None
[2021-04-24 17:34:23,053] {logger:46} INFO - EPOCHS              : 50
[2021-04-24 17:34:23,054] {logger:46} INFO - WARMUP_EPOCHS       : 12
[2021-04-24 17:34:23,054] {logger:46} INFO - S_OPTIM_MODE        : exp
[2021-04-24 17:34:23,054] {logger:46} INFO - S_OPTIM_PARAS       : [0.06]
[2021-04-24 17:34:23,054] {logger:46} INFO - LEARNING_RATE       : 0.000256
[2021-04-24 17:34:23,054] {logger:46} INFO - OPTIMIZER           : <class 'torch.optim.adam.Adam'>
[2021-04-24 17:34:23,054] {logger:46} INFO - OPTIM_PARAS         : {}
[2021-04-24 17:34:23,054] {logger:46} INFO - L1_WEIGHT_DECAY     : 0
[2021-04-24 17:34:23,054] {logger:46} INFO - L2_WEIGHT_DECAY     : 0.0001
[2021-04-24 17:34:23,054] {logger:46} INFO - BATCH_SIZE_EVAL     : 512
[2021-04-24 17:34:23,054] {logger:46} INFO - FILTERS             : 96
[2021-04-24 17:34:23,054] {logger:46} INFO - CLASSIFIER_DROPOUT  : [0.2, 0.2]
[2021-04-24 17:34:23,054] {logger:46} INFO - FEATURE_EXTR_DROPOUT: [0.0, 0.2, 0.0, 0.2, 0.0, 0.2, 0.0, 0.2]
[2021-04-24 17:34:23,055] {logger:46} INFO - MODEL_NAME          : model_8conv_2fc
[2021-04-24 17:34:23,055] {logger:46} INFO - GAIN                : 0.0
[2021-04-24 17:34:23,055] {logger:46} INFO - FLIP                : 0.0
[2021-04-24 17:34:23,055] {logger:46} INFO - FLIP_ALL            : 0.0
[2021-04-24 17:34:23,055] {logger:46} INFO - WINDOW_WARP_SIZE    : 0.0
[2021-04-24 17:34:23,055] {logger:46} INFO - FLIP_HORI           : 0.0
[2021-04-24 17:34:23,055] {logger:46} INFO - TIME_SHIFT          : 0.0
[2021-04-24 17:34:23,055] {logger:50} INFO - 
[2021-04-24 17:34:23,055] {logger:51} INFO - ================================================================================
[2021-04-24 17:34:23,055] {logger:52} INFO - evaluate best model of experiment exp001 on dataset valid
[2021-04-24 17:34:23,055] {logger:53} INFO - ================================================================================
[2021-04-24 17:34:23,055] {logger:54} INFO - 
[2021-04-24 17:34:23,056] {logger:50} INFO - 
[2021-04-24 17:34:23,056] {logger:51} INFO - ================================================================================
[2021-04-24 17:34:23,056] {logger:52} INFO - start evaluation
[2021-04-24 17:34:23,056] {logger:53} INFO - ================================================================================
[2021-04-24 17:34:23,056] {logger:54} INFO - 
[2021-04-24 17:34:23,197] {dataloader:107} INFO - data distribution in database for dataset valid:
	Wake                : 14530
	REM                 : 1208
	Non REM             : 9788
	Pre REM             : 349
	Artifact            : 195
[2021-04-24 17:34:23,199] {dataloader:134} INFO - data distribution after processing:
	Wake                : 14530
	REM                 : 1208
	Non REM             : 9788
	Pre REM             : 349
	Artifact            : 195
[2021-04-24 17:34:24,913] {evaluate_experiment:46} INFO - loaded model:
Model(
  (feature_extractor): Sequential(
    (0): BatchNorm1d(1, eps=1e-05, momentum=0.1, affine=True, track_running_stats=True)
    (1): Conv1d(1, 96, kernel_size=(5,), stride=(1,))
    (2): ReLU(inplace=True)
    (3): BatchNorm1d(96, eps=1e-05, momentum=0.1, affine=True, track_running_stats=True)
    (4): Dropout(p=0.0, inplace=False)
    (5): Conv1d(96, 96, kernel_size=(5,), stride=(2,))
    (6): ReLU(inplace=True)
    (7): BatchNorm1d(96, eps=1e-05, momentum=0.1, affine=True, track_running_stats=True)
    (8): Dropout(p=0.2, inplace=False)
    (9): Conv1d(96, 96, kernel_size=(5,), stride=(1,))
    (10): ReLU(inplace=True)
    (11): BatchNorm1d(96, eps=1e-05, momentum=0.1, affine=True, track_running_stats=True)
    (12): Dropout(p=0.0, inplace=False)
    (13): Conv1d(96, 96, kernel_size=(5,), stride=(2,))
    (14): ReLU(inplace=True)
    (15): BatchNorm1d(96, eps=1e-05, momentum=0.1, affine=True, track_running_stats=True)
    (16): Dropout(p=0.2, inplace=False)
    (17): Conv1d(96, 96, kernel_size=(5,), stride=(1,))
    (18): ReLU(inplace=True)
    (19): BatchNorm1d(96, eps=1e-05, momentum=0.1, affine=True, track_running_stats=True)
    (20): Dropout(p=0.0, inplace=False)
    (21): Conv1d(96, 96, kernel_size=(5,), stride=(2,))
    (22): ReLU(inplace=True)
    (23): BatchNorm1d(96, eps=1e-05, momentum=0.1, affine=True, track_running_stats=True)
    (24): Dropout(p=0.2, inplace=False)
    (25): Conv1d(96, 96, kernel_size=(5,), stride=(1,))
    (26): ReLU(inplace=True)
    (27): BatchNorm1d(96, eps=1e-05, momentum=0.1, affine=True, track_running_stats=True)
    (28): Dropout(p=0.0, inplace=False)
    (29): Conv1d(96, 96, kernel_size=(5,), stride=(2,))
    (30): ReLU(inplace=True)
    (31): BatchNorm1d(96, eps=1e-05, momentum=0.1, affine=True, track_running_stats=True)
    (32): Dropout(p=0.2, inplace=False)
  )
  (classifier): Sequential(
    (0): Dropout(p=0.2, inplace=False)
    (1): Linear(in_features=10848, out_features=80, bias=True)
    (2): ReLU(inplace=True)
    (3): Dropout(p=0.2, inplace=False)
    (4): Linear(in_features=80, out_features=5, bias=True)
  )
)
