[2021-04-22 18:22:39,303] {logger:43} INFO - evaluate_experiment.py, args: Namespace(dataset='valid', experiment='exp001')
================================================================================
[2021-04-22 18:22:39,304] {logger:44} INFO - config:
[2021-04-22 18:22:39,304] {logger:45} INFO - parameter name      | parameter value
[2021-04-22 18:22:39,304] {logger:46} INFO - experiment          : exp001
[2021-04-22 18:22:39,304] {logger:46} INFO - RUN_NAME            : exp001_2021-04-22_18-22-39
[2021-04-22 18:22:39,304] {logger:46} INFO - DEVICE              : cuda
[2021-04-22 18:22:39,304] {logger:46} INFO - EXPERIMENT_DIR      : /home/users/grieger/mice_tuebingen/results/exp001
[2021-04-22 18:22:39,304] {logger:46} INFO - MODELS_DIR          : /home/users/grieger/mice_tuebingen/results/exp001/models
[2021-04-22 18:22:39,304] {logger:46} INFO - VISUALS_DIR         : /home/users/grieger/mice_tuebingen/results/exp001/visuals/exp001_2021-04-22_18-22-39
[2021-04-22 18:22:39,304] {logger:46} INFO - DATA_DIR            : /home/users/grieger/data_tuebingen_h5/data
[2021-04-22 18:22:39,305] {logger:46} INFO - SAMPLE_DURATION     : 10
[2021-04-22 18:22:39,305] {logger:46} INFO - SAMPLING_RATE       : 64
[2021-04-22 18:22:39,305] {logger:46} INFO - SCORING_MAP         : {'Wake': [1, 17], 'REM': [3, 19], 'Non REM': [2, 18], 'Pre REM': [4, 20], 'Artifact': [8, 24]}
[2021-04-22 18:22:39,305] {logger:46} INFO - STAGE_MAP           : {'Wake': 'Wake', 'REM': 'REM', 'Non REM': 'Non REM', 'Pre REM': 'Pre REM', 'Artifact': 'Artifact'}
[2021-04-22 18:22:39,305] {logger:46} INFO - DATA_SPLIT          : {'train': [], 'valid': ['M35'], 'test': ['M37']}
[2021-04-22 18:22:39,305] {logger:46} INFO - DATA_FILE           : ./cache/dataset/data_tuebingen_test2.h5
[2021-04-22 18:22:39,305] {logger:46} INFO - STAGES              : ['Wake', 'REM', 'Non REM', 'Pre REM', 'Artifact']
[2021-04-22 18:22:39,305] {logger:46} INFO - BALANCED_TRAINING   : True
[2021-04-22 18:22:39,305] {logger:46} INFO - BALANCING_WEIGHTS   : [0.3, 0.18, 0.24, 0.14, 0.14]
[2021-04-22 18:22:39,305] {logger:46} INFO - CHANNELS            : ['EEG_PR']
[2021-04-22 18:22:39,306] {logger:46} INFO - SAMPLES_LEFT        : 1
[2021-04-22 18:22:39,306] {logger:46} INFO - SAMPLES_RIGHT       : 1
[2021-04-22 18:22:39,306] {logger:46} INFO - LOG_INTERVAL        : 10
[2021-04-22 18:22:39,306] {logger:46} INFO - EXTRA_SAFE_MODELS   : False
[2021-04-22 18:22:39,306] {logger:46} INFO - BATCH_SIZE          : 256
[2021-04-22 18:22:39,306] {logger:46} INFO - DATA_FRACTION       : 1.0
[2021-04-22 18:22:39,306] {logger:46} INFO - DATA_FRACTION_STRAT : None
[2021-04-22 18:22:39,306] {logger:46} INFO - EPOCHS              : 50
[2021-04-22 18:22:39,306] {logger:46} INFO - WARMUP_EPOCHS       : 12
[2021-04-22 18:22:39,306] {logger:46} INFO - S_OPTIM_MODE        : exp
[2021-04-22 18:22:39,306] {logger:46} INFO - S_OPTIM_PARAS       : [0.06]
[2021-04-22 18:22:39,307] {logger:46} INFO - LEARNING_RATE       : 0.000256
[2021-04-22 18:22:39,307] {logger:46} INFO - OPTIMIZER           : <class 'torch.optim.adam.Adam'>
[2021-04-22 18:22:39,307] {logger:46} INFO - OPTIM_PARAS         : {}
[2021-04-22 18:22:39,307] {logger:46} INFO - L1_WEIGHT_DECAY     : 0
[2021-04-22 18:22:39,307] {logger:46} INFO - L2_WEIGHT_DECAY     : 0.0001
[2021-04-22 18:22:39,307] {logger:46} INFO - BATCH_SIZE_EVAL     : 512
[2021-04-22 18:22:39,307] {logger:46} INFO - FILTERS             : 96
[2021-04-22 18:22:39,307] {logger:46} INFO - CLASSIFIER_DROPOUT  : [0.2, 0.2]
[2021-04-22 18:22:39,307] {logger:46} INFO - FEATURE_EXTR_DROPOUT: [0.0, 0.2, 0.0, 0.2, 0.0, 0.2, 0.0, 0.2]
[2021-04-22 18:22:39,307] {logger:46} INFO - MODEL_NAME          : model_8conv_2fc
[2021-04-22 18:22:39,307] {logger:46} INFO - GAIN                : 0.0
[2021-04-22 18:22:39,308] {logger:46} INFO - FLIP                : 0.0
[2021-04-22 18:22:39,308] {logger:46} INFO - FLIP_ALL            : 0.0
[2021-04-22 18:22:39,308] {logger:46} INFO - WINDOW_WARP_SIZE    : 0.0
[2021-04-22 18:22:39,308] {logger:46} INFO - FLIP_HORI           : 0.0
[2021-04-22 18:22:39,308] {logger:46} INFO - TIME_SHIFT          : 0.0
[2021-04-22 18:22:39,308] {logger:50} INFO - 
[2021-04-22 18:22:39,308] {logger:51} INFO - ================================================================================
[2021-04-22 18:22:39,308] {logger:52} INFO - evaluate best model of experiment exp001 on dataset valid
[2021-04-22 18:22:39,308] {logger:53} INFO - ================================================================================
[2021-04-22 18:22:39,308] {logger:54} INFO - 
[2021-04-22 18:22:39,309] {logger:50} INFO - 
[2021-04-22 18:22:39,309] {logger:51} INFO - ================================================================================
[2021-04-22 18:22:39,309] {logger:52} INFO - start evaluation
[2021-04-22 18:22:39,309] {logger:53} INFO - ================================================================================
[2021-04-22 18:22:39,309] {logger:54} INFO - 
[2021-04-22 18:22:39,470] {dataloader:107} INFO - data distribution in database for dataset valid:
	Wake                : 13852
	REM                 : 1336
	Non REM             : 10164
	Pre REM             : 403
	Artifact            : 310
[2021-04-22 18:22:39,472] {dataloader:134} INFO - data distribution after processing:
	Wake                : 13852
	REM                 : 1336
	Non REM             : 10164
	Pre REM             : 403
	Artifact            : 310
[2021-04-22 18:22:41,208] {evaluate_experiment:46} INFO - loaded model:
Model(
  (feature_extractor): Sequential(
    (0): BatchNorm1d(1, eps=1e-05, momentum=0.1, affine=True, track_running_stats=True)
    (1): Conv1d(1, 96, kernel_size=(5,), stride=(1,))
    (2): ReLU(inplace=True)
    (3): BatchNorm1d(96, eps=1e-05, momentum=0.1, affine=True, track_running_stats=True)
    (4): Dropout(p=0.0, inplace=False)
    (5): Conv1d(96, 96, kernel_size=(5,), stride=(2,))
    (6): ReLU(inplace=True)
    (7): BatchNorm1d(96, eps=1e-05, momentum=0.1, affine=True, track_running_stats=True)
    (8): Dropout(p=0.2, inplace=False)
    (9): Conv1d(96, 96, kernel_size=(5,), stride=(1,))
    (10): ReLU(inplace=True)
    (11): BatchNorm1d(96, eps=1e-05, momentum=0.1, affine=True, track_running_stats=True)
    (12): Dropout(p=0.0, inplace=False)
    (13): Conv1d(96, 96, kernel_size=(5,), stride=(2,))
    (14): ReLU(inplace=True)
    (15): BatchNorm1d(96, eps=1e-05, momentum=0.1, affine=True, track_running_stats=True)
    (16): Dropout(p=0.2, inplace=False)
    (17): Conv1d(96, 96, kernel_size=(5,), stride=(1,))
    (18): ReLU(inplace=True)
    (19): BatchNorm1d(96, eps=1e-05, momentum=0.1, affine=True, track_running_stats=True)
    (20): Dropout(p=0.0, inplace=False)
    (21): Conv1d(96, 96, kernel_size=(5,), stride=(2,))
    (22): ReLU(inplace=True)
    (23): BatchNorm1d(96, eps=1e-05, momentum=0.1, affine=True, track_running_stats=True)
    (24): Dropout(p=0.2, inplace=False)
    (25): Conv1d(96, 96, kernel_size=(5,), stride=(1,))
    (26): ReLU(inplace=True)
    (27): BatchNorm1d(96, eps=1e-05, momentum=0.1, affine=True, track_running_stats=True)
    (28): Dropout(p=0.0, inplace=False)
    (29): Conv1d(96, 96, kernel_size=(5,), stride=(2,))
    (30): ReLU(inplace=True)
    (31): BatchNorm1d(96, eps=1e-05, momentum=0.1, affine=True, track_running_stats=True)
    (32): Dropout(p=0.2, inplace=False)
  )
  (classifier): Sequential(
    (0): Dropout(p=0.2, inplace=False)
    (1): Linear(in_features=10848, out_features=80, bias=True)
    (2): ReLU(inplace=True)
    (3): Dropout(p=0.2, inplace=False)
    (4): Linear(in_features=80, out_features=5, bias=True)
  )
)
[2021-04-22 18:22:44,732] {result_logger:97} INFO - scores for sleep stages on dataset: valid
[2021-04-22 18:22:44,780] {result_logger:103} INFO - precision on Wake: 0.982
[2021-04-22 18:22:44,803] {result_logger:104} INFO - recall on Wake: 0.978
[2021-04-22 18:22:44,826] {result_logger:107} INFO - F1-score on Wake: 0.980
[2021-04-22 18:22:44,826] {result_logger:108} INFO - 
[2021-04-22 18:22:44,860] {result_logger:103} INFO - precision on REM: 0.892
[2021-04-22 18:22:44,884] {result_logger:104} INFO - recall on REM: 0.924
[2021-04-22 18:22:44,907] {result_logger:107} INFO - F1-score on REM: 0.908
[2021-04-22 18:22:44,907] {result_logger:108} INFO - 
[2021-04-22 18:22:44,942] {result_logger:103} INFO - precision on Non REM: 0.965
[2021-04-22 18:22:44,966] {result_logger:104} INFO - recall on Non REM: 0.955
[2021-04-22 18:22:44,989] {result_logger:107} INFO - F1-score on Non REM: 0.960
[2021-04-22 18:22:44,989] {result_logger:108} INFO - 
[2021-04-22 18:22:45,024] {result_logger:103} INFO - precision on Pre REM: 0.486
[2021-04-22 18:22:45,047] {result_logger:104} INFO - recall on Pre REM: 0.509
[2021-04-22 18:22:45,070] {result_logger:107} INFO - F1-score on Pre REM: 0.497
[2021-04-22 18:22:45,070] {result_logger:108} INFO - 
[2021-04-22 18:22:45,104] {result_logger:103} INFO - precision on Artifact: 0.686
[2021-04-22 18:22:45,127] {result_logger:104} INFO - recall on Artifact: 0.903
[2021-04-22 18:22:45,149] {result_logger:107} INFO - F1-score on Artifact: 0.780
[2021-04-22 18:22:45,149] {result_logger:108} INFO - 
[2021-04-22 18:22:45,154] {result_logger:111} INFO - average precision on sleep stages: 0.802
[2021-04-22 18:22:45,159] {result_logger:113} INFO - average recall on sleep stages: 0.854
[2021-04-22 18:22:45,164] {result_logger:115} INFO - average F1-score on sleep stages: 0.825
[2021-04-22 18:22:45,165] {evaluate_experiment:53} INFO - 
[2021-04-22 18:22:45,165] {result_logger:130} INFO - confusion matrix for sleep stages on dataset: valid
[2021-04-22 18:22:45,180] {result_logger:134} INFO - 
[[13556    21   212     1    65]
 [    9  1235    24    62     6]
 [  222    31  9703   153    54]
 [    1    94   101   205     2]
 [   13     3    13     1   278]]
[2021-04-22 18:22:45,341] {result_logger:141} INFO - 
[[ 97.84%   0.15%   1.53%   0.01%   0.47%]
 [  0.67%  92.44%   1.80%   4.64%   0.45%]
 [  2.18%   0.31%  95.47%   1.51%   0.53%]
 [  0.25%  23.33%  25.06%  50.87%   0.50%]
 [  4.22%   0.97%   4.22%   0.32%  90.26%]]
[2021-04-22 18:22:45,444] {result_logger:145} INFO - 
[[ 98.22%   1.52%   2.11%   0.24%  16.05%]
 [  0.07%  89.23%   0.24%  14.69%   1.48%]
 [  1.61%   2.24%  96.52%  36.26%  13.33%]
 [  0.01%   6.79%   1.00%  48.58%   0.49%]
 [  0.09%   0.22%   0.13%   0.24%  68.64%]]
[2021-04-22 18:22:45,653] {result_logger:74} INFO - transformation matrix for sleep stages on dataset: valid
[2021-04-22 18:22:45,653] {result_logger:77} INFO - actual:
[2021-04-22 18:22:45,653] {result_logger:78} INFO - 
[[95.52%  0.01%  4.38%  0.01%  0.09%]
 [14.97% 80.46%  3.97%  0.00%  0.60%]
 [ 3.92%  0.03% 91.83%  3.12%  1.10%]
 [ 2.73% 60.30% 16.13% 20.10%  0.74%]
 [ 3.90%  4.55% 34.09%  1.30% 56.17%]]
[2021-04-22 18:22:45,653] {result_logger:79} INFO - predicted:
[2021-04-22 18:22:45,653] {result_logger:80} INFO - 
[[95.26%  0.04%  4.39%  0.01%  0.30%]
 [15.25% 78.90%  4.26%  0.65%  0.94%]
 [ 3.98%  0.21% 91.78%  2.73%  1.30%]
 [ 0.95% 58.53%  6.87% 31.99%  1.66%]
 [ 9.88%  4.69% 32.35%  0.74% 52.35%]]
[2021-04-22 18:22:45,653] {logger:50} INFO - 
[2021-04-22 18:22:45,653] {logger:51} INFO - ================================================================================
[2021-04-22 18:22:45,653] {logger:52} INFO - finished evaluation
[2021-04-22 18:22:45,653] {logger:53} INFO - ================================================================================
[2021-04-22 18:22:45,653] {logger:54} INFO - 
