[2021-04-24 17:32:27,729] {logger:43} INFO - evaluate_experiment.py, args: Namespace(dataset='test', experiment='exp001')
================================================================================
[2021-04-24 17:32:27,729] {logger:44} INFO - config:
[2021-04-24 17:32:27,730] {logger:45} INFO - parameter name      | parameter value
[2021-04-24 17:32:27,730] {logger:46} INFO - experiment          : exp001
[2021-04-24 17:32:27,730] {logger:46} INFO - RUN_NAME            : exp001_2021-04-24_17-32-27
[2021-04-24 17:32:27,730] {logger:46} INFO - DEVICE              : cuda
[2021-04-24 17:32:27,730] {logger:46} INFO - EXPERIMENT_DIR      : /home/users/grieger/mice_tuebingen/results/exp001
[2021-04-24 17:32:27,730] {logger:46} INFO - MODELS_DIR          : /home/users/grieger/mice_tuebingen/results/exp001/models
[2021-04-24 17:32:27,730] {logger:46} INFO - VISUALS_DIR         : /home/users/grieger/mice_tuebingen/results/exp001/visuals/exp001_2021-04-24_17-32-27
[2021-04-24 17:32:27,730] {logger:46} INFO - DATA_DIR            : /home/users/grieger/data_tuebingen_h5/data
[2021-04-24 17:32:27,730] {logger:46} INFO - SAMPLE_DURATION     : 10
[2021-04-24 17:32:27,730] {logger:46} INFO - SAMPLING_RATE       : 64
[2021-04-24 17:32:27,730] {logger:46} INFO - SCORING_MAP         : {'Wake': [1, 17], 'REM': [3, 19], 'Non REM': [2, 18], 'Pre REM': [4, 20], 'Artifact': [8, 24, 255]}
[2021-04-24 17:32:27,731] {logger:46} INFO - STAGE_MAP           : {'Wake': 'Wake', 'REM': 'REM', 'Non REM': 'Non REM', 'Pre REM': 'Pre REM', 'Artifact': 'Artifact'}
[2021-04-24 17:32:27,731] {logger:46} INFO - DATA_SPLIT          : {'train': [], 'valid': [], 'test': ['M36', 'M37']}
[2021-04-24 17:32:27,731] {logger:46} INFO - DATA_FILE           : ./cache/dataset/data_tuebingen_test_all.h5
[2021-04-24 17:32:27,731] {logger:46} INFO - STAGES              : ['Wake', 'REM', 'Non REM', 'Pre REM', 'Artifact']
[2021-04-24 17:32:27,731] {logger:46} INFO - BALANCED_TRAINING   : True
[2021-04-24 17:32:27,731] {logger:46} INFO - BALANCING_WEIGHTS   : [0.3, 0.18, 0.24, 0.14, 0.14]
[2021-04-24 17:32:27,731] {logger:46} INFO - CHANNELS            : ['EEG_PR']
[2021-04-24 17:32:27,731] {logger:46} INFO - SAMPLES_LEFT        : 1
[2021-04-24 17:32:27,731] {logger:46} INFO - SAMPLES_RIGHT       : 1
[2021-04-24 17:32:27,731] {logger:46} INFO - LOG_INTERVAL        : 10
[2021-04-24 17:32:27,731] {logger:46} INFO - EXTRA_SAFE_MODELS   : False
[2021-04-24 17:32:27,731] {logger:46} INFO - BATCH_SIZE          : 256
[2021-04-24 17:32:27,732] {logger:46} INFO - DATA_FRACTION       : 1.0
[2021-04-24 17:32:27,732] {logger:46} INFO - DATA_FRACTION_STRAT : None
[2021-04-24 17:32:27,732] {logger:46} INFO - EPOCHS              : 50
[2021-04-24 17:32:27,732] {logger:46} INFO - WARMUP_EPOCHS       : 12
[2021-04-24 17:32:27,732] {logger:46} INFO - S_OPTIM_MODE        : exp
[2021-04-24 17:32:27,732] {logger:46} INFO - S_OPTIM_PARAS       : [0.06]
[2021-04-24 17:32:27,732] {logger:46} INFO - LEARNING_RATE       : 0.000256
[2021-04-24 17:32:27,732] {logger:46} INFO - OPTIMIZER           : <class 'torch.optim.adam.Adam'>
[2021-04-24 17:32:27,732] {logger:46} INFO - OPTIM_PARAS         : {}
[2021-04-24 17:32:27,732] {logger:46} INFO - L1_WEIGHT_DECAY     : 0
[2021-04-24 17:32:27,732] {logger:46} INFO - L2_WEIGHT_DECAY     : 0.0001
[2021-04-24 17:32:27,732] {logger:46} INFO - BATCH_SIZE_EVAL     : 512
[2021-04-24 17:32:27,733] {logger:46} INFO - FILTERS             : 96
[2021-04-24 17:32:27,733] {logger:46} INFO - CLASSIFIER_DROPOUT  : [0.2, 0.2]
[2021-04-24 17:32:27,733] {logger:46} INFO - FEATURE_EXTR_DROPOUT: [0.0, 0.2, 0.0, 0.2, 0.0, 0.2, 0.0, 0.2]
[2021-04-24 17:32:27,733] {logger:46} INFO - MODEL_NAME          : model_8conv_2fc
[2021-04-24 17:32:27,733] {logger:46} INFO - GAIN                : 0.0
[2021-04-24 17:32:27,733] {logger:46} INFO - FLIP                : 0.0
[2021-04-24 17:32:27,733] {logger:46} INFO - FLIP_ALL            : 0.0
[2021-04-24 17:32:27,733] {logger:46} INFO - WINDOW_WARP_SIZE    : 0.0
[2021-04-24 17:32:27,733] {logger:46} INFO - FLIP_HORI           : 0.0
[2021-04-24 17:32:27,733] {logger:46} INFO - TIME_SHIFT          : 0.0
[2021-04-24 17:32:27,733] {logger:50} INFO - 
[2021-04-24 17:32:27,733] {logger:51} INFO - ================================================================================
[2021-04-24 17:32:27,734] {logger:52} INFO - evaluate best model of experiment exp001 on dataset test
[2021-04-24 17:32:27,734] {logger:53} INFO - ================================================================================
[2021-04-24 17:32:27,734] {logger:54} INFO - 
[2021-04-24 17:32:27,734] {logger:50} INFO - 
[2021-04-24 17:32:27,734] {logger:51} INFO - ================================================================================
[2021-04-24 17:32:27,734] {logger:52} INFO - start evaluation
[2021-04-24 17:32:27,734] {logger:53} INFO - ================================================================================
[2021-04-24 17:32:27,734] {logger:54} INFO - 
[2021-04-24 17:32:27,928] {dataloader:107} INFO - data distribution in database for dataset test:
	Wake                : 18077
	REM                 : 1915
	Non REM             : 14732
	Pre REM             : 603
	Artifact            : 93
[2021-04-24 17:32:27,931] {dataloader:134} INFO - data distribution after processing:
	Wake                : 18077
	REM                 : 1915
	Non REM             : 14732
	Pre REM             : 603
	Artifact            : 93
[2021-04-24 17:32:29,664] {evaluate_experiment:46} INFO - loaded model:
Model(
  (feature_extractor): Sequential(
    (0): BatchNorm1d(1, eps=1e-05, momentum=0.1, affine=True, track_running_stats=True)
    (1): Conv1d(1, 96, kernel_size=(5,), stride=(1,))
    (2): ReLU(inplace=True)
    (3): BatchNorm1d(96, eps=1e-05, momentum=0.1, affine=True, track_running_stats=True)
    (4): Dropout(p=0.0, inplace=False)
    (5): Conv1d(96, 96, kernel_size=(5,), stride=(2,))
    (6): ReLU(inplace=True)
    (7): BatchNorm1d(96, eps=1e-05, momentum=0.1, affine=True, track_running_stats=True)
    (8): Dropout(p=0.2, inplace=False)
    (9): Conv1d(96, 96, kernel_size=(5,), stride=(1,))
    (10): ReLU(inplace=True)
    (11): BatchNorm1d(96, eps=1e-05, momentum=0.1, affine=True, track_running_stats=True)
    (12): Dropout(p=0.0, inplace=False)
    (13): Conv1d(96, 96, kernel_size=(5,), stride=(2,))
    (14): ReLU(inplace=True)
    (15): BatchNorm1d(96, eps=1e-05, momentum=0.1, affine=True, track_running_stats=True)
    (16): Dropout(p=0.2, inplace=False)
    (17): Conv1d(96, 96, kernel_size=(5,), stride=(1,))
    (18): ReLU(inplace=True)
    (19): BatchNorm1d(96, eps=1e-05, momentum=0.1, affine=True, track_running_stats=True)
    (20): Dropout(p=0.0, inplace=False)
    (21): Conv1d(96, 96, kernel_size=(5,), stride=(2,))
    (22): ReLU(inplace=True)
    (23): BatchNorm1d(96, eps=1e-05, momentum=0.1, affine=True, track_running_stats=True)
    (24): Dropout(p=0.2, inplace=False)
    (25): Conv1d(96, 96, kernel_size=(5,), stride=(1,))
    (26): ReLU(inplace=True)
    (27): BatchNorm1d(96, eps=1e-05, momentum=0.1, affine=True, track_running_stats=True)
    (28): Dropout(p=0.0, inplace=False)
    (29): Conv1d(96, 96, kernel_size=(5,), stride=(2,))
    (30): ReLU(inplace=True)
    (31): BatchNorm1d(96, eps=1e-05, momentum=0.1, affine=True, track_running_stats=True)
    (32): Dropout(p=0.2, inplace=False)
  )
  (classifier): Sequential(
    (0): Dropout(p=0.2, inplace=False)
    (1): Linear(in_features=10848, out_features=80, bias=True)
    (2): ReLU(inplace=True)
    (3): Dropout(p=0.2, inplace=False)
    (4): Linear(in_features=80, out_features=5, bias=True)
  )
)
[2021-04-24 17:32:34,309] {result_logger:97} INFO - scores for sleep stages on dataset: test
[2021-04-24 17:32:34,374] {result_logger:103} INFO - precision on Wake: 0.962
[2021-04-24 17:32:34,404] {result_logger:104} INFO - recall on Wake: 0.981
[2021-04-24 17:32:34,434] {result_logger:107} INFO - F1-score on Wake: 0.972
[2021-04-24 17:32:34,434] {result_logger:108} INFO - 
[2021-04-24 17:32:34,479] {result_logger:103} INFO - precision on REM: 0.875
[2021-04-24 17:32:34,508] {result_logger:104} INFO - recall on REM: 0.942
[2021-04-24 17:32:34,538] {result_logger:107} INFO - F1-score on REM: 0.907
[2021-04-24 17:32:34,538] {result_logger:108} INFO - 
[2021-04-24 17:32:34,585] {result_logger:103} INFO - precision on Non REM: 0.970
[2021-04-24 17:32:34,615] {result_logger:104} INFO - recall on Non REM: 0.918
[2021-04-24 17:32:34,645] {result_logger:107} INFO - F1-score on Non REM: 0.943
[2021-04-24 17:32:34,645] {result_logger:108} INFO - 
[2021-04-24 17:32:34,690] {result_logger:103} INFO - precision on Pre REM: 0.408
[2021-04-24 17:32:34,720] {result_logger:104} INFO - recall on Pre REM: 0.580
[2021-04-24 17:32:34,749] {result_logger:107} INFO - F1-score on Pre REM: 0.479
[2021-04-24 17:32:34,749] {result_logger:108} INFO - 
[2021-04-24 17:32:34,794] {result_logger:103} INFO - precision on Artifact: 0.504
[2021-04-24 17:32:34,823] {result_logger:104} INFO - recall on Artifact: 0.710
[2021-04-24 17:32:34,852] {result_logger:107} INFO - F1-score on Artifact: 0.589
[2021-04-24 17:32:34,852] {result_logger:108} INFO - 
[2021-04-24 17:32:34,858] {result_logger:111} INFO - average precision on sleep stages: 0.744
[2021-04-24 17:32:34,865] {result_logger:113} INFO - average recall on sleep stages: 0.826
[2021-04-24 17:32:34,871] {result_logger:115} INFO - average F1-score on sleep stages: 0.778
[2021-04-24 17:32:34,871] {evaluate_experiment:53} INFO - 
[2021-04-24 17:32:34,871] {result_logger:130} INFO - confusion matrix for sleep stages on dataset: test
[2021-04-24 17:32:34,892] {result_logger:134} INFO - 
[[17731    58   259     4    25]
 [   15  1804    20    75     1]
 [  661    76 13529   428    38]
 [    7   122   123   350     1]
 [    9     2    16     0    66]]
[2021-04-24 17:32:35,018] {result_logger:141} INFO - 
[[ 98.09%   0.32%   1.43%   0.02%   0.14%]
 [  0.78%  94.20%   1.04%   3.92%   0.05%]
 [  4.49%   0.52%  91.83%   2.91%   0.26%]
 [  1.16%  20.23%  20.40%  58.04%   0.17%]
 [  9.68%   2.15%  17.20%   0.00%  70.97%]]
[2021-04-24 17:32:35,124] {result_logger:145} INFO - 
[[ 96.24%   2.81%   1.86%   0.47%  19.08%]
 [  0.08%  87.49%   0.14%   8.75%   0.76%]
 [  3.59%   3.69%  97.00%  49.94%  29.01%]
 [  0.04%   5.92%   0.88%  40.84%   0.76%]
 [  0.05%   0.10%   0.11%   0.00%  50.38%]]
[2021-04-24 17:32:35,338] {result_logger:74} INFO - transformation matrix for sleep stages on dataset: test
[2021-04-24 17:32:35,338] {result_logger:77} INFO - actual:
[2021-04-24 17:32:35,338] {result_logger:78} INFO - 
[[95.23%  0.00%  4.74%  0.00%  0.04%]
 [16.50% 79.58%  3.45%  0.21%  0.26%]
 [ 3.57%  0.07% 92.69%  3.33%  0.35%]
 [ 2.99% 62.85% 16.09% 17.91%  0.17%]
 [ 2.15%  2.15% 63.44%  1.08% 31.18%]]
[2021-04-24 17:32:35,338] {result_logger:79} INFO - predicted:
[2021-04-24 17:32:35,338] {result_logger:80} INFO - 
[[94.29%  0.16%  5.37%  0.04%  0.14%]
 [17.70% 77.45%  4.22%  0.48%  0.15%]
 [ 4.49%  0.29% 90.74%  4.07%  0.42%]
 [ 3.27% 45.86% 19.25% 31.62%  0.00%]
 [24.43%  2.29% 38.93%  0.76% 33.59%]]
[2021-04-24 17:32:35,338] {logger:50} INFO - 
[2021-04-24 17:32:35,338] {logger:51} INFO - ================================================================================
[2021-04-24 17:32:35,338] {logger:52} INFO - finished evaluation
[2021-04-24 17:32:35,338] {logger:53} INFO - ================================================================================
[2021-04-24 17:32:35,339] {logger:54} INFO - 
