[2021-04-24 16:54:27,668] {logger:43} INFO - evaluate_experiment.py, args: Namespace(dataset='test', experiment='exp001')
================================================================================
[2021-04-24 16:54:27,668] {logger:44} INFO - config:
[2021-04-24 16:54:27,669] {logger:45} INFO - parameter name      | parameter value
[2021-04-24 16:54:27,669] {logger:46} INFO - experiment          : exp001
[2021-04-24 16:54:27,669] {logger:46} INFO - RUN_NAME            : exp001_2021-04-24_16-54-27
[2021-04-24 16:54:27,669] {logger:46} INFO - DEVICE              : cuda
[2021-04-24 16:54:27,669] {logger:46} INFO - EXPERIMENT_DIR      : /home/users/grieger/mice_tuebingen/results/exp001
[2021-04-24 16:54:27,669] {logger:46} INFO - MODELS_DIR          : /home/users/grieger/mice_tuebingen/results/exp001/models
[2021-04-24 16:54:27,669] {logger:46} INFO - VISUALS_DIR         : /home/users/grieger/mice_tuebingen/results/exp001/visuals/exp001_2021-04-24_16-54-27
[2021-04-24 16:54:27,669] {logger:46} INFO - DATA_DIR            : /home/users/grieger/data_tuebingen_h5/data
[2021-04-24 16:54:27,669] {logger:46} INFO - SAMPLE_DURATION     : 10
[2021-04-24 16:54:27,669] {logger:46} INFO - SAMPLING_RATE       : 64
[2021-04-24 16:54:27,669] {logger:46} INFO - SCORING_MAP         : {'Wake': [1, 17], 'REM': [3, 19], 'Non REM': [2, 18], 'Pre REM': [4, 20], 'Artifact': [8, 24]}
[2021-04-24 16:54:27,670] {logger:46} INFO - STAGE_MAP           : {'Wake': 'Wake', 'REM': 'REM', 'Non REM': 'Non REM', 'Pre REM': 'Pre REM', 'Artifact': 'Artifact'}
[2021-04-24 16:54:27,670] {logger:46} INFO - DATA_SPLIT          : {'train': [], 'valid': [], 'test': ['M36', 'M37']}
[2021-04-24 16:54:27,670] {logger:46} INFO - DATA_FILE           : ./cache/dataset/data_tuebingen_test_all.h5
[2021-04-24 16:54:27,670] {logger:46} INFO - STAGES              : ['Wake', 'REM', 'Non REM', 'Pre REM', 'Artifact']
[2021-04-24 16:54:27,670] {logger:46} INFO - BALANCED_TRAINING   : True
[2021-04-24 16:54:27,670] {logger:46} INFO - BALANCING_WEIGHTS   : [0.3, 0.18, 0.24, 0.14, 0.14]
[2021-04-24 16:54:27,670] {logger:46} INFO - CHANNELS            : ['EEG_PR']
[2021-04-24 16:54:27,670] {logger:46} INFO - SAMPLES_LEFT        : 1
[2021-04-24 16:54:27,670] {logger:46} INFO - SAMPLES_RIGHT       : 1
[2021-04-24 16:54:27,670] {logger:46} INFO - LOG_INTERVAL        : 10
[2021-04-24 16:54:27,670] {logger:46} INFO - EXTRA_SAFE_MODELS   : False
[2021-04-24 16:54:27,671] {logger:46} INFO - BATCH_SIZE          : 256
[2021-04-24 16:54:27,671] {logger:46} INFO - DATA_FRACTION       : 1.0
[2021-04-24 16:54:27,671] {logger:46} INFO - DATA_FRACTION_STRAT : None
[2021-04-24 16:54:27,671] {logger:46} INFO - EPOCHS              : 50
[2021-04-24 16:54:27,671] {logger:46} INFO - WARMUP_EPOCHS       : 12
[2021-04-24 16:54:27,671] {logger:46} INFO - S_OPTIM_MODE        : exp
[2021-04-24 16:54:27,671] {logger:46} INFO - S_OPTIM_PARAS       : [0.06]
[2021-04-24 16:54:27,671] {logger:46} INFO - LEARNING_RATE       : 0.000256
[2021-04-24 16:54:27,671] {logger:46} INFO - OPTIMIZER           : <class 'torch.optim.adam.Adam'>
[2021-04-24 16:54:27,671] {logger:46} INFO - OPTIM_PARAS         : {}
[2021-04-24 16:54:27,671] {logger:46} INFO - L1_WEIGHT_DECAY     : 0
[2021-04-24 16:54:27,671] {logger:46} INFO - L2_WEIGHT_DECAY     : 0.0001
[2021-04-24 16:54:27,671] {logger:46} INFO - BATCH_SIZE_EVAL     : 512
[2021-04-24 16:54:27,672] {logger:46} INFO - FILTERS             : 96
[2021-04-24 16:54:27,672] {logger:46} INFO - CLASSIFIER_DROPOUT  : [0.2, 0.2]
[2021-04-24 16:54:27,672] {logger:46} INFO - FEATURE_EXTR_DROPOUT: [0.0, 0.2, 0.0, 0.2, 0.0, 0.2, 0.0, 0.2]
[2021-04-24 16:54:27,672] {logger:46} INFO - MODEL_NAME          : model_8conv_2fc
[2021-04-24 16:54:27,672] {logger:46} INFO - GAIN                : 0.0
[2021-04-24 16:54:27,672] {logger:46} INFO - FLIP                : 0.0
[2021-04-24 16:54:27,672] {logger:46} INFO - FLIP_ALL            : 0.0
[2021-04-24 16:54:27,672] {logger:46} INFO - WINDOW_WARP_SIZE    : 0.0
[2021-04-24 16:54:27,672] {logger:46} INFO - FLIP_HORI           : 0.0
[2021-04-24 16:54:27,672] {logger:46} INFO - TIME_SHIFT          : 0.0
[2021-04-24 16:54:27,672] {logger:50} INFO - 
[2021-04-24 16:54:27,672] {logger:51} INFO - ================================================================================
[2021-04-24 16:54:27,673] {logger:52} INFO - evaluate best model of experiment exp001 on dataset test
[2021-04-24 16:54:27,673] {logger:53} INFO - ================================================================================
[2021-04-24 16:54:27,673] {logger:54} INFO - 
[2021-04-24 16:54:27,673] {logger:50} INFO - 
[2021-04-24 16:54:27,673] {logger:51} INFO - ================================================================================
[2021-04-24 16:54:27,673] {logger:52} INFO - start evaluation
[2021-04-24 16:54:27,673] {logger:53} INFO - ================================================================================
[2021-04-24 16:54:27,673] {logger:54} INFO - 
[2021-04-24 16:54:27,858] {dataloader:107} INFO - data distribution in database for dataset test:
	Wake                : 18077
	REM                 : 1915
	Non REM             : 14732
	Pre REM             : 603
	Artifact            : 93
[2021-04-24 16:54:27,861] {dataloader:134} INFO - data distribution after processing:
	Wake                : 18077
	REM                 : 1915
	Non REM             : 14732
	Pre REM             : 603
	Artifact            : 93
[2021-04-24 16:54:29,627] {evaluate_experiment:46} INFO - loaded model:
Model(
  (feature_extractor): Sequential(
    (0): BatchNorm1d(1, eps=1e-05, momentum=0.1, affine=True, track_running_stats=True)
    (1): Conv1d(1, 96, kernel_size=(5,), stride=(1,))
    (2): ReLU(inplace=True)
    (3): BatchNorm1d(96, eps=1e-05, momentum=0.1, affine=True, track_running_stats=True)
    (4): Dropout(p=0.0, inplace=False)
    (5): Conv1d(96, 96, kernel_size=(5,), stride=(2,))
    (6): ReLU(inplace=True)
    (7): BatchNorm1d(96, eps=1e-05, momentum=0.1, affine=True, track_running_stats=True)
    (8): Dropout(p=0.2, inplace=False)
    (9): Conv1d(96, 96, kernel_size=(5,), stride=(1,))
    (10): ReLU(inplace=True)
    (11): BatchNorm1d(96, eps=1e-05, momentum=0.1, affine=True, track_running_stats=True)
    (12): Dropout(p=0.0, inplace=False)
    (13): Conv1d(96, 96, kernel_size=(5,), stride=(2,))
    (14): ReLU(inplace=True)
    (15): BatchNorm1d(96, eps=1e-05, momentum=0.1, affine=True, track_running_stats=True)
    (16): Dropout(p=0.2, inplace=False)
    (17): Conv1d(96, 96, kernel_size=(5,), stride=(1,))
    (18): ReLU(inplace=True)
    (19): BatchNorm1d(96, eps=1e-05, momentum=0.1, affine=True, track_running_stats=True)
    (20): Dropout(p=0.0, inplace=False)
    (21): Conv1d(96, 96, kernel_size=(5,), stride=(2,))
    (22): ReLU(inplace=True)
    (23): BatchNorm1d(96, eps=1e-05, momentum=0.1, affine=True, track_running_stats=True)
    (24): Dropout(p=0.2, inplace=False)
    (25): Conv1d(96, 96, kernel_size=(5,), stride=(1,))
    (26): ReLU(inplace=True)
    (27): BatchNorm1d(96, eps=1e-05, momentum=0.1, affine=True, track_running_stats=True)
    (28): Dropout(p=0.0, inplace=False)
    (29): Conv1d(96, 96, kernel_size=(5,), stride=(2,))
    (30): ReLU(inplace=True)
    (31): BatchNorm1d(96, eps=1e-05, momentum=0.1, affine=True, track_running_stats=True)
    (32): Dropout(p=0.2, inplace=False)
  )
  (classifier): Sequential(
    (0): Dropout(p=0.2, inplace=False)
    (1): Linear(in_features=10848, out_features=80, bias=True)
    (2): ReLU(inplace=True)
    (3): Dropout(p=0.2, inplace=False)
    (4): Linear(in_features=80, out_features=5, bias=True)
  )
)
[2021-04-24 16:54:34,264] {result_logger:97} INFO - scores for sleep stages on dataset: test
[2021-04-24 16:54:34,331] {result_logger:103} INFO - precision on Wake: 0.966
[2021-04-24 16:54:34,362] {result_logger:104} INFO - recall on Wake: 0.985
[2021-04-24 16:54:34,393] {result_logger:107} INFO - F1-score on Wake: 0.976
[2021-04-24 16:54:34,393] {result_logger:108} INFO - 
[2021-04-24 16:54:34,438] {result_logger:103} INFO - precision on REM: 0.900
[2021-04-24 16:54:34,467] {result_logger:104} INFO - recall on REM: 0.951
[2021-04-24 16:54:34,496] {result_logger:107} INFO - F1-score on REM: 0.925
[2021-04-24 16:54:34,496] {result_logger:108} INFO - 
[2021-04-24 16:54:34,543] {result_logger:103} INFO - precision on Non REM: 0.969
[2021-04-24 16:54:34,573] {result_logger:104} INFO - recall on Non REM: 0.934
[2021-04-24 16:54:34,604] {result_logger:107} INFO - F1-score on Non REM: 0.951
[2021-04-24 16:54:34,604] {result_logger:108} INFO - 
[2021-04-24 16:54:34,648] {result_logger:103} INFO - precision on Pre REM: 0.480
[2021-04-24 16:54:34,677] {result_logger:104} INFO - recall on Pre REM: 0.531
[2021-04-24 16:54:34,706] {result_logger:107} INFO - F1-score on Pre REM: 0.504
[2021-04-24 16:54:34,706] {result_logger:108} INFO - 
[2021-04-24 16:54:34,751] {result_logger:103} INFO - precision on Artifact: 0.590
[2021-04-24 16:54:34,780] {result_logger:104} INFO - recall on Artifact: 0.634
[2021-04-24 16:54:34,808] {result_logger:107} INFO - F1-score on Artifact: 0.611
[2021-04-24 16:54:34,809] {result_logger:108} INFO - 
[2021-04-24 16:54:34,815] {result_logger:111} INFO - average precision on sleep stages: 0.781
[2021-04-24 16:54:34,821] {result_logger:113} INFO - average recall on sleep stages: 0.807
[2021-04-24 16:54:34,828] {result_logger:115} INFO - average F1-score on sleep stages: 0.794
[2021-04-24 16:54:34,828] {evaluate_experiment:53} INFO - 
[2021-04-24 16:54:34,828] {result_logger:130} INFO - confusion matrix for sleep stages on dataset: test
[2021-04-24 16:54:34,848] {result_logger:134} INFO - 
[[17802    21   242     1    11]
 [   15  1822    24    54     0]
 [  591    56 13767   289    29]
 [    4   123   155   320     1]
 [    8     2    22     2    59]]
[2021-04-24 16:54:34,974] {result_logger:141} INFO - 
[[ 98.48%   0.12%   1.34%   0.01%   0.06%]
 [  0.78%  95.14%   1.25%   2.82%   0.00%]
 [  4.01%   0.38%  93.45%   1.96%   0.20%]
 [  0.66%  20.40%  25.70%  53.07%   0.17%]
 [  8.60%   2.15%  23.66%   2.15%  63.44%]]
[2021-04-24 16:54:35,081] {result_logger:145} INFO - 
[[ 96.64%   1.04%   1.70%   0.15%  11.00%]
 [  0.08%  90.02%   0.17%   8.11%   0.00%]
 [  3.21%   2.77%  96.88%  43.39%  29.00%]
 [  0.02%   6.08%   1.09%  48.05%   1.00%]
 [  0.04%   0.10%   0.15%   0.30%  59.00%]]
[2021-04-24 16:54:35,304] {result_logger:74} INFO - transformation matrix for sleep stages on dataset: test
[2021-04-24 16:54:35,304] {result_logger:77} INFO - actual:
[2021-04-24 16:54:35,304] {result_logger:78} INFO - 
[[95.23%  0.00%  4.74%  0.00%  0.04%]
 [16.50% 79.58%  3.45%  0.21%  0.26%]
 [ 3.57%  0.07% 92.69%  3.33%  0.35%]
 [ 2.99% 62.85% 16.09% 17.91%  0.17%]
 [ 2.15%  2.15% 63.44%  1.08% 31.18%]]
[2021-04-24 16:54:35,304] {result_logger:79} INFO - predicted:
[2021-04-24 16:54:35,304] {result_logger:80} INFO - 
[[94.40%  0.03%  5.43%  0.03%  0.11%]
 [16.70% 78.46%  4.35%  0.25%  0.25%]
 [ 4.68%  0.37% 91.44%  3.18%  0.34%]
 [ 0.75% 56.46% 12.01% 30.48%  0.30%]
 [23.00%  3.00% 50.00%  0.00% 24.00%]]
[2021-04-24 16:54:35,304] {logger:50} INFO - 
[2021-04-24 16:54:35,304] {logger:51} INFO - ================================================================================
[2021-04-24 16:54:35,304] {logger:52} INFO - finished evaluation
[2021-04-24 16:54:35,304] {logger:53} INFO - ================================================================================
[2021-04-24 16:54:35,304] {logger:54} INFO - 
