[2021-04-24 17:34:57,046] {logger:43} INFO - evaluate_experiment.py, args: Namespace(dataset='valid', experiment='exp001')
================================================================================
[2021-04-24 17:34:57,046] {logger:44} INFO - config:
[2021-04-24 17:34:57,046] {logger:45} INFO - parameter name      | parameter value
[2021-04-24 17:34:57,046] {logger:46} INFO - experiment          : exp001
[2021-04-24 17:34:57,046] {logger:46} INFO - RUN_NAME            : exp001_2021-04-24_17-34-57
[2021-04-24 17:34:57,046] {logger:46} INFO - DEVICE              : cuda
[2021-04-24 17:34:57,046] {logger:46} INFO - EXPERIMENT_DIR      : /home/users/grieger/mice_tuebingen/results/exp001
[2021-04-24 17:34:57,046] {logger:46} INFO - MODELS_DIR          : /home/users/grieger/mice_tuebingen/results/exp001/models
[2021-04-24 17:34:57,046] {logger:46} INFO - VISUALS_DIR         : /home/users/grieger/mice_tuebingen/results/exp001/visuals/exp001_2021-04-24_17-34-57
[2021-04-24 17:34:57,047] {logger:46} INFO - DATA_DIR            : /home/users/grieger/data_tuebingen_h5/data
[2021-04-24 17:34:57,047] {logger:46} INFO - SAMPLE_DURATION     : 10
[2021-04-24 17:34:57,047] {logger:46} INFO - SAMPLING_RATE       : 64
[2021-04-24 17:34:57,047] {logger:46} INFO - SCORING_MAP         : {'Wake': [1, 17], 'REM': [3, 19], 'Non REM': [2, 18], 'Pre REM': [4, 20], 'Artifact': [8, 24, 255]}
[2021-04-24 17:34:57,047] {logger:46} INFO - STAGE_MAP           : {'Wake': 'Wake', 'REM': 'REM', 'Non REM': 'Non REM', 'Pre REM': 'Pre REM', 'Artifact': 'Artifact'}
[2021-04-24 17:34:57,047] {logger:46} INFO - DATA_SPLIT          : {'train': [], 'valid': ['M34'], 'test': ['M36']}
[2021-04-24 17:34:57,047] {logger:46} INFO - DATA_FILE           : ./cache/dataset/data_tuebingen_test1.h5
[2021-04-24 17:34:57,047] {logger:46} INFO - STAGES              : ['Wake', 'REM', 'Non REM', 'Pre REM', 'Artifact']
[2021-04-24 17:34:57,047] {logger:46} INFO - BALANCED_TRAINING   : True
[2021-04-24 17:34:57,047] {logger:46} INFO - BALANCING_WEIGHTS   : [0.3, 0.18, 0.24, 0.14, 0.14]
[2021-04-24 17:34:57,047] {logger:46} INFO - CHANNELS            : ['EEG_PR']
[2021-04-24 17:34:57,048] {logger:46} INFO - SAMPLES_LEFT        : 1
[2021-04-24 17:34:57,048] {logger:46} INFO - SAMPLES_RIGHT       : 1
[2021-04-24 17:34:57,048] {logger:46} INFO - LOG_INTERVAL        : 10
[2021-04-24 17:34:57,048] {logger:46} INFO - EXTRA_SAFE_MODELS   : False
[2021-04-24 17:34:57,048] {logger:46} INFO - BATCH_SIZE          : 256
[2021-04-24 17:34:57,048] {logger:46} INFO - DATA_FRACTION       : 1.0
[2021-04-24 17:34:57,048] {logger:46} INFO - DATA_FRACTION_STRAT : None
[2021-04-24 17:34:57,048] {logger:46} INFO - EPOCHS              : 50
[2021-04-24 17:34:57,048] {logger:46} INFO - WARMUP_EPOCHS       : 12
[2021-04-24 17:34:57,048] {logger:46} INFO - S_OPTIM_MODE        : exp
[2021-04-24 17:34:57,048] {logger:46} INFO - S_OPTIM_PARAS       : [0.06]
[2021-04-24 17:34:57,048] {logger:46} INFO - LEARNING_RATE       : 0.000256
[2021-04-24 17:34:57,049] {logger:46} INFO - OPTIMIZER           : <class 'torch.optim.adam.Adam'>
[2021-04-24 17:34:57,049] {logger:46} INFO - OPTIM_PARAS         : {}
[2021-04-24 17:34:57,049] {logger:46} INFO - L1_WEIGHT_DECAY     : 0
[2021-04-24 17:34:57,049] {logger:46} INFO - L2_WEIGHT_DECAY     : 0.0001
[2021-04-24 17:34:57,049] {logger:46} INFO - BATCH_SIZE_EVAL     : 512
[2021-04-24 17:34:57,049] {logger:46} INFO - FILTERS             : 96
[2021-04-24 17:34:57,049] {logger:46} INFO - CLASSIFIER_DROPOUT  : [0.2, 0.2]
[2021-04-24 17:34:57,049] {logger:46} INFO - FEATURE_EXTR_DROPOUT: [0.0, 0.2, 0.0, 0.2, 0.0, 0.2, 0.0, 0.2]
[2021-04-24 17:34:57,049] {logger:46} INFO - MODEL_NAME          : model_8conv_2fc
[2021-04-24 17:34:57,049] {logger:46} INFO - GAIN                : 0.0
[2021-04-24 17:34:57,049] {logger:46} INFO - FLIP                : 0.0
[2021-04-24 17:34:57,050] {logger:46} INFO - FLIP_ALL            : 0.0
[2021-04-24 17:34:57,050] {logger:46} INFO - WINDOW_WARP_SIZE    : 0.0
[2021-04-24 17:34:57,050] {logger:46} INFO - FLIP_HORI           : 0.0
[2021-04-24 17:34:57,050] {logger:46} INFO - TIME_SHIFT          : 0.0
[2021-04-24 17:34:57,050] {logger:50} INFO - 
[2021-04-24 17:34:57,050] {logger:51} INFO - ================================================================================
[2021-04-24 17:34:57,050] {logger:52} INFO - evaluate best model of experiment exp001 on dataset valid
[2021-04-24 17:34:57,050] {logger:53} INFO - ================================================================================
[2021-04-24 17:34:57,050] {logger:54} INFO - 
[2021-04-24 17:34:57,050] {logger:50} INFO - 
[2021-04-24 17:34:57,050] {logger:51} INFO - ================================================================================
[2021-04-24 17:34:57,050] {logger:52} INFO - start evaluation
[2021-04-24 17:34:57,051] {logger:53} INFO - ================================================================================
[2021-04-24 17:34:57,051] {logger:54} INFO - 
[2021-04-24 17:34:57,206] {dataloader:107} INFO - data distribution in database for dataset valid:
	Wake                : 14530
	REM                 : 1208
	Non REM             : 9788
	Pre REM             : 349
	Artifact            : 195
[2021-04-24 17:34:57,208] {dataloader:134} INFO - data distribution after processing:
	Wake                : 14530
	REM                 : 1208
	Non REM             : 9788
	Pre REM             : 349
	Artifact            : 195
[2021-04-24 17:34:58,902] {evaluate_experiment:46} INFO - loaded model:
Model(
  (feature_extractor): Sequential(
    (0): BatchNorm1d(1, eps=1e-05, momentum=0.1, affine=True, track_running_stats=True)
    (1): Conv1d(1, 96, kernel_size=(5,), stride=(1,))
    (2): ReLU(inplace=True)
    (3): BatchNorm1d(96, eps=1e-05, momentum=0.1, affine=True, track_running_stats=True)
    (4): Dropout(p=0.0, inplace=False)
    (5): Conv1d(96, 96, kernel_size=(5,), stride=(2,))
    (6): ReLU(inplace=True)
    (7): BatchNorm1d(96, eps=1e-05, momentum=0.1, affine=True, track_running_stats=True)
    (8): Dropout(p=0.2, inplace=False)
    (9): Conv1d(96, 96, kernel_size=(5,), stride=(1,))
    (10): ReLU(inplace=True)
    (11): BatchNorm1d(96, eps=1e-05, momentum=0.1, affine=True, track_running_stats=True)
    (12): Dropout(p=0.0, inplace=False)
    (13): Conv1d(96, 96, kernel_size=(5,), stride=(2,))
    (14): ReLU(inplace=True)
    (15): BatchNorm1d(96, eps=1e-05, momentum=0.1, affine=True, track_running_stats=True)
    (16): Dropout(p=0.2, inplace=False)
    (17): Conv1d(96, 96, kernel_size=(5,), stride=(1,))
    (18): ReLU(inplace=True)
    (19): BatchNorm1d(96, eps=1e-05, momentum=0.1, affine=True, track_running_stats=True)
    (20): Dropout(p=0.0, inplace=False)
    (21): Conv1d(96, 96, kernel_size=(5,), stride=(2,))
    (22): ReLU(inplace=True)
    (23): BatchNorm1d(96, eps=1e-05, momentum=0.1, affine=True, track_running_stats=True)
    (24): Dropout(p=0.2, inplace=False)
    (25): Conv1d(96, 96, kernel_size=(5,), stride=(1,))
    (26): ReLU(inplace=True)
    (27): BatchNorm1d(96, eps=1e-05, momentum=0.1, affine=True, track_running_stats=True)
    (28): Dropout(p=0.0, inplace=False)
    (29): Conv1d(96, 96, kernel_size=(5,), stride=(2,))
    (30): ReLU(inplace=True)
    (31): BatchNorm1d(96, eps=1e-05, momentum=0.1, affine=True, track_running_stats=True)
    (32): Dropout(p=0.2, inplace=False)
  )
  (classifier): Sequential(
    (0): Dropout(p=0.2, inplace=False)
    (1): Linear(in_features=10848, out_features=80, bias=True)
    (2): ReLU(inplace=True)
    (3): Dropout(p=0.2, inplace=False)
    (4): Linear(in_features=80, out_features=5, bias=True)
  )
)
[2021-04-24 17:35:02,431] {result_logger:97} INFO - scores for sleep stages on dataset: valid
[2021-04-24 17:35:02,481] {result_logger:103} INFO - precision on Wake: 0.978
[2021-04-24 17:35:02,504] {result_logger:104} INFO - recall on Wake: 0.977
[2021-04-24 17:35:02,526] {result_logger:107} INFO - F1-score on Wake: 0.977
[2021-04-24 17:35:02,526] {result_logger:108} INFO - 
[2021-04-24 17:35:02,562] {result_logger:103} INFO - precision on REM: 0.899
[2021-04-24 17:35:02,584] {result_logger:104} INFO - recall on REM: 0.907
[2021-04-24 17:35:02,606] {result_logger:107} INFO - F1-score on REM: 0.903
[2021-04-24 17:35:02,606] {result_logger:108} INFO - 
[2021-04-24 17:35:02,640] {result_logger:103} INFO - precision on Non REM: 0.964
[2021-04-24 17:35:02,662] {result_logger:104} INFO - recall on Non REM: 0.940
[2021-04-24 17:35:02,684] {result_logger:107} INFO - F1-score on Non REM: 0.951
[2021-04-24 17:35:02,684] {result_logger:108} INFO - 
[2021-04-24 17:35:02,718] {result_logger:103} INFO - precision on Pre REM: 0.410
[2021-04-24 17:35:02,739] {result_logger:104} INFO - recall on Pre REM: 0.599
[2021-04-24 17:35:02,761] {result_logger:107} INFO - F1-score on Pre REM: 0.487
[2021-04-24 17:35:02,761] {result_logger:108} INFO - 
[2021-04-24 17:35:02,794] {result_logger:103} INFO - precision on Artifact: 0.563
[2021-04-24 17:35:02,815] {result_logger:104} INFO - recall on Artifact: 0.846
[2021-04-24 17:35:02,837] {result_logger:107} INFO - F1-score on Artifact: 0.676
[2021-04-24 17:35:02,837] {result_logger:108} INFO - 
[2021-04-24 17:35:02,841] {result_logger:111} INFO - average precision on sleep stages: 0.763
[2021-04-24 17:35:02,846] {result_logger:113} INFO - average recall on sleep stages: 0.854
[2021-04-24 17:35:02,851] {result_logger:115} INFO - average F1-score on sleep stages: 0.799
[2021-04-24 17:35:02,851] {evaluate_experiment:53} INFO - 
[2021-04-24 17:35:02,851] {result_logger:130} INFO - confusion matrix for sleep stages on dataset: valid
[2021-04-24 17:35:02,866] {result_logger:134} INFO - 
[[14189    27   239     1    73]
 [   16  1097    20    71     5]
 [  287    29  9196   229    47]
 [    3    60    74   209     3]
 [   10     7    13     0   165]]
[2021-04-24 17:35:02,984] {result_logger:141} INFO - 
[[ 97.66%   0.19%   1.64%   0.01%   0.50%]
 [  1.32%  90.74%   1.65%   5.87%   0.41%]
 [  2.93%   0.30%  93.95%   2.34%   0.48%]
 [  0.86%  17.19%  21.20%  59.89%   0.86%]
 [  5.13%   3.59%   6.67%   0.00%  84.62%]]
[2021-04-24 17:35:03,083] {result_logger:145} INFO - 
[[ 97.82%   2.21%   2.50%   0.20%  24.91%]
 [  0.11%  89.92%   0.21%  13.92%   1.71%]
 [  1.98%   2.38%  96.37%  44.90%  16.04%]
 [  0.02%   4.92%   0.78%  40.98%   1.02%]
 [  0.07%   0.57%   0.14%   0.00%  56.31%]]
[2021-04-24 17:35:03,285] {result_logger:74} INFO - transformation matrix for sleep stages on dataset: valid
[2021-04-24 17:35:03,286] {result_logger:77} INFO - actual:
[2021-04-24 17:35:03,286] {result_logger:78} INFO - 
[[95.67%  0.00%  4.25%  0.02%  0.06%]
 [15.63% 79.24%  4.30%  0.08%  0.74%]
 [ 4.28%  0.02% 91.94%  2.86%  0.90%]
 [ 2.58% 67.05% 11.46% 17.19%  1.72%]
 [ 6.15%  7.69% 41.03%  2.56% 42.56%]]
[2021-04-24 17:35:03,286] {result_logger:79} INFO - predicted:
[2021-04-24 17:35:03,286] {result_logger:80} INFO - 
[[94.75%  0.07%  4.81%  0.01%  0.37%]
 [17.46% 76.48%  4.02%  1.15%  0.90%]
 [ 5.09%  0.24% 90.16%  3.44%  1.07%]
 [ 1.37% 47.45% 18.04% 31.96%  1.18%]
 [19.11%  4.10% 34.47%  1.37% 40.96%]]
[2021-04-24 17:35:03,286] {logger:50} INFO - 
[2021-04-24 17:35:03,286] {logger:51} INFO - ================================================================================
[2021-04-24 17:35:03,286] {logger:52} INFO - finished evaluation
[2021-04-24 17:35:03,286] {logger:53} INFO - ================================================================================
[2021-04-24 17:35:03,286] {logger:54} INFO - 
