[2021-04-22 17:25:08,793] {logger:43} INFO - evaluate_experiment.py, args: Namespace(dataset='test', experiment='exp001')
================================================================================
[2021-04-22 17:25:08,793] {logger:44} INFO - config:
[2021-04-22 17:25:08,793] {logger:45} INFO - parameter name      | parameter value
[2021-04-22 17:25:08,793] {logger:46} INFO - experiment          : exp001
[2021-04-22 17:25:08,793] {logger:46} INFO - RUN_NAME            : exp001_2021-04-22_17-25-08
[2021-04-22 17:25:08,793] {logger:46} INFO - DEVICE              : cuda
[2021-04-22 17:25:08,794] {logger:46} INFO - EXPERIMENT_DIR      : /home/users/grieger/mice_tuebingen/results/exp001
[2021-04-22 17:25:08,794] {logger:46} INFO - MODELS_DIR          : /home/users/grieger/mice_tuebingen/results/exp001/models
[2021-04-22 17:25:08,794] {logger:46} INFO - VISUALS_DIR         : /home/users/grieger/mice_tuebingen/results/exp001/visuals/exp001_2021-04-22_17-25-08
[2021-04-22 17:25:08,794] {logger:46} INFO - DATA_DIR            : /home/users/grieger/data_tuebingen_h5/data
[2021-04-22 17:25:08,794] {logger:46} INFO - SAMPLE_DURATION     : 10
[2021-04-22 17:25:08,794] {logger:46} INFO - SAMPLING_RATE       : 64
[2021-04-22 17:25:08,794] {logger:46} INFO - SCORING_MAP         : {'Wake': [1, 17], 'REM': [3, 19], 'Non REM': [2, 18], 'Pre REM': [4, 20], 'Artifact': [8, 24]}
[2021-04-22 17:25:08,794] {logger:46} INFO - STAGE_MAP           : {'Wake': 'Wake', 'REM': 'REM', 'Non REM': 'Non REM', 'Pre REM': 'Pre REM', 'Artifact': 'Artifact'}
[2021-04-22 17:25:08,794] {logger:46} INFO - DATA_SPLIT          : {'train': [], 'valid': [], 'test': ['M37']}
[2021-04-22 17:25:08,794] {logger:46} INFO - DATA_FILE           : ./cache/dataset/data_tuebingen_test2.h5
[2021-04-22 17:25:08,794] {logger:46} INFO - STAGES              : ['Wake', 'REM', 'Non REM', 'Pre REM', 'Artifact']
[2021-04-22 17:25:08,795] {logger:46} INFO - BALANCED_TRAINING   : True
[2021-04-22 17:25:08,795] {logger:46} INFO - BALANCING_WEIGHTS   : [0.3, 0.18, 0.24, 0.14, 0.14]
[2021-04-22 17:25:08,795] {logger:46} INFO - CHANNELS            : ['EEG_PR']
[2021-04-22 17:25:08,795] {logger:46} INFO - SAMPLES_LEFT        : 1
[2021-04-22 17:25:08,795] {logger:46} INFO - SAMPLES_RIGHT       : 1
[2021-04-22 17:25:08,795] {logger:46} INFO - LOG_INTERVAL        : 10
[2021-04-22 17:25:08,795] {logger:46} INFO - EXTRA_SAFE_MODELS   : False
[2021-04-22 17:25:08,795] {logger:46} INFO - BATCH_SIZE          : 256
[2021-04-22 17:25:08,795] {logger:46} INFO - DATA_FRACTION       : 1.0
[2021-04-22 17:25:08,795] {logger:46} INFO - DATA_FRACTION_STRAT : None
[2021-04-22 17:25:08,795] {logger:46} INFO - EPOCHS              : 50
[2021-04-22 17:25:08,795] {logger:46} INFO - WARMUP_EPOCHS       : 12
[2021-04-22 17:25:08,796] {logger:46} INFO - S_OPTIM_MODE        : exp
[2021-04-22 17:25:08,796] {logger:46} INFO - S_OPTIM_PARAS       : [0.06]
[2021-04-22 17:25:08,796] {logger:46} INFO - LEARNING_RATE       : 0.000256
[2021-04-22 17:25:08,796] {logger:46} INFO - OPTIMIZER           : <class 'torch.optim.adam.Adam'>
[2021-04-22 17:25:08,796] {logger:46} INFO - OPTIM_PARAS         : {}
[2021-04-22 17:25:08,796] {logger:46} INFO - L1_WEIGHT_DECAY     : 0
[2021-04-22 17:25:08,796] {logger:46} INFO - L2_WEIGHT_DECAY     : 0.0001
[2021-04-22 17:25:08,796] {logger:46} INFO - BATCH_SIZE_EVAL     : 512
[2021-04-22 17:25:08,796] {logger:46} INFO - FILTERS             : 96
[2021-04-22 17:25:08,796] {logger:46} INFO - CLASSIFIER_DROPOUT  : [0.2, 0.2]
[2021-04-22 17:25:08,796] {logger:46} INFO - FEATURE_EXTR_DROPOUT: [0.0, 0.2, 0.0, 0.2, 0.0, 0.2, 0.0, 0.2]
[2021-04-22 17:25:08,796] {logger:46} INFO - MODEL_NAME          : model_8conv_2fc
[2021-04-22 17:25:08,797] {logger:46} INFO - GAIN                : 0.0
[2021-04-22 17:25:08,797] {logger:46} INFO - FLIP                : 0.0
[2021-04-22 17:25:08,797] {logger:46} INFO - FLIP_ALL            : 0.0
[2021-04-22 17:25:08,797] {logger:46} INFO - WINDOW_WARP_SIZE    : 0.0
[2021-04-22 17:25:08,797] {logger:46} INFO - FLIP_HORI           : 0.0
[2021-04-22 17:25:08,797] {logger:46} INFO - TIME_SHIFT          : 0.0
[2021-04-22 17:25:08,797] {logger:50} INFO - 
[2021-04-22 17:25:08,797] {logger:51} INFO - ================================================================================
[2021-04-22 17:25:08,797] {logger:52} INFO - evaluate best model of experiment exp001 on dataset test
[2021-04-22 17:25:08,797] {logger:53} INFO - ================================================================================
[2021-04-22 17:25:08,797] {logger:54} INFO - 
[2021-04-22 17:25:08,797] {logger:50} INFO - 
[2021-04-22 17:25:08,798] {logger:51} INFO - ================================================================================
[2021-04-22 17:25:08,798] {logger:52} INFO - start evaluation
[2021-04-22 17:25:08,798] {logger:53} INFO - ================================================================================
[2021-04-22 17:25:08,798] {logger:54} INFO - 
