[2021-04-24 17:35:46,389] {logger:43} INFO - evaluate_experiment.py, args: Namespace(dataset='valid', experiment='exp001')
================================================================================
[2021-04-24 17:35:46,389] {logger:44} INFO - config:
[2021-04-24 17:35:46,390] {logger:45} INFO - parameter name      | parameter value
[2021-04-24 17:35:46,390] {logger:46} INFO - experiment          : exp001
[2021-04-24 17:35:46,390] {logger:46} INFO - RUN_NAME            : exp001_2021-04-24_17-35-46
[2021-04-24 17:35:46,390] {logger:46} INFO - DEVICE              : cuda
[2021-04-24 17:35:46,390] {logger:46} INFO - EXPERIMENT_DIR      : /home/users/grieger/mice_tuebingen/results/exp001
[2021-04-24 17:35:46,390] {logger:46} INFO - MODELS_DIR          : /home/users/grieger/mice_tuebingen/results/exp001/models
[2021-04-24 17:35:46,390] {logger:46} INFO - VISUALS_DIR         : /home/users/grieger/mice_tuebingen/results/exp001/visuals/exp001_2021-04-24_17-35-46
[2021-04-24 17:35:46,390] {logger:46} INFO - DATA_DIR            : /home/users/grieger/data_tuebingen_h5/data
[2021-04-24 17:35:46,390] {logger:46} INFO - SAMPLE_DURATION     : 10
[2021-04-24 17:35:46,390] {logger:46} INFO - SAMPLING_RATE       : 64
[2021-04-24 17:35:46,390] {logger:46} INFO - SCORING_MAP         : {'Wake': [1, 17], 'REM': [3, 19], 'Non REM': [2, 18], 'Pre REM': [4, 20], 'Artifact': [8, 24, 255]}
[2021-04-24 17:35:46,391] {logger:46} INFO - STAGE_MAP           : {'Wake': 'Wake', 'REM': 'REM', 'Non REM': 'Non REM', 'Pre REM': 'Pre REM', 'Artifact': 'Artifact'}
[2021-04-24 17:35:46,391] {logger:46} INFO - DATA_SPLIT          : {'train': [], 'valid': ['M35'], 'test': ['M37']}
[2021-04-24 17:35:46,391] {logger:46} INFO - DATA_FILE           : ./cache/dataset/data_tuebingen_test2.h5
[2021-04-24 17:35:46,391] {logger:46} INFO - STAGES              : ['Wake', 'REM', 'Non REM', 'Pre REM', 'Artifact']
[2021-04-24 17:35:46,391] {logger:46} INFO - BALANCED_TRAINING   : True
[2021-04-24 17:35:46,391] {logger:46} INFO - BALANCING_WEIGHTS   : [0.3, 0.18, 0.24, 0.14, 0.14]
[2021-04-24 17:35:46,391] {logger:46} INFO - CHANNELS            : ['EEG_PR']
[2021-04-24 17:35:46,391] {logger:46} INFO - SAMPLES_LEFT        : 1
[2021-04-24 17:35:46,391] {logger:46} INFO - SAMPLES_RIGHT       : 1
[2021-04-24 17:35:46,391] {logger:46} INFO - LOG_INTERVAL        : 10
[2021-04-24 17:35:46,391] {logger:46} INFO - EXTRA_SAFE_MODELS   : False
[2021-04-24 17:35:46,392] {logger:46} INFO - BATCH_SIZE          : 256
[2021-04-24 17:35:46,392] {logger:46} INFO - DATA_FRACTION       : 1.0
[2021-04-24 17:35:46,392] {logger:46} INFO - DATA_FRACTION_STRAT : None
[2021-04-24 17:35:46,392] {logger:46} INFO - EPOCHS              : 50
[2021-04-24 17:35:46,392] {logger:46} INFO - WARMUP_EPOCHS       : 12
[2021-04-24 17:35:46,392] {logger:46} INFO - S_OPTIM_MODE        : exp
[2021-04-24 17:35:46,392] {logger:46} INFO - S_OPTIM_PARAS       : [0.06]
[2021-04-24 17:35:46,392] {logger:46} INFO - LEARNING_RATE       : 0.000256
[2021-04-24 17:35:46,392] {logger:46} INFO - OPTIMIZER           : <class 'torch.optim.adam.Adam'>
[2021-04-24 17:35:46,392] {logger:46} INFO - OPTIM_PARAS         : {}
[2021-04-24 17:35:46,392] {logger:46} INFO - L1_WEIGHT_DECAY     : 0
[2021-04-24 17:35:46,392] {logger:46} INFO - L2_WEIGHT_DECAY     : 0.0001
[2021-04-24 17:35:46,393] {logger:46} INFO - BATCH_SIZE_EVAL     : 512
[2021-04-24 17:35:46,393] {logger:46} INFO - FILTERS             : 96
[2021-04-24 17:35:46,393] {logger:46} INFO - CLASSIFIER_DROPOUT  : [0.2, 0.2]
[2021-04-24 17:35:46,393] {logger:46} INFO - FEATURE_EXTR_DROPOUT: [0.0, 0.2, 0.0, 0.2, 0.0, 0.2, 0.0, 0.2]
[2021-04-24 17:35:46,393] {logger:46} INFO - MODEL_NAME          : model_8conv_2fc
[2021-04-24 17:35:46,393] {logger:46} INFO - GAIN                : 0.0
[2021-04-24 17:35:46,393] {logger:46} INFO - FLIP                : 0.0
[2021-04-24 17:35:46,393] {logger:46} INFO - FLIP_ALL            : 0.0
[2021-04-24 17:35:46,393] {logger:46} INFO - WINDOW_WARP_SIZE    : 0.0
[2021-04-24 17:35:46,393] {logger:46} INFO - FLIP_HORI           : 0.0
[2021-04-24 17:35:46,393] {logger:46} INFO - TIME_SHIFT          : 0.0
[2021-04-24 17:35:46,394] {logger:50} INFO - 
[2021-04-24 17:35:46,394] {logger:51} INFO - ================================================================================
[2021-04-24 17:35:46,394] {logger:52} INFO - evaluate best model of experiment exp001 on dataset valid
[2021-04-24 17:35:46,394] {logger:53} INFO - ================================================================================
[2021-04-24 17:35:46,394] {logger:54} INFO - 
[2021-04-24 17:35:46,394] {logger:50} INFO - 
[2021-04-24 17:35:46,394] {logger:51} INFO - ================================================================================
[2021-04-24 17:35:46,394] {logger:52} INFO - start evaluation
[2021-04-24 17:35:46,394] {logger:53} INFO - ================================================================================
[2021-04-24 17:35:46,394] {logger:54} INFO - 
[2021-04-24 17:35:46,548] {dataloader:107} INFO - data distribution in database for dataset valid:
	Wake                : 13852
	REM                 : 1336
	Non REM             : 10164
	Pre REM             : 403
	Artifact            : 315
[2021-04-24 17:35:46,550] {dataloader:134} INFO - data distribution after processing:
	Wake                : 13852
	REM                 : 1336
	Non REM             : 10164
	Pre REM             : 403
	Artifact            : 315
[2021-04-24 17:35:48,280] {evaluate_experiment:46} INFO - loaded model:
Model(
  (feature_extractor): Sequential(
    (0): BatchNorm1d(1, eps=1e-05, momentum=0.1, affine=True, track_running_stats=True)
    (1): Conv1d(1, 96, kernel_size=(5,), stride=(1,))
    (2): ReLU(inplace=True)
    (3): BatchNorm1d(96, eps=1e-05, momentum=0.1, affine=True, track_running_stats=True)
    (4): Dropout(p=0.0, inplace=False)
    (5): Conv1d(96, 96, kernel_size=(5,), stride=(2,))
    (6): ReLU(inplace=True)
    (7): BatchNorm1d(96, eps=1e-05, momentum=0.1, affine=True, track_running_stats=True)
    (8): Dropout(p=0.2, inplace=False)
    (9): Conv1d(96, 96, kernel_size=(5,), stride=(1,))
    (10): ReLU(inplace=True)
    (11): BatchNorm1d(96, eps=1e-05, momentum=0.1, affine=True, track_running_stats=True)
    (12): Dropout(p=0.0, inplace=False)
    (13): Conv1d(96, 96, kernel_size=(5,), stride=(2,))
    (14): ReLU(inplace=True)
    (15): BatchNorm1d(96, eps=1e-05, momentum=0.1, affine=True, track_running_stats=True)
    (16): Dropout(p=0.2, inplace=False)
    (17): Conv1d(96, 96, kernel_size=(5,), stride=(1,))
    (18): ReLU(inplace=True)
    (19): BatchNorm1d(96, eps=1e-05, momentum=0.1, affine=True, track_running_stats=True)
    (20): Dropout(p=0.0, inplace=False)
    (21): Conv1d(96, 96, kernel_size=(5,), stride=(2,))
    (22): ReLU(inplace=True)
    (23): BatchNorm1d(96, eps=1e-05, momentum=0.1, affine=True, track_running_stats=True)
    (24): Dropout(p=0.2, inplace=False)
    (25): Conv1d(96, 96, kernel_size=(5,), stride=(1,))
    (26): ReLU(inplace=True)
    (27): BatchNorm1d(96, eps=1e-05, momentum=0.1, affine=True, track_running_stats=True)
    (28): Dropout(p=0.0, inplace=False)
    (29): Conv1d(96, 96, kernel_size=(5,), stride=(2,))
    (30): ReLU(inplace=True)
    (31): BatchNorm1d(96, eps=1e-05, momentum=0.1, affine=True, track_running_stats=True)
    (32): Dropout(p=0.2, inplace=False)
  )
  (classifier): Sequential(
    (0): Dropout(p=0.2, inplace=False)
    (1): Linear(in_features=10848, out_features=80, bias=True)
    (2): ReLU(inplace=True)
    (3): Dropout(p=0.2, inplace=False)
    (4): Linear(in_features=80, out_features=5, bias=True)
  )
)
[2021-04-24 17:35:51,825] {result_logger:97} INFO - scores for sleep stages on dataset: valid
[2021-04-24 17:35:51,875] {result_logger:103} INFO - precision on Wake: 0.980
[2021-04-24 17:35:51,897] {result_logger:104} INFO - recall on Wake: 0.974
[2021-04-24 17:35:51,920] {result_logger:107} INFO - F1-score on Wake: 0.977
[2021-04-24 17:35:51,920] {result_logger:108} INFO - 
[2021-04-24 17:35:51,955] {result_logger:103} INFO - precision on REM: 0.886
[2021-04-24 17:35:51,978] {result_logger:104} INFO - recall on REM: 0.914
[2021-04-24 17:35:52,000] {result_logger:107} INFO - F1-score on REM: 0.900
[2021-04-24 17:35:52,000] {result_logger:108} INFO - 
[2021-04-24 17:35:52,036] {result_logger:103} INFO - precision on Non REM: 0.962
[2021-04-24 17:35:52,059] {result_logger:104} INFO - recall on Non REM: 0.951
[2021-04-24 17:35:52,083] {result_logger:107} INFO - F1-score on Non REM: 0.956
[2021-04-24 17:35:52,083] {result_logger:108} INFO - 
[2021-04-24 17:35:52,117] {result_logger:103} INFO - precision on Pre REM: 0.469
[2021-04-24 17:35:52,140] {result_logger:104} INFO - recall on Pre REM: 0.556
[2021-04-24 17:35:52,162] {result_logger:107} INFO - F1-score on Pre REM: 0.509
[2021-04-24 17:35:52,162] {result_logger:108} INFO - 
[2021-04-24 17:35:52,197] {result_logger:103} INFO - precision on Artifact: 0.688
[2021-04-24 17:35:52,220] {result_logger:104} INFO - recall on Artifact: 0.888
[2021-04-24 17:35:52,243] {result_logger:107} INFO - F1-score on Artifact: 0.775
[2021-04-24 17:35:52,243] {result_logger:108} INFO - 
[2021-04-24 17:35:52,248] {result_logger:111} INFO - average precision on sleep stages: 0.797
[2021-04-24 17:35:52,252] {result_logger:113} INFO - average recall on sleep stages: 0.857
[2021-04-24 17:35:52,257] {result_logger:115} INFO - average F1-score on sleep stages: 0.823
[2021-04-24 17:35:52,257] {evaluate_experiment:53} INFO - 
[2021-04-24 17:35:52,258] {result_logger:130} INFO - confusion matrix for sleep stages on dataset: valid
[2021-04-24 17:35:52,273] {result_logger:134} INFO - 
[[13491    31   258     1    74]
 [    9  1221    25    77     4]
 [  243    32  9665   176    47]
 [    2    90    86   224     1]
 [   18     4    13     0   278]]
[2021-04-24 17:35:52,423] {result_logger:141} INFO - 
[[ 97.37%   0.22%   1.86%   0.01%   0.53%]
 [  0.67%  91.39%   1.87%   5.76%   0.30%]
 [  2.39%   0.31%  95.10%   1.73%   0.46%]
 [  0.50%  22.33%  21.34%  55.58%   0.25%]
 [  5.75%   1.28%   4.15%   0.00%  88.82%]]
[2021-04-24 17:35:52,530] {result_logger:145} INFO - 
[[ 98.02%   2.25%   2.57%   0.21%  18.32%]
 [  0.07%  88.61%   0.25%  16.11%   0.99%]
 [  1.77%   2.32%  96.20%  36.82%  11.63%]
 [  0.01%   6.53%   0.86%  46.86%   0.25%]
 [  0.13%   0.29%   0.13%   0.00%  68.81%]]
[2021-04-24 17:35:52,736] {result_logger:74} INFO - transformation matrix for sleep stages on dataset: valid
[2021-04-24 17:35:52,736] {result_logger:77} INFO - actual:
[2021-04-24 17:35:52,736] {result_logger:78} INFO - 
[[95.51%  0.01%  4.38%  0.01%  0.09%]
 [14.97% 80.46%  3.97%  0.00%  0.60%]
 [ 3.92%  0.03% 91.83%  3.12%  1.10%]
 [ 2.73% 60.30% 16.13% 20.10%  0.74%]
 [ 4.15%  4.47% 33.55%  1.28% 56.55%]]
[2021-04-24 17:35:52,736] {result_logger:79} INFO - predicted:
[2021-04-24 17:35:52,736] {result_logger:80} INFO - 
[[94.96%  0.08%  4.64%  0.01%  0.31%]
 [15.46% 78.74%  3.85%  1.02%  0.94%]
 [ 4.33%  0.17% 91.39%  2.84%  1.27%]
 [ 0.84% 52.72%  9.00% 36.61%  0.84%]
 [10.15%  3.22% 32.43%  0.74% 53.47%]]
[2021-04-24 17:35:52,736] {logger:50} INFO - 
[2021-04-24 17:35:52,736] {logger:51} INFO - ================================================================================
[2021-04-24 17:35:52,736] {logger:52} INFO - finished evaluation
[2021-04-24 17:35:52,736] {logger:53} INFO - ================================================================================
[2021-04-24 17:35:52,736] {logger:54} INFO - 
