[2021-04-22 17:29:11,037] {logger:43} INFO - evaluate_experiment.py, args: Namespace(dataset='test', experiment='exp001')
================================================================================
[2021-04-22 17:29:11,037] {logger:44} INFO - config:
[2021-04-22 17:29:11,037] {logger:45} INFO - parameter name      | parameter value
[2021-04-22 17:29:11,037] {logger:46} INFO - experiment          : exp001
[2021-04-22 17:29:11,037] {logger:46} INFO - RUN_NAME            : exp001_2021-04-22_17-29-11
[2021-04-22 17:29:11,037] {logger:46} INFO - DEVICE              : cuda
[2021-04-22 17:29:11,037] {logger:46} INFO - EXPERIMENT_DIR      : /home/users/grieger/mice_tuebingen/results/exp001
[2021-04-22 17:29:11,038] {logger:46} INFO - MODELS_DIR          : /home/users/grieger/mice_tuebingen/results/exp001/models
[2021-04-22 17:29:11,038] {logger:46} INFO - VISUALS_DIR         : /home/users/grieger/mice_tuebingen/results/exp001/visuals/exp001_2021-04-22_17-29-11
[2021-04-22 17:29:11,038] {logger:46} INFO - DATA_DIR            : /home/users/grieger/data_tuebingen_h5/data
[2021-04-22 17:29:11,038] {logger:46} INFO - SAMPLE_DURATION     : 10
[2021-04-22 17:29:11,038] {logger:46} INFO - SAMPLING_RATE       : 64
[2021-04-22 17:29:11,038] {logger:46} INFO - SCORING_MAP         : {'Wake': [1, 17], 'REM': [3, 19], 'Non REM': [2, 18], 'Pre REM': [4, 20], 'Artifact': [8, 24]}
[2021-04-22 17:29:11,038] {logger:46} INFO - STAGE_MAP           : {'Wake': 'Wake', 'REM': 'REM', 'Non REM': 'Non REM', 'Pre REM': 'Pre REM', 'Artifact': 'Artifact'}
[2021-04-22 17:29:11,038] {logger:46} INFO - DATA_SPLIT          : {'train': [], 'valid': [], 'test': ['M37']}
[2021-04-22 17:29:11,038] {logger:46} INFO - DATA_FILE           : ./cache/dataset/data_tuebingen_test2.h5
[2021-04-22 17:29:11,038] {logger:46} INFO - STAGES              : ['Wake', 'REM', 'Non REM', 'Pre REM', 'Artifact']
[2021-04-22 17:29:11,038] {logger:46} INFO - BALANCED_TRAINING   : True
[2021-04-22 17:29:11,038] {logger:46} INFO - BALANCING_WEIGHTS   : [0.3, 0.18, 0.24, 0.14, 0.14]
[2021-04-22 17:29:11,038] {logger:46} INFO - CHANNELS            : ['EEG_PR']
[2021-04-22 17:29:11,038] {logger:46} INFO - SAMPLES_LEFT        : 1
[2021-04-22 17:29:11,038] {logger:46} INFO - SAMPLES_RIGHT       : 1
[2021-04-22 17:29:11,038] {logger:46} INFO - LOG_INTERVAL        : 10
[2021-04-22 17:29:11,038] {logger:46} INFO - EXTRA_SAFE_MODELS   : False
[2021-04-22 17:29:11,038] {logger:46} INFO - BATCH_SIZE          : 256
[2021-04-22 17:29:11,038] {logger:46} INFO - DATA_FRACTION       : 1.0
[2021-04-22 17:29:11,038] {logger:46} INFO - DATA_FRACTION_STRAT : None
[2021-04-22 17:29:11,038] {logger:46} INFO - EPOCHS              : 50
[2021-04-22 17:29:11,038] {logger:46} INFO - WARMUP_EPOCHS       : 12
[2021-04-22 17:29:11,038] {logger:46} INFO - S_OPTIM_MODE        : exp
[2021-04-22 17:29:11,038] {logger:46} INFO - S_OPTIM_PARAS       : [0.06]
[2021-04-22 17:29:11,038] {logger:46} INFO - LEARNING_RATE       : 0.000256
[2021-04-22 17:29:11,038] {logger:46} INFO - OPTIMIZER           : <class 'torch.optim.adam.Adam'>
[2021-04-22 17:29:11,038] {logger:46} INFO - OPTIM_PARAS         : {}
[2021-04-22 17:29:11,039] {logger:46} INFO - L1_WEIGHT_DECAY     : 0
[2021-04-22 17:29:11,039] {logger:46} INFO - L2_WEIGHT_DECAY     : 0.0001
[2021-04-22 17:29:11,039] {logger:46} INFO - BATCH_SIZE_EVAL     : 512
[2021-04-22 17:29:11,039] {logger:46} INFO - FILTERS             : 96
[2021-04-22 17:29:11,039] {logger:46} INFO - CLASSIFIER_DROPOUT  : [0.2, 0.2]
[2021-04-22 17:29:11,039] {logger:46} INFO - FEATURE_EXTR_DROPOUT: [0.0, 0.2, 0.0, 0.2, 0.0, 0.2, 0.0, 0.2]
[2021-04-22 17:29:11,039] {logger:46} INFO - MODEL_NAME          : model_8conv_2fc
[2021-04-22 17:29:11,039] {logger:46} INFO - GAIN                : 0.0
[2021-04-22 17:29:11,039] {logger:46} INFO - FLIP                : 0.0
[2021-04-22 17:29:11,039] {logger:46} INFO - FLIP_ALL            : 0.0
[2021-04-22 17:29:11,039] {logger:46} INFO - WINDOW_WARP_SIZE    : 0.0
[2021-04-22 17:29:11,039] {logger:46} INFO - FLIP_HORI           : 0.0
[2021-04-22 17:29:11,039] {logger:46} INFO - TIME_SHIFT          : 0.0
[2021-04-22 17:29:11,039] {logger:50} INFO - 
[2021-04-22 17:29:11,039] {logger:51} INFO - ================================================================================
[2021-04-22 17:29:11,039] {logger:52} INFO - evaluate best model of experiment exp001 on dataset test
[2021-04-22 17:29:11,039] {logger:53} INFO - ================================================================================
[2021-04-22 17:29:11,039] {logger:54} INFO - 
[2021-04-22 17:29:11,039] {logger:50} INFO - 
[2021-04-22 17:29:11,039] {logger:51} INFO - ================================================================================
[2021-04-22 17:29:11,039] {logger:52} INFO - start evaluation
[2021-04-22 17:29:11,039] {logger:53} INFO - ================================================================================
[2021-04-22 17:29:11,039] {logger:54} INFO - 
[2021-04-22 17:29:11,094] {dataloader:107} INFO - data distribution in database for dataset test:
	Wake                : 4057
	REM                 : 472
	Non REM             : 4237
	Pre REM             : 163
	Artifact            : 0
[2021-04-22 17:29:11,095] {dataloader:134} INFO - data distribution after processing:
	Wake                : 4057
	REM                 : 472
	Non REM             : 4237
	Pre REM             : 163
	Artifact            : 0
[2021-04-22 17:29:12,812] {evaluate_experiment:46} INFO - loaded model:
Model(
  (feature_extractor): Sequential(
    (0): BatchNorm1d(1, eps=1e-05, momentum=0.1, affine=True, track_running_stats=True)
    (1): Conv1d(1, 96, kernel_size=(5,), stride=(1,))
    (2): ReLU(inplace=True)
    (3): BatchNorm1d(96, eps=1e-05, momentum=0.1, affine=True, track_running_stats=True)
    (4): Dropout(p=0.0, inplace=False)
    (5): Conv1d(96, 96, kernel_size=(5,), stride=(2,))
    (6): ReLU(inplace=True)
    (7): BatchNorm1d(96, eps=1e-05, momentum=0.1, affine=True, track_running_stats=True)
    (8): Dropout(p=0.2, inplace=False)
    (9): Conv1d(96, 96, kernel_size=(5,), stride=(1,))
    (10): ReLU(inplace=True)
    (11): BatchNorm1d(96, eps=1e-05, momentum=0.1, affine=True, track_running_stats=True)
    (12): Dropout(p=0.0, inplace=False)
    (13): Conv1d(96, 96, kernel_size=(5,), stride=(2,))
    (14): ReLU(inplace=True)
    (15): BatchNorm1d(96, eps=1e-05, momentum=0.1, affine=True, track_running_stats=True)
    (16): Dropout(p=0.2, inplace=False)
    (17): Conv1d(96, 96, kernel_size=(5,), stride=(1,))
    (18): ReLU(inplace=True)
    (19): BatchNorm1d(96, eps=1e-05, momentum=0.1, affine=True, track_running_stats=True)
    (20): Dropout(p=0.0, inplace=False)
    (21): Conv1d(96, 96, kernel_size=(5,), stride=(2,))
    (22): ReLU(inplace=True)
    (23): BatchNorm1d(96, eps=1e-05, momentum=0.1, affine=True, track_running_stats=True)
    (24): Dropout(p=0.2, inplace=False)
    (25): Conv1d(96, 96, kernel_size=(5,), stride=(1,))
    (26): ReLU(inplace=True)
    (27): BatchNorm1d(96, eps=1e-05, momentum=0.1, affine=True, track_running_stats=True)
    (28): Dropout(p=0.0, inplace=False)
    (29): Conv1d(96, 96, kernel_size=(5,), stride=(2,))
    (30): ReLU(inplace=True)
    (31): BatchNorm1d(96, eps=1e-05, momentum=0.1, affine=True, track_running_stats=True)
    (32): Dropout(p=0.2, inplace=False)
  )
  (classifier): Sequential(
    (0): Dropout(p=0.2, inplace=False)
    (1): Linear(in_features=10848, out_features=80, bias=True)
    (2): ReLU(inplace=True)
    (3): Dropout(p=0.2, inplace=False)
    (4): Linear(in_features=80, out_features=5, bias=True)
  )
)
[2021-04-22 17:29:14,246] {result_logger:97} INFO - scores for sleep stages on dataset: test
[2021-04-22 17:29:14,274] {result_logger:103} INFO - precision on Wake: 0.982
[2021-04-22 17:29:14,283] {result_logger:104} INFO - recall on Wake: 0.981
[2021-04-22 17:29:14,291] {result_logger:107} INFO - F1-score on Wake: 0.981
[2021-04-22 17:29:14,291] {result_logger:108} INFO - 
[2021-04-22 17:29:14,303] {result_logger:103} INFO - precision on REM: 0.891
[2021-04-22 17:29:14,311] {result_logger:104} INFO - recall on REM: 0.939
[2021-04-22 17:29:14,319] {result_logger:107} INFO - F1-score on REM: 0.914
[2021-04-22 17:29:14,319] {result_logger:108} INFO - 
[2021-04-22 17:29:14,332] {result_logger:103} INFO - precision on Non REM: 0.968
[2021-04-22 17:29:14,340] {result_logger:104} INFO - recall on Non REM: 0.963
[2021-04-22 17:29:14,348] {result_logger:107} INFO - F1-score on Non REM: 0.965
[2021-04-22 17:29:14,348] {result_logger:108} INFO - 
[2021-04-22 17:29:14,360] {result_logger:103} INFO - precision on Pre REM: 0.497
[2021-04-22 17:29:14,368] {result_logger:104} INFO - recall on Pre REM: 0.497
[2021-04-22 17:29:14,376] {result_logger:107} INFO - F1-score on Pre REM: 0.497
[2021-04-22 17:29:14,376] {result_logger:108} INFO - 
[2021-04-22 17:29:14,402] {result_logger:103} INFO - precision on Artifact: 0.000
[2021-04-22 17:29:14,414] {result_logger:104} INFO - recall on Artifact: 0.000
[2021-04-22 17:29:14,423] {result_logger:107} INFO - F1-score on Artifact: 0.000
[2021-04-22 17:29:14,423] {result_logger:108} INFO - 
[2021-04-22 17:29:14,425] {result_logger:111} INFO - average precision on sleep stages: 0.668
[2021-04-22 17:29:14,427] {result_logger:113} INFO - average recall on sleep stages: 0.676
[2021-04-22 17:29:14,429] {result_logger:115} INFO - average F1-score on sleep stages: 0.672
[2021-04-22 17:29:14,429] {evaluate_experiment:53} INFO - 
[2021-04-22 17:29:14,429] {result_logger:130} INFO - confusion matrix for sleep stages on dataset: test
[2021-04-22 17:29:14,436] {result_logger:134} INFO - 
[[3978    7   71    1]
 [   3  443    8   18]
 [  71   23 4080   63]
 [   0   24   58   81]]
[2021-04-22 17:29:14,538] {result_logger:141} INFO - 
[[ 98.05%   0.17%   1.75%   0.02%]
 [  0.64%  93.86%   1.69%   3.81%]
 [  1.68%   0.54%  96.29%   1.49%]
 [  0.00%  14.72%  35.58%  49.69%]]
[2021-04-22 17:29:14,621] {result_logger:145} INFO - 
[[ 98.17%   1.41%   1.68%   0.61%]
 [  0.07%  89.13%   0.19%  11.04%]
 [  1.75%   4.63%  96.75%  38.65%]
 [  0.00%   4.83%   1.38%  49.69%]]
[2021-04-22 17:29:14,802] {result_logger:74} INFO - transformation matrix for sleep stages on dataset: test
[2021-04-22 17:29:14,802] {result_logger:77} INFO - actual:
[2021-04-22 17:29:14,802] {result_logger:78} INFO - 
[[94.87%  0.00%  5.13%  0.00%  0.00%]
 [15.04% 81.78%  2.97%  0.21%  0.00%]
 [ 3.07%  0.09% 93.74%  3.09%  0.00%]
 [ 3.68% 50.31% 26.99% 19.02%  0.00%]
 [  nan%   nan%   nan%   nan%   nan%]]
[2021-04-22 17:29:14,803] {result_logger:79} INFO - predicted:
[2021-04-22 17:29:14,803] {result_logger:80} INFO - 
[[94.87%  0.00%  5.13%  0.00%  0.00%]
 [15.09% 78.87%  5.63%  0.40%  0.00%]
 [ 3.08%  0.36% 94.07%  2.49%  0.00%]
 [ 1.23% 55.21%  9.20% 34.36%  0.00%]
 [  nan%   nan%   nan%   nan%   nan%]]
[2021-04-22 17:29:14,803] {logger:50} INFO - 
[2021-04-22 17:29:14,803] {logger:51} INFO - ================================================================================
[2021-04-22 17:29:14,803] {logger:52} INFO - finished evaluation
[2021-04-22 17:29:14,803] {logger:53} INFO - ================================================================================
[2021-04-22 17:29:14,803] {logger:54} INFO - 
