[2021-04-24 17:35:55,281] {logger:43} INFO - evaluate_experiment.py, args: Namespace(dataset='test', experiment='exp001')
================================================================================
[2021-04-24 17:35:55,281] {logger:44} INFO - config:
[2021-04-24 17:35:55,281] {logger:45} INFO - parameter name      | parameter value
[2021-04-24 17:35:55,281] {logger:46} INFO - experiment          : exp001
[2021-04-24 17:35:55,282] {logger:46} INFO - RUN_NAME            : exp001_2021-04-24_17-35-55
[2021-04-24 17:35:55,282] {logger:46} INFO - DEVICE              : cuda
[2021-04-24 17:35:55,282] {logger:46} INFO - EXPERIMENT_DIR      : /home/users/grieger/mice_tuebingen/results/exp001
[2021-04-24 17:35:55,282] {logger:46} INFO - MODELS_DIR          : /home/users/grieger/mice_tuebingen/results/exp001/models
[2021-04-24 17:35:55,282] {logger:46} INFO - VISUALS_DIR         : /home/users/grieger/mice_tuebingen/results/exp001/visuals/exp001_2021-04-24_17-35-55
[2021-04-24 17:35:55,282] {logger:46} INFO - DATA_DIR            : /home/users/grieger/data_tuebingen_h5/data
[2021-04-24 17:35:55,282] {logger:46} INFO - SAMPLE_DURATION     : 10
[2021-04-24 17:35:55,282] {logger:46} INFO - SAMPLING_RATE       : 64
[2021-04-24 17:35:55,282] {logger:46} INFO - SCORING_MAP         : {'Wake': [1, 17], 'REM': [3, 19], 'Non REM': [2, 18], 'Pre REM': [4, 20], 'Artifact': [8, 24, 255]}
[2021-04-24 17:35:55,282] {logger:46} INFO - STAGE_MAP           : {'Wake': 'Wake', 'REM': 'REM', 'Non REM': 'Non REM', 'Pre REM': 'Pre REM', 'Artifact': 'Artifact'}
[2021-04-24 17:35:55,282] {logger:46} INFO - DATA_SPLIT          : {'train': [], 'valid': ['M35'], 'test': ['M37']}
[2021-04-24 17:35:55,283] {logger:46} INFO - DATA_FILE           : ./cache/dataset/data_tuebingen_test2.h5
[2021-04-24 17:35:55,283] {logger:46} INFO - STAGES              : ['Wake', 'REM', 'Non REM', 'Pre REM', 'Artifact']
[2021-04-24 17:35:55,283] {logger:46} INFO - BALANCED_TRAINING   : True
[2021-04-24 17:35:55,283] {logger:46} INFO - BALANCING_WEIGHTS   : [0.3, 0.18, 0.24, 0.14, 0.14]
[2021-04-24 17:35:55,283] {logger:46} INFO - CHANNELS            : ['EEG_PR']
[2021-04-24 17:35:55,283] {logger:46} INFO - SAMPLES_LEFT        : 1
[2021-04-24 17:35:55,283] {logger:46} INFO - SAMPLES_RIGHT       : 1
[2021-04-24 17:35:55,283] {logger:46} INFO - LOG_INTERVAL        : 10
[2021-04-24 17:35:55,283] {logger:46} INFO - EXTRA_SAFE_MODELS   : False
[2021-04-24 17:35:55,283] {logger:46} INFO - BATCH_SIZE          : 256
[2021-04-24 17:35:55,283] {logger:46} INFO - DATA_FRACTION       : 1.0
[2021-04-24 17:35:55,283] {logger:46} INFO - DATA_FRACTION_STRAT : None
[2021-04-24 17:35:55,284] {logger:46} INFO - EPOCHS              : 50
[2021-04-24 17:35:55,284] {logger:46} INFO - WARMUP_EPOCHS       : 12
[2021-04-24 17:35:55,284] {logger:46} INFO - S_OPTIM_MODE        : exp
[2021-04-24 17:35:55,284] {logger:46} INFO - S_OPTIM_PARAS       : [0.06]
[2021-04-24 17:35:55,284] {logger:46} INFO - LEARNING_RATE       : 0.000256
[2021-04-24 17:35:55,284] {logger:46} INFO - OPTIMIZER           : <class 'torch.optim.adam.Adam'>
[2021-04-24 17:35:55,284] {logger:46} INFO - OPTIM_PARAS         : {}
[2021-04-24 17:35:55,284] {logger:46} INFO - L1_WEIGHT_DECAY     : 0
[2021-04-24 17:35:55,284] {logger:46} INFO - L2_WEIGHT_DECAY     : 0.0001
[2021-04-24 17:35:55,284] {logger:46} INFO - BATCH_SIZE_EVAL     : 512
[2021-04-24 17:35:55,284] {logger:46} INFO - FILTERS             : 96
[2021-04-24 17:35:55,284] {logger:46} INFO - CLASSIFIER_DROPOUT  : [0.2, 0.2]
[2021-04-24 17:35:55,285] {logger:46} INFO - FEATURE_EXTR_DROPOUT: [0.0, 0.2, 0.0, 0.2, 0.0, 0.2, 0.0, 0.2]
[2021-04-24 17:35:55,285] {logger:46} INFO - MODEL_NAME          : model_8conv_2fc
[2021-04-24 17:35:55,285] {logger:46} INFO - GAIN                : 0.0
[2021-04-24 17:35:55,285] {logger:46} INFO - FLIP                : 0.0
[2021-04-24 17:35:55,285] {logger:46} INFO - FLIP_ALL            : 0.0
[2021-04-24 17:35:55,285] {logger:46} INFO - WINDOW_WARP_SIZE    : 0.0
[2021-04-24 17:35:55,285] {logger:46} INFO - FLIP_HORI           : 0.0
[2021-04-24 17:35:55,285] {logger:46} INFO - TIME_SHIFT          : 0.0
[2021-04-24 17:35:55,285] {logger:50} INFO - 
[2021-04-24 17:35:55,285] {logger:51} INFO - ================================================================================
[2021-04-24 17:35:55,285] {logger:52} INFO - evaluate best model of experiment exp001 on dataset test
[2021-04-24 17:35:55,286] {logger:53} INFO - ================================================================================
[2021-04-24 17:35:55,286] {logger:54} INFO - 
[2021-04-24 17:35:55,286] {logger:50} INFO - 
[2021-04-24 17:35:55,286] {logger:51} INFO - ================================================================================
[2021-04-24 17:35:55,286] {logger:52} INFO - start evaluation
[2021-04-24 17:35:55,286] {logger:53} INFO - ================================================================================
[2021-04-24 17:35:55,286] {logger:54} INFO - 
[2021-04-24 17:35:55,357] {dataloader:107} INFO - data distribution in database for dataset test:
	Wake                : 4057
	REM                 : 472
	Non REM             : 4237
	Pre REM             : 163
	Artifact            : 0
[2021-04-24 17:35:55,358] {dataloader:134} INFO - data distribution after processing:
	Wake                : 4057
	REM                 : 472
	Non REM             : 4237
	Pre REM             : 163
	Artifact            : 0
[2021-04-24 17:35:57,076] {evaluate_experiment:46} INFO - loaded model:
Model(
  (feature_extractor): Sequential(
    (0): BatchNorm1d(1, eps=1e-05, momentum=0.1, affine=True, track_running_stats=True)
    (1): Conv1d(1, 96, kernel_size=(5,), stride=(1,))
    (2): ReLU(inplace=True)
    (3): BatchNorm1d(96, eps=1e-05, momentum=0.1, affine=True, track_running_stats=True)
    (4): Dropout(p=0.0, inplace=False)
    (5): Conv1d(96, 96, kernel_size=(5,), stride=(2,))
    (6): ReLU(inplace=True)
    (7): BatchNorm1d(96, eps=1e-05, momentum=0.1, affine=True, track_running_stats=True)
    (8): Dropout(p=0.2, inplace=False)
    (9): Conv1d(96, 96, kernel_size=(5,), stride=(1,))
    (10): ReLU(inplace=True)
    (11): BatchNorm1d(96, eps=1e-05, momentum=0.1, affine=True, track_running_stats=True)
    (12): Dropout(p=0.0, inplace=False)
    (13): Conv1d(96, 96, kernel_size=(5,), stride=(2,))
    (14): ReLU(inplace=True)
    (15): BatchNorm1d(96, eps=1e-05, momentum=0.1, affine=True, track_running_stats=True)
    (16): Dropout(p=0.2, inplace=False)
    (17): Conv1d(96, 96, kernel_size=(5,), stride=(1,))
    (18): ReLU(inplace=True)
    (19): BatchNorm1d(96, eps=1e-05, momentum=0.1, affine=True, track_running_stats=True)
    (20): Dropout(p=0.0, inplace=False)
    (21): Conv1d(96, 96, kernel_size=(5,), stride=(2,))
    (22): ReLU(inplace=True)
    (23): BatchNorm1d(96, eps=1e-05, momentum=0.1, affine=True, track_running_stats=True)
    (24): Dropout(p=0.2, inplace=False)
    (25): Conv1d(96, 96, kernel_size=(5,), stride=(1,))
    (26): ReLU(inplace=True)
    (27): BatchNorm1d(96, eps=1e-05, momentum=0.1, affine=True, track_running_stats=True)
    (28): Dropout(p=0.0, inplace=False)
    (29): Conv1d(96, 96, kernel_size=(5,), stride=(2,))
    (30): ReLU(inplace=True)
    (31): BatchNorm1d(96, eps=1e-05, momentum=0.1, affine=True, track_running_stats=True)
    (32): Dropout(p=0.2, inplace=False)
  )
  (classifier): Sequential(
    (0): Dropout(p=0.2, inplace=False)
    (1): Linear(in_features=10848, out_features=80, bias=True)
    (2): ReLU(inplace=True)
    (3): Dropout(p=0.2, inplace=False)
    (4): Linear(in_features=80, out_features=5, bias=True)
  )
)
[2021-04-24 17:35:58,558] {result_logger:97} INFO - scores for sleep stages on dataset: test
[2021-04-24 17:35:58,584] {result_logger:103} INFO - precision on Wake: 0.983
[2021-04-24 17:35:58,594] {result_logger:104} INFO - recall on Wake: 0.971
[2021-04-24 17:35:58,602] {result_logger:107} INFO - F1-score on Wake: 0.977
[2021-04-24 17:35:58,602] {result_logger:108} INFO - 
[2021-04-24 17:35:58,613] {result_logger:103} INFO - precision on REM: 0.857
[2021-04-24 17:35:58,621] {result_logger:104} INFO - recall on REM: 0.915
[2021-04-24 17:35:58,629] {result_logger:107} INFO - F1-score on REM: 0.885
[2021-04-24 17:35:58,629] {result_logger:108} INFO - 
[2021-04-24 17:35:58,641] {result_logger:103} INFO - precision on Non REM: 0.966
[2021-04-24 17:35:58,648] {result_logger:104} INFO - recall on Non REM: 0.962
[2021-04-24 17:35:58,656] {result_logger:107} INFO - F1-score on Non REM: 0.964
[2021-04-24 17:35:58,656] {result_logger:108} INFO - 
[2021-04-24 17:35:58,668] {result_logger:103} INFO - precision on Pre REM: 0.439
[2021-04-24 17:35:58,675] {result_logger:104} INFO - recall on Pre REM: 0.528
[2021-04-24 17:35:58,683] {result_logger:107} INFO - F1-score on Pre REM: 0.479
[2021-04-24 17:35:58,683] {result_logger:108} INFO - 
[2021-04-24 17:35:58,695] {result_logger:103} INFO - precision on Artifact: 0.000
[2021-04-24 17:35:58,703] {result_logger:104} INFO - recall on Artifact: 0.000
[2021-04-24 17:35:58,711] {result_logger:107} INFO - F1-score on Artifact: 0.000
[2021-04-24 17:35:58,711] {result_logger:108} INFO - 
[2021-04-24 17:35:58,713] {result_logger:111} INFO - average precision on sleep stages: 0.649
[2021-04-24 17:35:58,715] {result_logger:113} INFO - average recall on sleep stages: 0.675
[2021-04-24 17:35:58,717] {result_logger:115} INFO - average F1-score on sleep stages: 0.661
[2021-04-24 17:35:58,717] {evaluate_experiment:53} INFO - 
[2021-04-24 17:35:58,717] {result_logger:130} INFO - confusion matrix for sleep stages on dataset: test
[2021-04-24 17:35:58,723] {result_logger:134} INFO - 
[[3940   30   85    2]
 [   4  432    4   32]
 [  64   21 4076   76]
 [   0   21   56   86]]
[2021-04-24 17:35:58,854] {result_logger:141} INFO - 
[[ 97.12%   0.74%   2.10%   0.05%]
 [  0.85%  91.53%   0.85%   6.78%]
 [  1.51%   0.50%  96.20%   1.79%]
 [  0.00%  12.88%  34.36%  52.76%]]
[2021-04-24 17:35:58,934] {result_logger:145} INFO - 
[[ 98.30%   5.95%   2.01%   1.02%]
 [  0.10%  85.71%   0.09%  16.33%]
 [  1.60%   4.17%  96.56%  38.78%]
 [  0.00%   4.17%   1.33%  43.88%]]
[2021-04-24 17:35:59,116] {result_logger:74} INFO - transformation matrix for sleep stages on dataset: test
[2021-04-24 17:35:59,117] {result_logger:77} INFO - actual:
[2021-04-24 17:35:59,117] {result_logger:78} INFO - 
[[94.87%  0.00%  5.13%  0.00%  0.00%]
 [15.04% 81.78%  2.97%  0.21%  0.00%]
 [ 3.07%  0.09% 93.74%  3.09%  0.00%]
 [ 3.68% 50.31% 26.99% 19.02%  0.00%]
 [  nan%   nan%   nan%   nan%   nan%]]
[2021-04-24 17:35:59,117] {result_logger:79} INFO - predicted:
[2021-04-24 17:35:59,117] {result_logger:80} INFO - 
[[94.79%  0.25%  4.94%  0.02%  0.00%]
 [15.67% 77.78%  5.36%  1.19%  0.00%]
 [ 2.87%  0.24% 94.08%  2.82%  0.00%]
 [ 4.08% 46.94% 13.27% 35.71%  0.00%]
 [  nan%   nan%   nan%   nan%   nan%]]
[2021-04-24 17:35:59,117] {logger:50} INFO - 
[2021-04-24 17:35:59,117] {logger:51} INFO - ================================================================================
[2021-04-24 17:35:59,117] {logger:52} INFO - finished evaluation
[2021-04-24 17:35:59,117] {logger:53} INFO - ================================================================================
[2021-04-24 17:35:59,117] {logger:54} INFO - 
