[2021-04-22 17:24:06,065] {logger:43} INFO - evaluate_experiment.py, args: Namespace(dataset='test', experiment='exp001')
================================================================================
[2021-04-22 17:24:06,065] {logger:44} INFO - config:
[2021-04-22 17:24:06,065] {logger:45} INFO - parameter name      | parameter value
[2021-04-22 17:24:06,065] {logger:46} INFO - experiment          : exp001
[2021-04-22 17:24:06,065] {logger:46} INFO - RUN_NAME            : exp001_2021-04-22_17-24-06
[2021-04-22 17:24:06,065] {logger:46} INFO - DEVICE              : cuda
[2021-04-22 17:24:06,065] {logger:46} INFO - EXPERIMENT_DIR      : /home/users/grieger/mice_tuebingen/results/exp001
[2021-04-22 17:24:06,066] {logger:46} INFO - MODELS_DIR          : /home/users/grieger/mice_tuebingen/results/exp001/models
[2021-04-22 17:24:06,066] {logger:46} INFO - VISUALS_DIR         : /home/users/grieger/mice_tuebingen/results/exp001/visuals/exp001_2021-04-22_17-24-06
[2021-04-22 17:24:06,066] {logger:46} INFO - DATA_DIR            : /home/users/grieger/data_tuebingen_h5/data
[2021-04-22 17:24:06,066] {logger:46} INFO - SAMPLE_DURATION     : 10
[2021-04-22 17:24:06,066] {logger:46} INFO - SAMPLING_RATE       : 64
[2021-04-22 17:24:06,066] {logger:46} INFO - SCORING_MAP         : {'Wake': [1, 17], 'REM': [3, 19], 'Non REM': [2, 18], 'Pre REM': [4, 20], 'Artifact': [8, 24]}
[2021-04-22 17:24:06,066] {logger:46} INFO - STAGE_MAP           : {'Wake': 'Wake', 'REM': 'REM', 'Non REM': 'Non REM', 'Pre REM': 'Pre REM', 'Artifact': 'Artifact'}
[2021-04-22 17:24:06,066] {logger:46} INFO - DATA_SPLIT          : {'train': [], 'valid': [], 'test': ['M36']}
[2021-04-22 17:24:06,066] {logger:46} INFO - DATA_FILE           : ./cache/dataset/data_tuebingen_test1.h5
[2021-04-22 17:24:06,066] {logger:46} INFO - STAGES              : ['Wake', 'REM', 'Non REM', 'Pre REM', 'Artifact']
[2021-04-22 17:24:06,066] {logger:46} INFO - BALANCED_TRAINING   : True
[2021-04-22 17:24:06,067] {logger:46} INFO - BALANCING_WEIGHTS   : [0.3, 0.18, 0.24, 0.14, 0.14]
[2021-04-22 17:24:06,067] {logger:46} INFO - CHANNELS            : ['EEG_PR']
[2021-04-22 17:24:06,067] {logger:46} INFO - SAMPLES_LEFT        : 1
[2021-04-22 17:24:06,067] {logger:46} INFO - SAMPLES_RIGHT       : 1
[2021-04-22 17:24:06,067] {logger:46} INFO - LOG_INTERVAL        : 10
[2021-04-22 17:24:06,067] {logger:46} INFO - EXTRA_SAFE_MODELS   : False
[2021-04-22 17:24:06,067] {logger:46} INFO - BATCH_SIZE          : 256
[2021-04-22 17:24:06,067] {logger:46} INFO - DATA_FRACTION       : 1.0
[2021-04-22 17:24:06,067] {logger:46} INFO - DATA_FRACTION_STRAT : None
[2021-04-22 17:24:06,067] {logger:46} INFO - EPOCHS              : 50
[2021-04-22 17:24:06,067] {logger:46} INFO - WARMUP_EPOCHS       : 12
[2021-04-22 17:24:06,067] {logger:46} INFO - S_OPTIM_MODE        : exp
[2021-04-22 17:24:06,068] {logger:46} INFO - S_OPTIM_PARAS       : [0.06]
[2021-04-22 17:24:06,068] {logger:46} INFO - LEARNING_RATE       : 0.000256
[2021-04-22 17:24:06,068] {logger:46} INFO - OPTIMIZER           : <class 'torch.optim.adam.Adam'>
[2021-04-22 17:24:06,068] {logger:46} INFO - OPTIM_PARAS         : {}
[2021-04-22 17:24:06,068] {logger:46} INFO - L1_WEIGHT_DECAY     : 0
[2021-04-22 17:24:06,068] {logger:46} INFO - L2_WEIGHT_DECAY     : 0.0001
[2021-04-22 17:24:06,068] {logger:46} INFO - BATCH_SIZE_EVAL     : 512
[2021-04-22 17:24:06,068] {logger:46} INFO - FILTERS             : 96
[2021-04-22 17:24:06,068] {logger:46} INFO - CLASSIFIER_DROPOUT  : [0.2, 0.2]
[2021-04-22 17:24:06,068] {logger:46} INFO - FEATURE_EXTR_DROPOUT: [0.0, 0.2, 0.0, 0.2, 0.0, 0.2, 0.0, 0.2]
[2021-04-22 17:24:06,068] {logger:46} INFO - MODEL_NAME          : model_8conv_2fc
[2021-04-22 17:24:06,068] {logger:46} INFO - GAIN                : 0.0
[2021-04-22 17:24:06,069] {logger:46} INFO - FLIP                : 0.0
[2021-04-22 17:24:06,069] {logger:46} INFO - FLIP_ALL            : 0.0
[2021-04-22 17:24:06,069] {logger:46} INFO - WINDOW_WARP_SIZE    : 0.0
[2021-04-22 17:24:06,069] {logger:46} INFO - FLIP_HORI           : 0.0
[2021-04-22 17:24:06,069] {logger:46} INFO - TIME_SHIFT          : 0.0
[2021-04-22 17:24:06,069] {logger:50} INFO - 
[2021-04-22 17:24:06,069] {logger:51} INFO - ================================================================================
[2021-04-22 17:24:06,069] {logger:52} INFO - evaluate best model of experiment exp001 on dataset test
[2021-04-22 17:24:06,069] {logger:53} INFO - ================================================================================
[2021-04-22 17:24:06,069] {logger:54} INFO - 
[2021-04-22 17:24:06,069] {logger:50} INFO - 
[2021-04-22 17:24:06,069] {logger:51} INFO - ================================================================================
[2021-04-22 17:24:06,070] {logger:52} INFO - start evaluation
[2021-04-22 17:24:06,070] {logger:53} INFO - ================================================================================
[2021-04-22 17:24:06,070] {logger:54} INFO - 
[2021-04-22 17:24:06,215] {dataloader:107} INFO - data distribution in database for dataset test:
	Wake                : 14020
	REM                 : 1443
	Non REM             : 10495
	Pre REM             : 440
	Artifact            : 93
[2021-04-22 17:24:06,217] {dataloader:134} INFO - data distribution after processing:
	Wake                : 14020
	REM                 : 1443
	Non REM             : 10495
	Pre REM             : 440
	Artifact            : 93
[2021-04-22 17:24:08,014] {evaluate_experiment:46} INFO - loaded model:
Model(
  (feature_extractor): Sequential(
    (0): BatchNorm1d(1, eps=1e-05, momentum=0.1, affine=True, track_running_stats=True)
    (1): Conv1d(1, 96, kernel_size=(5,), stride=(1,))
    (2): ReLU(inplace=True)
    (3): BatchNorm1d(96, eps=1e-05, momentum=0.1, affine=True, track_running_stats=True)
    (4): Dropout(p=0.0, inplace=False)
    (5): Conv1d(96, 96, kernel_size=(5,), stride=(2,))
    (6): ReLU(inplace=True)
    (7): BatchNorm1d(96, eps=1e-05, momentum=0.1, affine=True, track_running_stats=True)
    (8): Dropout(p=0.2, inplace=False)
    (9): Conv1d(96, 96, kernel_size=(5,), stride=(1,))
    (10): ReLU(inplace=True)
    (11): BatchNorm1d(96, eps=1e-05, momentum=0.1, affine=True, track_running_stats=True)
    (12): Dropout(p=0.0, inplace=False)
    (13): Conv1d(96, 96, kernel_size=(5,), stride=(2,))
    (14): ReLU(inplace=True)
    (15): BatchNorm1d(96, eps=1e-05, momentum=0.1, affine=True, track_running_stats=True)
    (16): Dropout(p=0.2, inplace=False)
    (17): Conv1d(96, 96, kernel_size=(5,), stride=(1,))
    (18): ReLU(inplace=True)
    (19): BatchNorm1d(96, eps=1e-05, momentum=0.1, affine=True, track_running_stats=True)
    (20): Dropout(p=0.0, inplace=False)
    (21): Conv1d(96, 96, kernel_size=(5,), stride=(2,))
    (22): ReLU(inplace=True)
    (23): BatchNorm1d(96, eps=1e-05, momentum=0.1, affine=True, track_running_stats=True)
    (24): Dropout(p=0.2, inplace=False)
    (25): Conv1d(96, 96, kernel_size=(5,), stride=(1,))
    (26): ReLU(inplace=True)
    (27): BatchNorm1d(96, eps=1e-05, momentum=0.1, affine=True, track_running_stats=True)
    (28): Dropout(p=0.0, inplace=False)
    (29): Conv1d(96, 96, kernel_size=(5,), stride=(2,))
    (30): ReLU(inplace=True)
    (31): BatchNorm1d(96, eps=1e-05, momentum=0.1, affine=True, track_running_stats=True)
    (32): Dropout(p=0.2, inplace=False)
  )
  (classifier): Sequential(
    (0): Dropout(p=0.2, inplace=False)
    (1): Linear(in_features=10848, out_features=80, bias=True)
    (2): ReLU(inplace=True)
    (3): Dropout(p=0.2, inplace=False)
    (4): Linear(in_features=80, out_features=5, bias=True)
  )
)
[2021-04-22 17:24:11,593] {result_logger:97} INFO - scores for sleep stages on dataset: test
[2021-04-22 17:24:11,644] {result_logger:103} INFO - precision on Wake: 0.962
[2021-04-22 17:24:11,667] {result_logger:104} INFO - recall on Wake: 0.986
[2021-04-22 17:24:11,689] {result_logger:107} INFO - F1-score on Wake: 0.974
[2021-04-22 17:24:11,689] {result_logger:108} INFO - 
[2021-04-22 17:24:11,723] {result_logger:103} INFO - precision on REM: 0.903
[2021-04-22 17:24:11,746] {result_logger:104} INFO - recall on REM: 0.956
[2021-04-22 17:24:11,768] {result_logger:107} INFO - F1-score on REM: 0.929
[2021-04-22 17:24:11,768] {result_logger:108} INFO - 
[2021-04-22 17:24:11,802] {result_logger:103} INFO - precision on Non REM: 0.969
[2021-04-22 17:24:11,825] {result_logger:104} INFO - recall on Non REM: 0.923
[2021-04-22 17:24:11,847] {result_logger:107} INFO - F1-score on Non REM: 0.946
[2021-04-22 17:24:11,848] {result_logger:108} INFO - 
[2021-04-22 17:24:11,881] {result_logger:103} INFO - precision on Pre REM: 0.475
[2021-04-22 17:24:11,903] {result_logger:104} INFO - recall on Pre REM: 0.543
[2021-04-22 17:24:11,925] {result_logger:107} INFO - F1-score on Pre REM: 0.507
[2021-04-22 17:24:11,925] {result_logger:108} INFO - 
[2021-04-22 17:24:11,959] {result_logger:103} INFO - precision on Artifact: 0.590
[2021-04-22 17:24:11,980] {result_logger:104} INFO - recall on Artifact: 0.634
[2021-04-22 17:24:12,002] {result_logger:107} INFO - F1-score on Artifact: 0.611
[2021-04-22 17:24:12,002] {result_logger:108} INFO - 
[2021-04-22 17:24:12,007] {result_logger:111} INFO - average precision on sleep stages: 0.780
[2021-04-22 17:24:12,011] {result_logger:113} INFO - average recall on sleep stages: 0.808
[2021-04-22 17:24:12,016] {result_logger:115} INFO - average F1-score on sleep stages: 0.793
[2021-04-22 17:24:12,016] {evaluate_experiment:53} INFO - 
[2021-04-22 17:24:12,017] {result_logger:130} INFO - confusion matrix for sleep stages on dataset: test
[2021-04-22 17:24:12,032] {result_logger:134} INFO - 
[[13824    14   171     0    11]
 [   12  1379    16    36     0]
 [  522    33  9685   226    29]
 [    4    99    97   239     1]
 [    8     2    22     2    59]]
[2021-04-22 17:24:12,197] {result_logger:141} INFO - 
[[ 98.60%   0.10%   1.22%   0.00%   0.08%]
 [  0.83%  95.56%   1.11%   2.49%   0.00%]
 [  4.97%   0.31%  92.28%   2.15%   0.28%]
 [  0.91%  22.50%  22.05%  54.32%   0.23%]
 [  8.60%   2.15%  23.66%   2.15%  63.44%]]
[2021-04-22 17:24:12,299] {result_logger:145} INFO - 
[[ 96.20%   0.92%   1.71%   0.00%  11.00%]
 [  0.08%  90.31%   0.16%   7.16%   0.00%]
 [  3.63%   2.16%  96.94%  44.93%  29.00%]
 [  0.03%   6.48%   0.97%  47.51%   1.00%]
 [  0.06%   0.13%   0.22%   0.40%  59.00%]]
[2021-04-22 17:24:12,541] {result_logger:74} INFO - transformation matrix for sleep stages on dataset: test
[2021-04-22 17:24:12,541] {result_logger:77} INFO - actual:
[2021-04-22 17:24:12,541] {result_logger:78} INFO - 
[[95.33%  0.00%  4.62%  0.00%  0.05%]
 [16.98% 78.86%  3.60%  0.21%  0.35%]
 [ 3.76%  0.06% 92.27%  3.42%  0.49%]
 [ 2.73% 67.50% 12.05% 17.50%  0.23%]
 [ 2.15%  2.15% 63.44%  1.08% 31.18%]]
[2021-04-22 17:24:12,541] {result_logger:79} INFO - predicted:
[2021-04-22 17:24:12,541] {result_logger:80} INFO - 
[[94.27%  0.03%  5.50%  0.04%  0.15%]
 [17.22% 78.32%  3.93%  0.20%  0.33%]
 [ 5.34%  0.37% 90.33%  3.47%  0.48%]
 [ 0.60% 56.86% 12.92% 29.22%  0.40%]
 [23.00%  3.00% 50.00%  0.00% 24.00%]]
[2021-04-22 17:24:12,541] {logger:50} INFO - 
[2021-04-22 17:24:12,541] {logger:51} INFO - ================================================================================
[2021-04-22 17:24:12,541] {logger:52} INFO - finished evaluation
[2021-04-22 17:24:12,541] {logger:53} INFO - ================================================================================
[2021-04-22 17:24:12,541] {logger:54} INFO - 
