[2020-07-22 21:07:17,932] {logger:43} INFO - evaluate_experiment.py, args: Namespace(dataset='train', experiment='exp001b')
================================================================================
[2020-07-22 21:07:17,932] {logger:44} INFO - config:
[2020-07-22 21:07:17,932] {logger:45} INFO - parameter name      | parameter value
[2020-07-22 21:07:17,932] {logger:46} INFO - experiment          : exp001b
[2020-07-22 21:07:17,932] {logger:46} INFO - RUN_NAME            : exp001b_2020-07-22_21-07-17
[2020-07-22 21:07:17,932] {logger:46} INFO - DEVICE              : cuda
[2020-07-22 21:07:17,933] {logger:46} INFO - EXPERIMENT_DIR      : /home/users/grieger/seminar/mice_tuebingen/results/exp001b
[2020-07-22 21:07:17,933] {logger:46} INFO - MODELS_DIR          : /home/users/grieger/seminar/mice_tuebingen/results/exp001b/models
[2020-07-22 21:07:17,933] {logger:46} INFO - VISUALS_DIR         : /home/users/grieger/seminar/mice_tuebingen/results/exp001b/visuals/exp001b_2020-07-22_21-07-17
[2020-07-22 21:07:17,933] {logger:46} INFO - DATA_DIR            : /home/users/grieger/data_tuebingen_h5/data
[2020-07-22 21:07:17,933] {logger:46} INFO - SAMPLE_DURATION     : 10
[2020-07-22 21:07:17,933] {logger:46} INFO - SAMPLING_RATE       : 64
[2020-07-22 21:07:17,933] {logger:46} INFO - SCORING_MAP         : {'Wake': [1, 17], 'REM': [3, 19], 'Non REM': [2, 18], 'Pre REM': [4, 20], 'Artifact': [8, 24, 255]}
[2020-07-22 21:07:17,933] {logger:46} INFO - STAGE_MAP           : {'Wake': 'Wake', 'REM': 'REM', 'Non REM': 'Non REM', 'Pre REM': 'Pre REM', 'Artifact': 'Artifact'}
[2020-07-22 21:07:17,933] {logger:46} INFO - DATA_SPLIT          : {'train': ['M19', 'M20', 'M21', 'M22', 'M23', 'M24', 'M25', 'M26', 'M27', 'M28', 'M29', 'M31', 'M32', 'M33'], 'valid': ['M34', 'M35'], 'test': ['M36', 'M37']}
[2020-07-22 21:07:17,933] {logger:46} INFO - DATA_FILE           : ./cache/dataset/data_tuebingen.h5
[2020-07-22 21:07:17,933] {logger:46} INFO - STAGES              : ['Wake', 'REM', 'Non REM', 'Pre REM', 'Artifact']
[2020-07-22 21:07:17,934] {logger:46} INFO - BALANCED_TRAINING   : True
[2020-07-22 21:07:17,934] {logger:46} INFO - BALANCING_WEIGHTS   : [0.3, 0.18, 0.24, 0.14, 0.14]
[2020-07-22 21:07:17,934] {logger:46} INFO - CHANNELS            : ['EEG_PR']
[2020-07-22 21:07:17,934] {logger:46} INFO - SAMPLES_LEFT        : 1
[2020-07-22 21:07:17,934] {logger:46} INFO - SAMPLES_RIGHT       : 1
[2020-07-22 21:07:17,934] {logger:46} INFO - LOG_INTERVAL        : 10
[2020-07-22 21:07:17,934] {logger:46} INFO - EXTRA_SAFE_MODELS   : False
[2020-07-22 21:07:17,934] {logger:46} INFO - BATCH_SIZE          : 256
[2020-07-22 21:07:17,934] {logger:46} INFO - DATA_FRACTION       : 1.0
[2020-07-22 21:07:17,934] {logger:46} INFO - DATA_FRACTION_STRAT : None
[2020-07-22 21:07:17,935] {logger:46} INFO - EPOCHS              : 50
[2020-07-22 21:07:17,935] {logger:46} INFO - WARMUP_EPOCHS       : 12
[2020-07-22 21:07:17,935] {logger:46} INFO - S_OPTIM_MODE        : exp
[2020-07-22 21:07:17,935] {logger:46} INFO - S_OPTIM_PARAS       : [0.06]
[2020-07-22 21:07:17,935] {logger:46} INFO - LEARNING_RATE       : 0.000256
[2020-07-22 21:07:17,935] {logger:46} INFO - OPTIMIZER           : <class 'torch.optim.adam.Adam'>
[2020-07-22 21:07:17,935] {logger:46} INFO - OPTIM_PARAS         : {}
[2020-07-22 21:07:17,935] {logger:46} INFO - L1_WEIGHT_DECAY     : 0
[2020-07-22 21:07:17,935] {logger:46} INFO - L2_WEIGHT_DECAY     : 0.0001
[2020-07-22 21:07:17,935] {logger:46} INFO - BATCH_SIZE_EVAL     : 512
[2020-07-22 21:07:17,935] {logger:46} INFO - FILTERS             : 64
[2020-07-22 21:07:17,936] {logger:46} INFO - CLASSIFIER_DROPOUT  : [0.0, 0.0]
[2020-07-22 21:07:17,936] {logger:46} INFO - FEATURE_EXTR_DROPOUT: [0.0, 0.0, 0.0, 0.0, 0.0, 0.0, 0.0, 0.0]
[2020-07-22 21:07:17,936] {logger:46} INFO - MODEL_NAME          : model_3conv_pool
[2020-07-22 21:07:17,936] {logger:46} INFO - GAIN                : 0.0
[2020-07-22 21:07:17,936] {logger:46} INFO - FLIP                : 0.0
[2020-07-22 21:07:17,936] {logger:46} INFO - FLIP_ALL            : 0.0
[2020-07-22 21:07:17,936] {logger:46} INFO - WINDOW_WARP_SIZE    : 0.0
[2020-07-22 21:07:17,936] {logger:46} INFO - FLIP_HORI           : 0.0
[2020-07-22 21:07:17,936] {logger:46} INFO - TIME_SHIFT          : 0.0
[2020-07-22 21:07:17,936] {logger:50} INFO - 
[2020-07-22 21:07:17,937] {logger:51} INFO - ================================================================================
[2020-07-22 21:07:17,937] {logger:52} INFO - evaluate best model of experiment exp001b on dataset train
[2020-07-22 21:07:17,937] {logger:53} INFO - ================================================================================
[2020-07-22 21:07:17,937] {logger:54} INFO - 
[2020-07-22 21:07:17,937] {logger:50} INFO - 
[2020-07-22 21:07:17,937] {logger:51} INFO - ================================================================================
[2020-07-22 21:07:17,937] {logger:52} INFO - start evaluation
[2020-07-22 21:07:17,937] {logger:53} INFO - ================================================================================
[2020-07-22 21:07:17,937] {logger:54} INFO - 
[2020-07-22 21:07:23,722] {dataloader:107} INFO - data distribution in database for dataset train:
	Wake                : 203747
	REM                 : 18606
	Non REM             : 136586
	Pre REM             : 7181
	Artifact            : 600
[2020-07-22 21:07:23,759] {dataloader:134} INFO - data distribution after processing:
	Wake                : 203747
	REM                 : 18606
	Non REM             : 136586
	Pre REM             : 7181
	Artifact            : 600
[2020-07-22 21:07:25,575] {evaluate_experiment:46} INFO - loaded model:
Model(
  (feature_extractor): Sequential(
    (0): BatchNorm1d(1, eps=1e-05, momentum=0.1, affine=True, track_running_stats=True)
    (1): ConstantPad1d(padding=(3, 4), value=0)
    (2): Conv1d(1, 128, kernel_size=(8,), stride=(1,))
    (3): ReLU(inplace=True)
    (4): BatchNorm1d(128, eps=1e-05, momentum=0.1, affine=True, track_running_stats=True)
    (5): ConstantPad1d(padding=(2, 2), value=0)
    (6): Conv1d(128, 256, kernel_size=(5,), stride=(1,))
    (7): ReLU(inplace=True)
    (8): BatchNorm1d(256, eps=1e-05, momentum=0.1, affine=True, track_running_stats=True)
    (9): ConstantPad1d(padding=(1, 1), value=0)
    (10): Conv1d(256, 128, kernel_size=(3,), stride=(1,))
    (11): ReLU(inplace=True)
    (12): BatchNorm1d(128, eps=1e-05, momentum=0.1, affine=True, track_running_stats=True)
    (13): AvgPool1d(kernel_size=(640,), stride=(640,), padding=(0,))
  )
  (classifier): Sequential(
    (0): Dropout(p=0.2, inplace=False)
    (1): Linear(in_features=384, out_features=5, bias=True)
  )
)
[2020-07-22 21:10:15,645] {result_logger:97} INFO - scores for sleep stages on dataset: train
[2020-07-22 21:10:16,474] {result_logger:103} INFO - precision on Wake: 0.975
[2020-07-22 21:10:17,002] {result_logger:104} INFO - recall on Wake: 0.966
[2020-07-22 21:10:17,512] {result_logger:107} INFO - F1-score on Wake: 0.971
[2020-07-22 21:10:17,512] {result_logger:108} INFO - 
[2020-07-22 21:10:18,283] {result_logger:103} INFO - precision on REM: 0.855
[2020-07-22 21:10:18,654] {result_logger:104} INFO - recall on REM: 0.910
[2020-07-22 21:10:18,998] {result_logger:107} INFO - F1-score on REM: 0.882
[2020-07-22 21:10:18,998] {result_logger:108} INFO - 
[2020-07-22 21:10:19,524] {result_logger:103} INFO - precision on Non REM: 0.950
[2020-07-22 21:10:19,875] {result_logger:104} INFO - recall on Non REM: 0.927
[2020-07-22 21:10:20,230] {result_logger:107} INFO - F1-score on Non REM: 0.938
[2020-07-22 21:10:20,230] {result_logger:108} INFO - 
[2020-07-22 21:10:20,748] {result_logger:103} INFO - precision on Pre REM: 0.479
[2020-07-22 21:10:21,091] {result_logger:104} INFO - recall on Pre REM: 0.669
[2020-07-22 21:10:21,435] {result_logger:107} INFO - F1-score on Pre REM: 0.558
[2020-07-22 21:10:21,436] {result_logger:108} INFO - 
[2020-07-22 21:10:21,950] {result_logger:103} INFO - precision on Artifact: 0.408
[2020-07-22 21:10:22,297] {result_logger:104} INFO - recall on Artifact: 0.997
[2020-07-22 21:10:22,634] {result_logger:107} INFO - F1-score on Artifact: 0.579
[2020-07-22 21:10:22,634] {result_logger:108} INFO - 
[2020-07-22 21:10:22,711] {result_logger:111} INFO - average precision on sleep stages: 0.733
[2020-07-22 21:10:22,786] {result_logger:113} INFO - average recall on sleep stages: 0.894
[2020-07-22 21:10:22,861] {result_logger:115} INFO - average F1-score on sleep stages: 0.786
[2020-07-22 21:10:22,862] {evaluate_experiment:53} INFO - 
[2020-07-22 21:10:22,863] {result_logger:130} INFO - confusion matrix for sleep stages on dataset: train
[2020-07-22 21:10:23,089] {result_logger:134} INFO - 
[[196911   1477   4804    147    408]
 [   364  16931    221   1072     18]
 [  4690    770 126675   4007    443]
 [    44    620   1710   4806      1]
 [     1      1      0      0    599]]
[2020-07-22 21:10:23,441] {result_logger:141} INFO - 
[[ 96.64%   0.72%   2.36%   0.07%   0.20%]
 [  1.96%  91.00%   1.19%   5.76%   0.10%]
 [  3.43%   0.56%  92.74%   2.93%   0.32%]
 [  0.61%   8.63%  23.81%  66.93%   0.01%]
 [  0.17%   0.17%   0.00%   0.00%  99.67%]]
[2020-07-22 21:10:23,777] {result_logger:145} INFO - 
[[ 97.48%   7.46%   3.60%   1.47%  27.77%]
 [  0.18%  85.51%   0.17%  10.69%   1.23%]
 [  2.32%   3.89%  94.95%  39.94%  30.16%]
 [  0.02%   3.13%   1.28%  47.91%   0.07%]
 [  0.00%   0.01%   0.00%   0.00%  40.78%]]
[2020-07-22 21:10:24,544] {result_logger:74} INFO - transformation matrix for sleep stages on dataset: train
[2020-07-22 21:10:24,544] {result_logger:77} INFO - actual:
[2020-07-22 21:10:24,545] {result_logger:78} INFO - 
[[95.78%  0.00%  4.19%  0.01%  0.01%]
 [15.37% 80.09%  4.15%  0.31%  0.08%]
 [ 4.06%  0.06% 92.15%  3.63%  0.09%]
 [ 2.37% 50.02% 17.87% 29.61%  0.14%]
 [ 3.83%  3.83% 20.13%  0.50% 71.71%]]
[2020-07-22 21:10:24,545] {result_logger:79} INFO - predicted:
[2020-07-22 21:10:24,545] {result_logger:80} INFO - 
[[95.69%  0.28%  3.86%  0.05%  0.12%]
 [17.45% 76.48%  5.39%  0.52%  0.16%]
 [ 3.53%  0.14% 92.05%  4.12%  0.16%]
 [ 3.08% 38.48% 15.09% 43.17%  0.18%]
 [15.25%  2.52% 16.00%  0.61% 65.62%]]
[2020-07-22 21:10:24,545] {logger:50} INFO - 
[2020-07-22 21:10:24,545] {logger:51} INFO - ================================================================================
[2020-07-22 21:10:24,545] {logger:52} INFO - finished evaluation
[2020-07-22 21:10:24,545] {logger:53} INFO - ================================================================================
[2020-07-22 21:10:24,545] {logger:54} INFO - 
