[2020-07-22 21:10:30,459] {logger:43} INFO - evaluate_experiment.py, args: Namespace(dataset='test', experiment='exp001b')
================================================================================
[2020-07-22 21:10:30,459] {logger:44} INFO - config:
[2020-07-22 21:10:30,459] {logger:45} INFO - parameter name      | parameter value
[2020-07-22 21:10:30,459] {logger:46} INFO - experiment          : exp001b
[2020-07-22 21:10:30,459] {logger:46} INFO - RUN_NAME            : exp001b_2020-07-22_21-10-30
[2020-07-22 21:10:30,460] {logger:46} INFO - DEVICE              : cuda
[2020-07-22 21:10:30,460] {logger:46} INFO - EXPERIMENT_DIR      : /home/users/grieger/seminar/mice_tuebingen/results/exp001b
[2020-07-22 21:10:30,460] {logger:46} INFO - MODELS_DIR          : /home/users/grieger/seminar/mice_tuebingen/results/exp001b/models
[2020-07-22 21:10:30,460] {logger:46} INFO - VISUALS_DIR         : /home/users/grieger/seminar/mice_tuebingen/results/exp001b/visuals/exp001b_2020-07-22_21-10-30
[2020-07-22 21:10:30,460] {logger:46} INFO - DATA_DIR            : /home/users/grieger/data_tuebingen_h5/data
[2020-07-22 21:10:30,460] {logger:46} INFO - SAMPLE_DURATION     : 10
[2020-07-22 21:10:30,460] {logger:46} INFO - SAMPLING_RATE       : 64
[2020-07-22 21:10:30,460] {logger:46} INFO - SCORING_MAP         : {'Wake': [1, 17], 'REM': [3, 19], 'Non REM': [2, 18], 'Pre REM': [4, 20], 'Artifact': [8, 24, 255]}
[2020-07-22 21:10:30,460] {logger:46} INFO - STAGE_MAP           : {'Wake': 'Wake', 'REM': 'REM', 'Non REM': 'Non REM', 'Pre REM': 'Pre REM', 'Artifact': 'Artifact'}
[2020-07-22 21:10:30,460] {logger:46} INFO - DATA_SPLIT          : {'train': ['M19', 'M20', 'M21', 'M22', 'M23', 'M24', 'M25', 'M26', 'M27', 'M28', 'M29', 'M31', 'M32', 'M33'], 'valid': ['M34', 'M35'], 'test': ['M36', 'M37']}
[2020-07-22 21:10:30,460] {logger:46} INFO - DATA_FILE           : ./cache/dataset/data_tuebingen.h5
[2020-07-22 21:10:30,460] {logger:46} INFO - STAGES              : ['Wake', 'REM', 'Non REM', 'Pre REM', 'Artifact']
[2020-07-22 21:10:30,460] {logger:46} INFO - BALANCED_TRAINING   : True
[2020-07-22 21:10:30,460] {logger:46} INFO - BALANCING_WEIGHTS   : [0.3, 0.18, 0.24, 0.14, 0.14]
[2020-07-22 21:10:30,460] {logger:46} INFO - CHANNELS            : ['EEG_PR']
[2020-07-22 21:10:30,460] {logger:46} INFO - SAMPLES_LEFT        : 1
[2020-07-22 21:10:30,460] {logger:46} INFO - SAMPLES_RIGHT       : 1
[2020-07-22 21:10:30,460] {logger:46} INFO - LOG_INTERVAL        : 10
[2020-07-22 21:10:30,460] {logger:46} INFO - EXTRA_SAFE_MODELS   : False
[2020-07-22 21:10:30,460] {logger:46} INFO - BATCH_SIZE          : 256
[2020-07-22 21:10:30,460] {logger:46} INFO - DATA_FRACTION       : 1.0
[2020-07-22 21:10:30,460] {logger:46} INFO - DATA_FRACTION_STRAT : None
[2020-07-22 21:10:30,460] {logger:46} INFO - EPOCHS              : 50
[2020-07-22 21:10:30,460] {logger:46} INFO - WARMUP_EPOCHS       : 12
[2020-07-22 21:10:30,460] {logger:46} INFO - S_OPTIM_MODE        : exp
[2020-07-22 21:10:30,461] {logger:46} INFO - S_OPTIM_PARAS       : [0.06]
[2020-07-22 21:10:30,461] {logger:46} INFO - LEARNING_RATE       : 0.000256
[2020-07-22 21:10:30,461] {logger:46} INFO - OPTIMIZER           : <class 'torch.optim.adam.Adam'>
[2020-07-22 21:10:30,461] {logger:46} INFO - OPTIM_PARAS         : {}
[2020-07-22 21:10:30,461] {logger:46} INFO - L1_WEIGHT_DECAY     : 0
[2020-07-22 21:10:30,461] {logger:46} INFO - L2_WEIGHT_DECAY     : 0.0001
[2020-07-22 21:10:30,461] {logger:46} INFO - BATCH_SIZE_EVAL     : 512
[2020-07-22 21:10:30,461] {logger:46} INFO - FILTERS             : 64
[2020-07-22 21:10:30,461] {logger:46} INFO - CLASSIFIER_DROPOUT  : [0.0, 0.0]
[2020-07-22 21:10:30,461] {logger:46} INFO - FEATURE_EXTR_DROPOUT: [0.0, 0.0, 0.0, 0.0, 0.0, 0.0, 0.0, 0.0]
[2020-07-22 21:10:30,461] {logger:46} INFO - MODEL_NAME          : model_3conv_pool
[2020-07-22 21:10:30,461] {logger:46} INFO - GAIN                : 0.0
[2020-07-22 21:10:30,461] {logger:46} INFO - FLIP                : 0.0
[2020-07-22 21:10:30,461] {logger:46} INFO - FLIP_ALL            : 0.0
[2020-07-22 21:10:30,461] {logger:46} INFO - WINDOW_WARP_SIZE    : 0.0
[2020-07-22 21:10:30,461] {logger:46} INFO - FLIP_HORI           : 0.0
[2020-07-22 21:10:30,461] {logger:46} INFO - TIME_SHIFT          : 0.0
[2020-07-22 21:10:30,461] {logger:50} INFO - 
[2020-07-22 21:10:30,461] {logger:51} INFO - ================================================================================
[2020-07-22 21:10:30,461] {logger:52} INFO - evaluate best model of experiment exp001b on dataset test
[2020-07-22 21:10:30,461] {logger:53} INFO - ================================================================================
[2020-07-22 21:10:30,461] {logger:54} INFO - 
[2020-07-22 21:10:30,461] {logger:50} INFO - 
[2020-07-22 21:10:30,461] {logger:51} INFO - ================================================================================
[2020-07-22 21:10:30,461] {logger:52} INFO - start evaluation
[2020-07-22 21:10:30,461] {logger:53} INFO - ================================================================================
[2020-07-22 21:10:30,462] {logger:54} INFO - 
[2020-07-22 21:10:31,054] {dataloader:107} INFO - data distribution in database for dataset test:
	Wake                : 18077
	REM                 : 1915
	Non REM             : 14732
	Pre REM             : 603
	Artifact            : 93
[2020-07-22 21:10:31,057] {dataloader:134} INFO - data distribution after processing:
	Wake                : 18077
	REM                 : 1915
	Non REM             : 14732
	Pre REM             : 603
	Artifact            : 93
[2020-07-22 21:10:33,177] {evaluate_experiment:46} INFO - loaded model:
Model(
  (feature_extractor): Sequential(
    (0): BatchNorm1d(1, eps=1e-05, momentum=0.1, affine=True, track_running_stats=True)
    (1): ConstantPad1d(padding=(3, 4), value=0)
    (2): Conv1d(1, 128, kernel_size=(8,), stride=(1,))
    (3): ReLU(inplace=True)
    (4): BatchNorm1d(128, eps=1e-05, momentum=0.1, affine=True, track_running_stats=True)
    (5): ConstantPad1d(padding=(2, 2), value=0)
    (6): Conv1d(128, 256, kernel_size=(5,), stride=(1,))
    (7): ReLU(inplace=True)
    (8): BatchNorm1d(256, eps=1e-05, momentum=0.1, affine=True, track_running_stats=True)
    (9): ConstantPad1d(padding=(1, 1), value=0)
    (10): Conv1d(256, 128, kernel_size=(3,), stride=(1,))
    (11): ReLU(inplace=True)
    (12): BatchNorm1d(128, eps=1e-05, momentum=0.1, affine=True, track_running_stats=True)
    (13): AvgPool1d(kernel_size=(640,), stride=(640,), padding=(0,))
  )
  (classifier): Sequential(
    (0): Dropout(p=0.2, inplace=False)
    (1): Linear(in_features=384, out_features=5, bias=True)
  )
)
[2020-07-22 21:10:50,051] {result_logger:97} INFO - scores for sleep stages on dataset: test
[2020-07-22 21:10:50,126] {result_logger:103} INFO - precision on Wake: 0.951
[2020-07-22 21:10:50,173] {result_logger:104} INFO - recall on Wake: 0.974
[2020-07-22 21:10:50,225] {result_logger:107} INFO - F1-score on Wake: 0.963
[2020-07-22 21:10:50,225] {result_logger:108} INFO - 
[2020-07-22 21:10:50,296] {result_logger:103} INFO - precision on REM: 0.835
[2020-07-22 21:10:50,342] {result_logger:104} INFO - recall on REM: 0.941
[2020-07-22 21:10:50,388] {result_logger:107} INFO - F1-score on REM: 0.885
[2020-07-22 21:10:50,389] {result_logger:108} INFO - 
[2020-07-22 21:10:50,468] {result_logger:103} INFO - precision on Non REM: 0.974
[2020-07-22 21:10:50,515] {result_logger:104} INFO - recall on Non REM: 0.880
[2020-07-22 21:10:50,562] {result_logger:107} INFO - F1-score on Non REM: 0.925
[2020-07-22 21:10:50,563] {result_logger:108} INFO - 
[2020-07-22 21:10:50,635] {result_logger:103} INFO - precision on Pre REM: 0.342
[2020-07-22 21:10:50,681] {result_logger:104} INFO - recall on Pre REM: 0.668
[2020-07-22 21:10:50,728] {result_logger:107} INFO - F1-score on Pre REM: 0.452
[2020-07-22 21:10:50,728] {result_logger:108} INFO - 
[2020-07-22 21:10:50,799] {result_logger:103} INFO - precision on Artifact: 0.335
[2020-07-22 21:10:50,845] {result_logger:104} INFO - recall on Artifact: 0.914
[2020-07-22 21:10:50,891] {result_logger:107} INFO - F1-score on Artifact: 0.490
[2020-07-22 21:10:50,891] {result_logger:108} INFO - 
[2020-07-22 21:10:50,900] {result_logger:111} INFO - average precision on sleep stages: 0.687
[2020-07-22 21:10:50,909] {result_logger:113} INFO - average recall on sleep stages: 0.876
[2020-07-22 21:10:50,919] {result_logger:115} INFO - average F1-score on sleep stages: 0.743
[2020-07-22 21:10:50,919] {evaluate_experiment:53} INFO - 
[2020-07-22 21:10:50,919] {result_logger:130} INFO - confusion matrix for sleep stages on dataset: test
[2020-07-22 21:10:50,953] {result_logger:134} INFO - 
[[17616   142   241     7    71]
 [   17  1802     9    82     5]
 [  873   115 12965   687    92]
 [    8    97    94   403     1]
 [    2     1     5     0    85]]
[2020-07-22 21:10:51,148] {result_logger:141} INFO - 
[[ 97.45%   0.79%   1.33%   0.04%   0.39%]
 [  0.89%  94.10%   0.47%   4.28%   0.26%]
 [  5.93%   0.78%  88.01%   4.66%   0.62%]
 [  1.33%  16.09%  15.59%  66.83%   0.17%]
 [  2.15%   1.08%   5.38%   0.00%  91.40%]]
[2020-07-22 21:10:51,323] {result_logger:145} INFO - 
[[ 95.14%   6.58%   1.81%   0.59%  27.95%]
 [  0.09%  83.54%   0.07%   6.96%   1.97%]
 [  4.71%   5.33%  97.38%  58.27%  36.22%]
 [  0.04%   4.50%   0.71%  34.18%   0.39%]
 [  0.01%   0.05%   0.04%   0.00%  33.46%]]
[2020-07-22 21:10:51,696] {result_logger:74} INFO - transformation matrix for sleep stages on dataset: test
[2020-07-22 21:10:51,696] {result_logger:77} INFO - actual:
[2020-07-22 21:10:51,696] {result_logger:78} INFO - 
[[95.23%  0.00%  4.74%  0.00%  0.04%]
 [16.50% 79.58%  3.45%  0.21%  0.26%]
 [ 3.57%  0.07% 92.69%  3.33%  0.35%]
 [ 2.99% 62.85% 16.09% 17.91%  0.17%]
 [ 2.15%  2.15% 63.44%  1.08% 31.18%]]
[2020-07-22 21:10:51,696] {result_logger:79} INFO - predicted:
[2020-07-22 21:10:51,697] {result_logger:80} INFO - 
[[94.81%  0.25%  4.59%  0.07%  0.28%]
 [17.52% 75.89%  5.84%  0.51%  0.23%]
 [ 3.69%  0.19% 90.65%  5.01%  0.47%]
 [ 3.48% 37.74% 17.13% 41.22%  0.42%]
 [19.69%  1.18% 26.77%  0.79% 51.57%]]
[2020-07-22 21:10:51,697] {logger:50} INFO - 
[2020-07-22 21:10:51,697] {logger:51} INFO - ================================================================================
[2020-07-22 21:10:51,697] {logger:52} INFO - finished evaluation
[2020-07-22 21:10:51,697] {logger:53} INFO - ================================================================================
[2020-07-22 21:10:51,697] {logger:54} INFO - 
