[2020-08-05 11:17:19,199] {logger:43} INFO - evaluate_experiment.py, args: Namespace(dataset='test', experiment='exp006d')
================================================================================
[2020-08-05 11:17:19,199] {logger:44} INFO - config:
[2020-08-05 11:17:19,199] {logger:45} INFO - parameter name      | parameter value
[2020-08-05 11:17:19,200] {logger:46} INFO - experiment          : exp006d
[2020-08-05 11:17:19,200] {logger:46} INFO - RUN_NAME            : exp006d_2020-08-05_11-17-19
[2020-08-05 11:17:19,200] {logger:46} INFO - DEVICE              : cuda
[2020-08-05 11:17:19,200] {logger:46} INFO - EXPERIMENT_DIR      : /home/users/grieger/seminar/mice_tuebingen/results/exp006d
[2020-08-05 11:17:19,200] {logger:46} INFO - MODELS_DIR          : /home/users/grieger/seminar/mice_tuebingen/results/exp006d/models
[2020-08-05 11:17:19,200] {logger:46} INFO - VISUALS_DIR         : /home/users/grieger/seminar/mice_tuebingen/results/exp006d/visuals/exp006d_2020-08-05_11-17-19
[2020-08-05 11:17:19,200] {logger:46} INFO - DATA_DIR            : /home/users/grieger/data_tuebingen_h5/data
[2020-08-05 11:17:19,200] {logger:46} INFO - SAMPLE_DURATION     : 10
[2020-08-05 11:17:19,200] {logger:46} INFO - SAMPLING_RATE       : 64
[2020-08-05 11:17:19,200] {logger:46} INFO - SCORING_MAP         : {'Wake': [1, 17], 'REM': [3, 19], 'Non REM': [2, 18], 'Pre REM': [4, 20], 'Artifact': [8, 24, 255]}
[2020-08-05 11:17:19,200] {logger:46} INFO - STAGE_MAP           : {'Wake': 'Wake', 'REM': 'REM', 'Non REM': 'Non REM', 'Pre REM': 'Pre REM', 'Artifact': 'Artifact'}
[2020-08-05 11:17:19,201] {logger:46} INFO - DATA_SPLIT          : {'train': ['M19', 'M20', 'M21', 'M22', 'M23', 'M24', 'M25', 'M26', 'M27', 'M28', 'M29', 'M31', 'M32', 'M33'], 'valid': ['M34', 'M35'], 'test': ['M36', 'M37']}
[2020-08-05 11:17:19,201] {logger:46} INFO - DATA_FILE           : ./cache/dataset/data_tuebingen.h5
[2020-08-05 11:17:19,201] {logger:46} INFO - STAGES              : ['Wake', 'REM', 'Non REM', 'Pre REM', 'Artifact']
[2020-08-05 11:17:19,201] {logger:46} INFO - BALANCED_TRAINING   : False
[2020-08-05 11:17:19,201] {logger:46} INFO - BALANCING_WEIGHTS   : [0.3, 0.18, 0.24, 0.14, 0.14]
[2020-08-05 11:17:19,201] {logger:46} INFO - CHANNELS            : ['EEG_PR']
[2020-08-05 11:17:19,201] {logger:46} INFO - SAMPLES_LEFT        : 1
[2020-08-05 11:17:19,201] {logger:46} INFO - SAMPLES_RIGHT       : 1
[2020-08-05 11:17:19,201] {logger:46} INFO - LOG_INTERVAL        : 10
[2020-08-05 11:17:19,201] {logger:46} INFO - EXTRA_SAFE_MODELS   : False
[2020-08-05 11:17:19,201] {logger:46} INFO - BATCH_SIZE          : 256
[2020-08-05 11:17:19,201] {logger:46} INFO - DATA_FRACTION       : 1.0
[2020-08-05 11:17:19,202] {logger:46} INFO - DATA_FRACTION_STRAT : None
[2020-08-05 11:17:19,202] {logger:46} INFO - EPOCHS              : 50
[2020-08-05 11:17:19,202] {logger:46} INFO - WARMUP_EPOCHS       : 12
[2020-08-05 11:17:19,202] {logger:46} INFO - S_OPTIM_MODE        : exp
[2020-08-05 11:17:19,202] {logger:46} INFO - S_OPTIM_PARAS       : [0.06]
[2020-08-05 11:17:19,202] {logger:46} INFO - LEARNING_RATE       : 0.000256
[2020-08-05 11:17:19,202] {logger:46} INFO - OPTIMIZER           : <class 'torch.optim.adam.Adam'>
[2020-08-05 11:17:19,202] {logger:46} INFO - OPTIM_PARAS         : {}
[2020-08-05 11:17:19,202] {logger:46} INFO - L1_WEIGHT_DECAY     : 0
[2020-08-05 11:17:19,202] {logger:46} INFO - L2_WEIGHT_DECAY     : 0.0001
[2020-08-05 11:17:19,202] {logger:46} INFO - BATCH_SIZE_EVAL     : 512
[2020-08-05 11:17:19,203] {logger:46} INFO - FILTERS             : 96
[2020-08-05 11:17:19,203] {logger:46} INFO - CLASSIFIER_DROPOUT  : [0.2, 0.2]
[2020-08-05 11:17:19,203] {logger:46} INFO - FEATURE_EXTR_DROPOUT: [0.0, 0.2, 0.0, 0.2, 0.0, 0.2, 0.0, 0.2]
[2020-08-05 11:17:19,203] {logger:46} INFO - MODEL_NAME          : model_8conv_2fc
[2020-08-05 11:17:19,203] {logger:46} INFO - GAIN                : 0.0
[2020-08-05 11:17:19,203] {logger:46} INFO - FLIP                : 0.0
[2020-08-05 11:17:19,203] {logger:46} INFO - FLIP_ALL            : 0.0
[2020-08-05 11:17:19,203] {logger:46} INFO - WINDOW_WARP_SIZE    : 0.0
[2020-08-05 11:17:19,203] {logger:46} INFO - FLIP_HORI           : 0.0
[2020-08-05 11:17:19,203] {logger:46} INFO - TIME_SHIFT          : 0.06
[2020-08-05 11:17:19,203] {logger:50} INFO - 
[2020-08-05 11:17:19,203] {logger:51} INFO - ================================================================================
[2020-08-05 11:17:19,204] {logger:52} INFO - evaluate best model of experiment exp006d on dataset test
[2020-08-05 11:17:19,204] {logger:53} INFO - ================================================================================
[2020-08-05 11:17:19,204] {logger:54} INFO - 
[2020-08-05 11:17:19,204] {logger:50} INFO - 
[2020-08-05 11:17:19,204] {logger:51} INFO - ================================================================================
[2020-08-05 11:17:19,204] {logger:52} INFO - start evaluation
[2020-08-05 11:17:19,204] {logger:53} INFO - ================================================================================
[2020-08-05 11:17:19,204] {logger:54} INFO - 
[2020-08-05 11:17:19,722] {dataloader:107} INFO - data distribution in database for dataset test:
	Wake                : 18077
	REM                 : 1915
	Non REM             : 14732
	Pre REM             : 603
	Artifact            : 93
[2020-08-05 11:17:19,725] {dataloader:134} INFO - data distribution after processing:
	Wake                : 18077
	REM                 : 1915
	Non REM             : 14732
	Pre REM             : 603
	Artifact            : 93
[2020-08-05 11:17:21,557] {evaluate_experiment:46} INFO - loaded model:
Model(
  (feature_extractor): Sequential(
    (0): BatchNorm1d(1, eps=1e-05, momentum=0.1, affine=True, track_running_stats=True)
    (1): Conv1d(1, 96, kernel_size=(5,), stride=(1,))
    (2): ReLU(inplace=True)
    (3): BatchNorm1d(96, eps=1e-05, momentum=0.1, affine=True, track_running_stats=True)
    (4): Dropout(p=0.0, inplace=False)
    (5): Conv1d(96, 96, kernel_size=(5,), stride=(2,))
    (6): ReLU(inplace=True)
    (7): BatchNorm1d(96, eps=1e-05, momentum=0.1, affine=True, track_running_stats=True)
    (8): Dropout(p=0.2, inplace=False)
    (9): Conv1d(96, 96, kernel_size=(5,), stride=(1,))
    (10): ReLU(inplace=True)
    (11): BatchNorm1d(96, eps=1e-05, momentum=0.1, affine=True, track_running_stats=True)
    (12): Dropout(p=0.0, inplace=False)
    (13): Conv1d(96, 96, kernel_size=(5,), stride=(2,))
    (14): ReLU(inplace=True)
    (15): BatchNorm1d(96, eps=1e-05, momentum=0.1, affine=True, track_running_stats=True)
    (16): Dropout(p=0.2, inplace=False)
    (17): Conv1d(96, 96, kernel_size=(5,), stride=(1,))
    (18): ReLU(inplace=True)
    (19): BatchNorm1d(96, eps=1e-05, momentum=0.1, affine=True, track_running_stats=True)
    (20): Dropout(p=0.0, inplace=False)
    (21): Conv1d(96, 96, kernel_size=(5,), stride=(2,))
    (22): ReLU(inplace=True)
    (23): BatchNorm1d(96, eps=1e-05, momentum=0.1, affine=True, track_running_stats=True)
    (24): Dropout(p=0.2, inplace=False)
    (25): Conv1d(96, 96, kernel_size=(5,), stride=(1,))
    (26): ReLU(inplace=True)
    (27): BatchNorm1d(96, eps=1e-05, momentum=0.1, affine=True, track_running_stats=True)
    (28): Dropout(p=0.0, inplace=False)
    (29): Conv1d(96, 96, kernel_size=(5,), stride=(2,))
    (30): ReLU(inplace=True)
    (31): BatchNorm1d(96, eps=1e-05, momentum=0.1, affine=True, track_running_stats=True)
    (32): Dropout(p=0.2, inplace=False)
  )
  (classifier): Sequential(
    (0): Dropout(p=0.2, inplace=False)
    (1): Linear(in_features=10848, out_features=80, bias=True)
    (2): ReLU(inplace=True)
    (3): Dropout(p=0.2, inplace=False)
    (4): Linear(in_features=80, out_features=5, bias=True)
  )
)
[2020-08-05 11:17:27,011] {result_logger:97} INFO - scores for sleep stages on dataset: test
[2020-08-05 11:17:27,081] {result_logger:103} INFO - precision on Wake: 0.961
[2020-08-05 11:17:27,115] {result_logger:104} INFO - recall on Wake: 0.988
[2020-08-05 11:17:27,149] {result_logger:107} INFO - F1-score on Wake: 0.974
[2020-08-05 11:17:27,149] {result_logger:108} INFO - 
[2020-08-05 11:17:27,202] {result_logger:103} INFO - precision on REM: 0.889
[2020-08-05 11:17:27,235] {result_logger:104} INFO - recall on REM: 0.957
[2020-08-05 11:17:27,269] {result_logger:107} INFO - F1-score on REM: 0.922
[2020-08-05 11:17:27,269] {result_logger:108} INFO - 
[2020-08-05 11:17:27,323] {result_logger:103} INFO - precision on Non REM: 0.974
[2020-08-05 11:17:27,357] {result_logger:104} INFO - recall on Non REM: 0.939
[2020-08-05 11:17:27,392] {result_logger:107} INFO - F1-score on Non REM: 0.956
[2020-08-05 11:17:27,392] {result_logger:108} INFO - 
[2020-08-05 11:17:27,442] {result_logger:103} INFO - precision on Pre REM: 0.602
[2020-08-05 11:17:27,475] {result_logger:104} INFO - recall on Pre REM: 0.502
[2020-08-05 11:17:27,508] {result_logger:107} INFO - F1-score on Pre REM: 0.548
[2020-08-05 11:17:27,508] {result_logger:108} INFO - 
[2020-08-05 11:17:27,559] {result_logger:103} INFO - precision on Artifact: 0.804
[2020-08-05 11:17:27,591] {result_logger:104} INFO - recall on Artifact: 0.398
[2020-08-05 11:17:27,624] {result_logger:107} INFO - F1-score on Artifact: 0.532
[2020-08-05 11:17:27,624] {result_logger:108} INFO - 
[2020-08-05 11:17:27,632] {result_logger:111} INFO - average precision on sleep stages: 0.846
[2020-08-05 11:17:27,638] {result_logger:113} INFO - average recall on sleep stages: 0.757
[2020-08-05 11:17:27,646] {result_logger:115} INFO - average F1-score on sleep stages: 0.787
[2020-08-05 11:17:27,646] {evaluate_experiment:53} INFO - 
[2020-08-05 11:17:27,646] {result_logger:130} INFO - confusion matrix for sleep stages on dataset: test
[2020-08-05 11:17:27,669] {result_logger:134} INFO - 
[[17868    38   170     0     1]
 [   20  1833    22    38     2]
 [  676    50 13839   162     5]
 [    7   140   152   303     1]
 [   30     2    24     0    37]]
[2020-08-05 11:17:27,839] {result_logger:141} INFO - 
[[ 98.84%   0.21%   0.94%   0.00%   0.01%]
 [  1.04%  95.72%   1.15%   1.98%   0.10%]
 [  4.59%   0.34%  93.94%   1.10%   0.03%]
 [  1.16%  23.22%  25.21%  50.25%   0.17%]
 [ 32.26%   2.15%  25.81%   0.00%  39.78%]]
[2020-08-05 11:17:27,959] {result_logger:145} INFO - 
[[ 96.06%   1.84%   1.20%   0.00%   2.17%]
 [  0.11%  88.85%   0.15%   7.55%   4.35%]
 [  3.63%   2.42%  97.41%  32.21%  10.87%]
 [  0.04%   6.79%   1.07%  60.24%   2.17%]
 [  0.16%   0.10%   0.17%   0.00%  80.43%]]
[2020-08-05 11:17:28,198] {result_logger:74} INFO - transformation matrix for sleep stages on dataset: test
[2020-08-05 11:17:28,198] {result_logger:77} INFO - actual:
[2020-08-05 11:17:28,198] {result_logger:78} INFO - 
[[95.23%  0.00%  4.74%  0.00%  0.04%]
 [16.50% 79.58%  3.45%  0.21%  0.26%]
 [ 3.57%  0.07% 92.69%  3.33%  0.35%]
 [ 2.99% 62.85% 16.09% 17.91%  0.17%]
 [ 2.15%  2.15% 63.44%  1.08% 31.18%]]
[2020-08-05 11:17:28,198] {result_logger:79} INFO - predicted:
[2020-08-05 11:17:28,198] {result_logger:80} INFO - 
[[94.25%  0.13%  5.52%  0.04%  0.05%]
 [18.03% 78.38%  3.34%  0.15%  0.10%]
 [ 4.80%  0.37% 91.99%  2.64%  0.20%]
 [ 0.80% 72.96%  2.78% 23.46%  0.00%]
 [21.74%  4.35% 63.04%  0.00% 10.87%]]
[2020-08-05 11:17:28,198] {logger:50} INFO - 
[2020-08-05 11:17:28,198] {logger:51} INFO - ================================================================================
[2020-08-05 11:17:28,198] {logger:52} INFO - finished evaluation
[2020-08-05 11:17:28,198] {logger:53} INFO - ================================================================================
[2020-08-05 11:17:28,198] {logger:54} INFO - 
