[2020-07-22 21:14:30,711] {logger:43} INFO - evaluate_experiment.py, args: Namespace(dataset='test', experiment='exp002')
================================================================================
[2020-07-22 21:14:30,712] {logger:44} INFO - config:
[2020-07-22 21:14:30,712] {logger:45} INFO - parameter name      | parameter value
[2020-07-22 21:14:30,712] {logger:46} INFO - experiment          : exp002
[2020-07-22 21:14:30,712] {logger:46} INFO - RUN_NAME            : exp002_2020-07-22_21-14-30
[2020-07-22 21:14:30,712] {logger:46} INFO - DEVICE              : cuda
[2020-07-22 21:14:30,712] {logger:46} INFO - EXPERIMENT_DIR      : /home/users/grieger/seminar/mice_tuebingen/results/exp002
[2020-07-22 21:14:30,712] {logger:46} INFO - MODELS_DIR          : /home/users/grieger/seminar/mice_tuebingen/results/exp002/models
[2020-07-22 21:14:30,712] {logger:46} INFO - VISUALS_DIR         : /home/users/grieger/seminar/mice_tuebingen/results/exp002/visuals/exp002_2020-07-22_21-14-30
[2020-07-22 21:14:30,712] {logger:46} INFO - DATA_DIR            : /home/users/grieger/data_tuebingen_h5/data
[2020-07-22 21:14:30,712] {logger:46} INFO - SAMPLE_DURATION     : 10
[2020-07-22 21:14:30,712] {logger:46} INFO - SAMPLING_RATE       : 64
[2020-07-22 21:14:30,712] {logger:46} INFO - SCORING_MAP         : {'Wake': [1, 17], 'REM': [3, 19], 'Non REM': [2, 18], 'Pre REM': [4, 20], 'Artifact': [8, 24, 255]}
[2020-07-22 21:14:30,712] {logger:46} INFO - STAGE_MAP           : {'Wake': 'Wake', 'REM': 'REM', 'Non REM': 'Non REM', 'Pre REM': 'Non REM', 'Artifact': None}
[2020-07-22 21:14:30,712] {logger:46} INFO - DATA_SPLIT          : {'train': ['M19', 'M20', 'M21', 'M22', 'M23', 'M24', 'M25', 'M26', 'M27', 'M28', 'M29', 'M31', 'M32', 'M33'], 'valid': ['M34', 'M35'], 'test': ['M36', 'M37']}
[2020-07-22 21:14:30,712] {logger:46} INFO - DATA_FILE           : ./cache/dataset/data_tuebingen_main_stages.h5
[2020-07-22 21:14:30,712] {logger:46} INFO - STAGES              : ['Wake', 'REM', 'Non REM']
[2020-07-22 21:14:30,712] {logger:46} INFO - BALANCED_TRAINING   : True
[2020-07-22 21:14:30,712] {logger:46} INFO - BALANCING_WEIGHTS   : [0.41, 0.25, 0.34]
[2020-07-22 21:14:30,712] {logger:46} INFO - CHANNELS            : ['EEG_PR']
[2020-07-22 21:14:30,712] {logger:46} INFO - SAMPLES_LEFT        : 1
[2020-07-22 21:14:30,712] {logger:46} INFO - SAMPLES_RIGHT       : 1
[2020-07-22 21:14:30,712] {logger:46} INFO - LOG_INTERVAL        : 10
[2020-07-22 21:14:30,712] {logger:46} INFO - EXTRA_SAFE_MODELS   : False
[2020-07-22 21:14:30,712] {logger:46} INFO - BATCH_SIZE          : 256
[2020-07-22 21:14:30,712] {logger:46} INFO - DATA_FRACTION       : 1.0
[2020-07-22 21:14:30,712] {logger:46} INFO - DATA_FRACTION_STRAT : None
[2020-07-22 21:14:30,712] {logger:46} INFO - EPOCHS              : 50
[2020-07-22 21:14:30,712] {logger:46} INFO - WARMUP_EPOCHS       : 12
[2020-07-22 21:14:30,712] {logger:46} INFO - S_OPTIM_MODE        : exp
[2020-07-22 21:14:30,713] {logger:46} INFO - S_OPTIM_PARAS       : [0.06]
[2020-07-22 21:14:30,713] {logger:46} INFO - LEARNING_RATE       : 0.000256
[2020-07-22 21:14:30,713] {logger:46} INFO - OPTIMIZER           : <class 'torch.optim.adam.Adam'>
[2020-07-22 21:14:30,713] {logger:46} INFO - OPTIM_PARAS         : {}
[2020-07-22 21:14:30,713] {logger:46} INFO - L1_WEIGHT_DECAY     : 0
[2020-07-22 21:14:30,713] {logger:46} INFO - L2_WEIGHT_DECAY     : 0.0001
[2020-07-22 21:14:30,713] {logger:46} INFO - BATCH_SIZE_EVAL     : 512
[2020-07-22 21:14:30,713] {logger:46} INFO - FILTERS             : 96
[2020-07-22 21:14:30,713] {logger:46} INFO - CLASSIFIER_DROPOUT  : [0.2, 0.2]
[2020-07-22 21:14:30,713] {logger:46} INFO - FEATURE_EXTR_DROPOUT: [0.0, 0.2, 0.0, 0.2, 0.0, 0.2, 0.0, 0.2]
[2020-07-22 21:14:30,713] {logger:46} INFO - MODEL_NAME          : model_8conv_2fc
[2020-07-22 21:14:30,713] {logger:46} INFO - GAIN                : 0.0
[2020-07-22 21:14:30,713] {logger:46} INFO - FLIP                : 0.0
[2020-07-22 21:14:30,713] {logger:46} INFO - FLIP_ALL            : 0.0
[2020-07-22 21:14:30,713] {logger:46} INFO - WINDOW_WARP_SIZE    : 0.0
[2020-07-22 21:14:30,713] {logger:46} INFO - FLIP_HORI           : 0.0
[2020-07-22 21:14:30,713] {logger:46} INFO - TIME_SHIFT          : 0.0
[2020-07-22 21:14:30,713] {logger:50} INFO - 
[2020-07-22 21:14:30,713] {logger:51} INFO - ================================================================================
[2020-07-22 21:14:30,713] {logger:52} INFO - evaluate best model of experiment exp002 on dataset test
[2020-07-22 21:14:30,713] {logger:53} INFO - ================================================================================
[2020-07-22 21:14:30,713] {logger:54} INFO - 
[2020-07-22 21:14:30,713] {logger:50} INFO - 
[2020-07-22 21:14:30,713] {logger:51} INFO - ================================================================================
[2020-07-22 21:14:30,713] {logger:52} INFO - start evaluation
[2020-07-22 21:14:30,713] {logger:53} INFO - ================================================================================
[2020-07-22 21:14:30,713] {logger:54} INFO - 
[2020-07-22 21:14:30,842] {dataloader:107} INFO - data distribution in database for dataset test:
	Wake                : 18077
	REM                 : 1915
	Non REM             : 15335
[2020-07-22 21:14:30,844] {dataloader:134} INFO - data distribution after processing:
	Wake                : 18077
	REM                 : 1915
	Non REM             : 15335
[2020-07-22 21:14:32,731] {evaluate_experiment:46} INFO - loaded model:
Model(
  (feature_extractor): Sequential(
    (0): BatchNorm1d(1, eps=1e-05, momentum=0.1, affine=True, track_running_stats=True)
    (1): Conv1d(1, 96, kernel_size=(5,), stride=(1,))
    (2): ReLU(inplace=True)
    (3): BatchNorm1d(96, eps=1e-05, momentum=0.1, affine=True, track_running_stats=True)
    (4): Dropout(p=0.0, inplace=False)
    (5): Conv1d(96, 96, kernel_size=(5,), stride=(2,))
    (6): ReLU(inplace=True)
    (7): BatchNorm1d(96, eps=1e-05, momentum=0.1, affine=True, track_running_stats=True)
    (8): Dropout(p=0.2, inplace=False)
    (9): Conv1d(96, 96, kernel_size=(5,), stride=(1,))
    (10): ReLU(inplace=True)
    (11): BatchNorm1d(96, eps=1e-05, momentum=0.1, affine=True, track_running_stats=True)
    (12): Dropout(p=0.0, inplace=False)
    (13): Conv1d(96, 96, kernel_size=(5,), stride=(2,))
    (14): ReLU(inplace=True)
    (15): BatchNorm1d(96, eps=1e-05, momentum=0.1, affine=True, track_running_stats=True)
    (16): Dropout(p=0.2, inplace=False)
    (17): Conv1d(96, 96, kernel_size=(5,), stride=(1,))
    (18): ReLU(inplace=True)
    (19): BatchNorm1d(96, eps=1e-05, momentum=0.1, affine=True, track_running_stats=True)
    (20): Dropout(p=0.0, inplace=False)
    (21): Conv1d(96, 96, kernel_size=(5,), stride=(2,))
    (22): ReLU(inplace=True)
    (23): BatchNorm1d(96, eps=1e-05, momentum=0.1, affine=True, track_running_stats=True)
    (24): Dropout(p=0.2, inplace=False)
    (25): Conv1d(96, 96, kernel_size=(5,), stride=(1,))
    (26): ReLU(inplace=True)
    (27): BatchNorm1d(96, eps=1e-05, momentum=0.1, affine=True, track_running_stats=True)
    (28): Dropout(p=0.0, inplace=False)
    (29): Conv1d(96, 96, kernel_size=(5,), stride=(2,))
    (30): ReLU(inplace=True)
    (31): BatchNorm1d(96, eps=1e-05, momentum=0.1, affine=True, track_running_stats=True)
    (32): Dropout(p=0.2, inplace=False)
  )
  (classifier): Sequential(
    (0): Dropout(p=0.2, inplace=False)
    (1): Linear(in_features=10848, out_features=80, bias=True)
    (2): ReLU(inplace=True)
    (3): Dropout(p=0.2, inplace=False)
    (4): Linear(in_features=80, out_features=3, bias=True)
  )
)
[2020-07-22 21:14:38,711] {result_logger:97} INFO - scores for sleep stages on dataset: test
[2020-07-22 21:14:38,777] {result_logger:103} INFO - precision on Wake: 0.961
[2020-07-22 21:14:38,810] {result_logger:104} INFO - recall on Wake: 0.989
[2020-07-22 21:14:38,843] {result_logger:107} INFO - F1-score on Wake: 0.975
[2020-07-22 21:14:38,843] {result_logger:108} INFO - 
[2020-07-22 21:14:38,892] {result_logger:103} INFO - precision on REM: 0.862
[2020-07-22 21:14:38,924] {result_logger:104} INFO - recall on REM: 0.969
[2020-07-22 21:14:38,955] {result_logger:107} INFO - F1-score on REM: 0.912
[2020-07-22 21:14:38,955] {result_logger:108} INFO - 
[2020-07-22 21:14:39,007] {result_logger:103} INFO - precision on Non REM: 0.985
[2020-07-22 21:14:39,040] {result_logger:104} INFO - recall on Non REM: 0.937
[2020-07-22 21:14:39,073] {result_logger:107} INFO - F1-score on Non REM: 0.960
[2020-07-22 21:14:39,073] {result_logger:108} INFO - 
[2020-07-22 21:14:39,080] {result_logger:111} INFO - average precision on sleep stages: 0.936
[2020-07-22 21:14:39,087] {result_logger:113} INFO - average recall on sleep stages: 0.965
[2020-07-22 21:14:39,093] {result_logger:115} INFO - average F1-score on sleep stages: 0.949
[2020-07-22 21:14:39,093] {evaluate_experiment:53} INFO - 
[2020-07-22 21:14:39,093] {result_logger:130} INFO - confusion matrix for sleep stages on dataset: test
[2020-07-22 21:14:39,117] {result_logger:134} INFO - 
[[17870    36   171]
 [    6  1855    54]
 [  712   260 14363]]
[2020-07-22 21:14:39,236] {result_logger:141} INFO - 
[[ 98.85%   0.20%   0.95%]
 [  0.31%  96.87%   2.82%]
 [  4.64%   1.70%  93.66%]]
[2020-07-22 21:14:39,335] {result_logger:145} INFO - 
[[ 96.14%   1.67%   1.17%]
 [  0.03%  86.24%   0.37%]
 [  3.83%  12.09%  98.46%]]
[2020-07-22 21:14:39,535] {result_logger:74} INFO - transformation matrix for sleep stages on dataset: test
[2020-07-22 21:14:39,535] {result_logger:77} INFO - actual:
[2020-07-22 21:14:39,535] {result_logger:78} INFO - 
[[95.23%  0.00%  4.77%]
 [16.55% 79.63%  3.81%]
 [ 3.55%  2.54% 93.91%]]
[2020-07-22 21:14:39,535] {result_logger:79} INFO - predicted:
[2020-07-22 21:14:39,536] {result_logger:80} INFO - 
[[94.30%  0.09%  5.61%]
 [17.39% 78.80%  3.81%]
 [ 4.70%  3.01% 92.29%]]
[2020-07-22 21:14:39,536] {logger:50} INFO - 
[2020-07-22 21:14:39,536] {logger:51} INFO - ================================================================================
[2020-07-22 21:14:39,536] {logger:52} INFO - finished evaluation
[2020-07-22 21:14:39,536] {logger:53} INFO - ================================================================================
[2020-07-22 21:14:39,536] {logger:54} INFO - 
