[2020-07-26 16:21:48,862] {logger:43} INFO - evaluate_experiment.py, args: Namespace(dataset='test', experiment='exp002')
================================================================================
[2020-07-26 16:21:48,862] {logger:44} INFO - config:
[2020-07-26 16:21:48,862] {logger:45} INFO - parameter name      | parameter value
[2020-07-26 16:21:48,862] {logger:46} INFO - experiment          : exp002
[2020-07-26 16:21:48,862] {logger:46} INFO - RUN_NAME            : exp002_2020-07-26_16-21-48
[2020-07-26 16:21:48,862] {logger:46} INFO - DEVICE              : cuda
[2020-07-26 16:21:48,862] {logger:46} INFO - EXPERIMENT_DIR      : /home/users/grieger/seminar/mice_tuebingen/results/exp002
[2020-07-26 16:21:48,862] {logger:46} INFO - MODELS_DIR          : /home/users/grieger/seminar/mice_tuebingen/results/exp002/models
[2020-07-26 16:21:48,862] {logger:46} INFO - VISUALS_DIR         : /home/users/grieger/seminar/mice_tuebingen/results/exp002/visuals/exp002_2020-07-26_16-21-48
[2020-07-26 16:21:48,862] {logger:46} INFO - DATA_DIR            : /home/users/grieger/data_tuebingen_h5/data
[2020-07-26 16:21:48,862] {logger:46} INFO - SAMPLE_DURATION     : 10
[2020-07-26 16:21:48,862] {logger:46} INFO - SAMPLING_RATE       : 64
[2020-07-26 16:21:48,863] {logger:46} INFO - SCORING_MAP         : {'Wake': [1, 17], 'REM': [3, 19], 'Non REM': [2, 18], 'Pre REM': [4, 20], 'Artifact': [8, 24, 255]}
[2020-07-26 16:21:48,863] {logger:46} INFO - STAGE_MAP           : {'Wake': 'Wake', 'REM': 'REM', 'Non REM': 'Non REM', 'Pre REM': 'Non REM', 'Artifact': None}
[2020-07-26 16:21:48,863] {logger:46} INFO - DATA_SPLIT          : {'train': ['M19', 'M20', 'M21', 'M22', 'M23', 'M24', 'M25', 'M26', 'M27', 'M28', 'M29', 'M31', 'M32', 'M33'], 'valid': ['M34', 'M35'], 'test': ['M36', 'M37']}
[2020-07-26 16:21:48,863] {logger:46} INFO - DATA_FILE           : ./cache/dataset/data_tuebingen_main_stages.h5
[2020-07-26 16:21:48,863] {logger:46} INFO - STAGES              : ['Wake', 'REM', 'Non REM']
[2020-07-26 16:21:48,863] {logger:46} INFO - BALANCED_TRAINING   : True
[2020-07-26 16:21:48,863] {logger:46} INFO - BALANCING_WEIGHTS   : [0.41, 0.25, 0.34]
[2020-07-26 16:21:48,863] {logger:46} INFO - CHANNELS            : ['EEG_PR']
[2020-07-26 16:21:48,863] {logger:46} INFO - SAMPLES_LEFT        : 1
[2020-07-26 16:21:48,863] {logger:46} INFO - SAMPLES_RIGHT       : 1
[2020-07-26 16:21:48,863] {logger:46} INFO - LOG_INTERVAL        : 10
[2020-07-26 16:21:48,863] {logger:46} INFO - EXTRA_SAFE_MODELS   : False
[2020-07-26 16:21:48,863] {logger:46} INFO - BATCH_SIZE          : 256
[2020-07-26 16:21:48,863] {logger:46} INFO - DATA_FRACTION       : 1.0
[2020-07-26 16:21:48,863] {logger:46} INFO - DATA_FRACTION_STRAT : None
[2020-07-26 16:21:48,863] {logger:46} INFO - EPOCHS              : 50
[2020-07-26 16:21:48,863] {logger:46} INFO - WARMUP_EPOCHS       : 12
[2020-07-26 16:21:48,863] {logger:46} INFO - S_OPTIM_MODE        : exp
[2020-07-26 16:21:48,863] {logger:46} INFO - S_OPTIM_PARAS       : [0.06]
[2020-07-26 16:21:48,863] {logger:46} INFO - LEARNING_RATE       : 0.000256
[2020-07-26 16:21:48,863] {logger:46} INFO - OPTIMIZER           : <class 'torch.optim.adam.Adam'>
[2020-07-26 16:21:48,863] {logger:46} INFO - OPTIM_PARAS         : {}
[2020-07-26 16:21:48,863] {logger:46} INFO - L1_WEIGHT_DECAY     : 0
[2020-07-26 16:21:48,863] {logger:46} INFO - L2_WEIGHT_DECAY     : 0.0001
[2020-07-26 16:21:48,863] {logger:46} INFO - BATCH_SIZE_EVAL     : 512
[2020-07-26 16:21:48,863] {logger:46} INFO - FILTERS             : 96
[2020-07-26 16:21:48,863] {logger:46} INFO - CLASSIFIER_DROPOUT  : [0.2, 0.2]
[2020-07-26 16:21:48,863] {logger:46} INFO - FEATURE_EXTR_DROPOUT: [0.0, 0.2, 0.0, 0.2, 0.0, 0.2, 0.0, 0.2]
[2020-07-26 16:21:48,863] {logger:46} INFO - MODEL_NAME          : model_8conv_2fc
[2020-07-26 16:21:48,863] {logger:46} INFO - GAIN                : 0.0
[2020-07-26 16:21:48,863] {logger:46} INFO - FLIP                : 0.0
[2020-07-26 16:21:48,863] {logger:46} INFO - FLIP_ALL            : 0.0
[2020-07-26 16:21:48,863] {logger:46} INFO - WINDOW_WARP_SIZE    : 0.0
[2020-07-26 16:21:48,864] {logger:46} INFO - FLIP_HORI           : 0.0
[2020-07-26 16:21:48,864] {logger:46} INFO - TIME_SHIFT          : 0.0
[2020-07-26 16:21:48,864] {logger:50} INFO - 
[2020-07-26 16:21:48,864] {logger:51} INFO - ================================================================================
[2020-07-26 16:21:48,864] {logger:52} INFO - evaluate best model of experiment exp002 on dataset test
[2020-07-26 16:21:48,864] {logger:53} INFO - ================================================================================
[2020-07-26 16:21:48,864] {logger:54} INFO - 
[2020-07-26 16:21:48,864] {logger:50} INFO - 
[2020-07-26 16:21:48,864] {logger:51} INFO - ================================================================================
[2020-07-26 16:21:48,864] {logger:52} INFO - start evaluation
[2020-07-26 16:21:48,864] {logger:53} INFO - ================================================================================
[2020-07-26 16:21:48,864] {logger:54} INFO - 
[2020-07-26 16:21:48,990] {dataloader:107} INFO - data distribution in database for dataset test:
	Wake                : 18077
	REM                 : 1915
	Non REM             : 15335
[2020-07-26 16:21:48,993] {dataloader:134} INFO - data distribution after processing:
	Wake                : 18077
	REM                 : 1915
	Non REM             : 15335
[2020-07-26 16:21:50,978] {evaluate_experiment:46} INFO - loaded model:
Model(
  (feature_extractor): Sequential(
    (0): BatchNorm1d(1, eps=1e-05, momentum=0.1, affine=True, track_running_stats=True)
    (1): Conv1d(1, 96, kernel_size=(5,), stride=(1,))
    (2): ReLU(inplace=True)
    (3): BatchNorm1d(96, eps=1e-05, momentum=0.1, affine=True, track_running_stats=True)
    (4): Dropout(p=0.0, inplace=False)
    (5): Conv1d(96, 96, kernel_size=(5,), stride=(2,))
    (6): ReLU(inplace=True)
    (7): BatchNorm1d(96, eps=1e-05, momentum=0.1, affine=True, track_running_stats=True)
    (8): Dropout(p=0.2, inplace=False)
    (9): Conv1d(96, 96, kernel_size=(5,), stride=(1,))
    (10): ReLU(inplace=True)
    (11): BatchNorm1d(96, eps=1e-05, momentum=0.1, affine=True, track_running_stats=True)
    (12): Dropout(p=0.0, inplace=False)
    (13): Conv1d(96, 96, kernel_size=(5,), stride=(2,))
    (14): ReLU(inplace=True)
    (15): BatchNorm1d(96, eps=1e-05, momentum=0.1, affine=True, track_running_stats=True)
    (16): Dropout(p=0.2, inplace=False)
    (17): Conv1d(96, 96, kernel_size=(5,), stride=(1,))
    (18): ReLU(inplace=True)
    (19): BatchNorm1d(96, eps=1e-05, momentum=0.1, affine=True, track_running_stats=True)
    (20): Dropout(p=0.0, inplace=False)
    (21): Conv1d(96, 96, kernel_size=(5,), stride=(2,))
    (22): ReLU(inplace=True)
    (23): BatchNorm1d(96, eps=1e-05, momentum=0.1, affine=True, track_running_stats=True)
    (24): Dropout(p=0.2, inplace=False)
    (25): Conv1d(96, 96, kernel_size=(5,), stride=(1,))
    (26): ReLU(inplace=True)
    (27): BatchNorm1d(96, eps=1e-05, momentum=0.1, affine=True, track_running_stats=True)
    (28): Dropout(p=0.0, inplace=False)
    (29): Conv1d(96, 96, kernel_size=(5,), stride=(2,))
    (30): ReLU(inplace=True)
    (31): BatchNorm1d(96, eps=1e-05, momentum=0.1, affine=True, track_running_stats=True)
    (32): Dropout(p=0.2, inplace=False)
  )
  (classifier): Sequential(
    (0): Dropout(p=0.2, inplace=False)
    (1): Linear(in_features=10848, out_features=80, bias=True)
    (2): ReLU(inplace=True)
    (3): Dropout(p=0.2, inplace=False)
    (4): Linear(in_features=80, out_features=3, bias=True)
  )
)
[2020-07-26 16:21:57,155] {result_logger:97} INFO - scores for sleep stages on dataset: test
[2020-07-26 16:21:57,209] {result_logger:103} INFO - precision on Wake: 0.965
[2020-07-26 16:21:57,242] {result_logger:104} INFO - recall on Wake: 0.988
[2020-07-26 16:21:57,275] {result_logger:107} INFO - F1-score on Wake: 0.976
[2020-07-26 16:21:57,275] {result_logger:108} INFO - 
[2020-07-26 16:21:57,326] {result_logger:103} INFO - precision on REM: 0.878
[2020-07-26 16:21:57,358] {result_logger:104} INFO - recall on REM: 0.966
[2020-07-26 16:21:57,390] {result_logger:107} INFO - F1-score on REM: 0.920
[2020-07-26 16:21:57,391] {result_logger:108} INFO - 
[2020-07-26 16:21:57,443] {result_logger:103} INFO - precision on Non REM: 0.983
[2020-07-26 16:21:57,490] {result_logger:104} INFO - recall on Non REM: 0.944
[2020-07-26 16:21:57,537] {result_logger:107} INFO - F1-score on Non REM: 0.963
[2020-07-26 16:21:57,537] {result_logger:108} INFO - 
[2020-07-26 16:21:57,545] {result_logger:111} INFO - average precision on sleep stages: 0.942
[2020-07-26 16:21:57,553] {result_logger:113} INFO - average recall on sleep stages: 0.966
[2020-07-26 16:21:57,563] {result_logger:115} INFO - average F1-score on sleep stages: 0.953
[2020-07-26 16:21:57,564] {evaluate_experiment:53} INFO - 
[2020-07-26 16:21:57,564] {result_logger:130} INFO - confusion matrix for sleep stages on dataset: test
[2020-07-26 16:21:57,595] {result_logger:134} INFO - 
[[17852    23   202]
 [   12  1850    53]
 [  629   235 14471]]
[2020-07-26 16:21:57,738] {result_logger:141} INFO - 
[[ 98.76%   0.13%   1.12%]
 [  0.63%  96.61%   2.77%]
 [  4.10%   1.53%  94.37%]]
[2020-07-26 16:21:57,834] {result_logger:145} INFO - 
[[ 96.53%   1.09%   1.37%]
 [  0.06%  87.76%   0.36%]
 [  3.40%  11.15%  98.27%]]
[2020-07-26 16:21:58,035] {result_logger:74} INFO - transformation matrix for sleep stages on dataset: test
[2020-07-26 16:21:58,035] {result_logger:77} INFO - actual:
[2020-07-26 16:21:58,035] {result_logger:78} INFO - 
[[95.23%  0.00%  4.77%]
 [16.55% 79.63%  3.81%]
 [ 3.55%  2.54% 93.91%]]
[2020-07-26 16:21:58,036] {result_logger:79} INFO - predicted:
[2020-07-26 16:21:58,036] {result_logger:80} INFO - 
[[94.58%  0.05%  5.37%]
 [16.22% 79.13%  4.65%]
 [ 4.48%  2.92% 92.60%]]
[2020-07-26 16:21:58,036] {logger:50} INFO - 
[2020-07-26 16:21:58,036] {logger:51} INFO - ================================================================================
[2020-07-26 16:21:58,036] {logger:52} INFO - finished evaluation
[2020-07-26 16:21:58,036] {logger:53} INFO - ================================================================================
[2020-07-26 16:21:58,036] {logger:54} INFO - 
