[2020-08-05 11:17:07,608] {logger:43} INFO - evaluate_experiment.py, args: Namespace(dataset='test', experiment='exp006c')
================================================================================
[2020-08-05 11:17:07,609] {logger:44} INFO - config:
[2020-08-05 11:17:07,609] {logger:45} INFO - parameter name      | parameter value
[2020-08-05 11:17:07,609] {logger:46} INFO - experiment          : exp006c
[2020-08-05 11:17:07,609] {logger:46} INFO - RUN_NAME            : exp006c_2020-08-05_11-17-07
[2020-08-05 11:17:07,609] {logger:46} INFO - DEVICE              : cuda
[2020-08-05 11:17:07,609] {logger:46} INFO - EXPERIMENT_DIR      : /home/users/grieger/seminar/mice_tuebingen/results/exp006c
[2020-08-05 11:17:07,609] {logger:46} INFO - MODELS_DIR          : /home/users/grieger/seminar/mice_tuebingen/results/exp006c/models
[2020-08-05 11:17:07,609] {logger:46} INFO - VISUALS_DIR         : /home/users/grieger/seminar/mice_tuebingen/results/exp006c/visuals/exp006c_2020-08-05_11-17-07
[2020-08-05 11:17:07,609] {logger:46} INFO - DATA_DIR            : /home/users/grieger/data_tuebingen_h5/data
[2020-08-05 11:17:07,609] {logger:46} INFO - SAMPLE_DURATION     : 10
[2020-08-05 11:17:07,610] {logger:46} INFO - SAMPLING_RATE       : 64
[2020-08-05 11:17:07,610] {logger:46} INFO - SCORING_MAP         : {'Wake': [1, 17], 'REM': [3, 19], 'Non REM': [2, 18], 'Pre REM': [4, 20], 'Artifact': [8, 24, 255]}
[2020-08-05 11:17:07,610] {logger:46} INFO - STAGE_MAP           : {'Wake': 'Wake', 'REM': 'REM', 'Non REM': 'Non REM', 'Pre REM': 'Pre REM', 'Artifact': 'Artifact'}
[2020-08-05 11:17:07,610] {logger:46} INFO - DATA_SPLIT          : {'train': ['M19', 'M20', 'M21', 'M22', 'M23', 'M24', 'M25', 'M26', 'M27', 'M28', 'M29', 'M31', 'M32', 'M33'], 'valid': ['M34', 'M35'], 'test': ['M36', 'M37']}
[2020-08-05 11:17:07,610] {logger:46} INFO - DATA_FILE           : ./cache/dataset/data_tuebingen.h5
[2020-08-05 11:17:07,610] {logger:46} INFO - STAGES              : ['Wake', 'REM', 'Non REM', 'Pre REM', 'Artifact']
[2020-08-05 11:17:07,610] {logger:46} INFO - BALANCED_TRAINING   : False
[2020-08-05 11:17:07,610] {logger:46} INFO - BALANCING_WEIGHTS   : [0.3, 0.18, 0.24, 0.14, 0.14]
[2020-08-05 11:17:07,610] {logger:46} INFO - CHANNELS            : ['EEG_PR']
[2020-08-05 11:17:07,610] {logger:46} INFO - SAMPLES_LEFT        : 1
[2020-08-05 11:17:07,610] {logger:46} INFO - SAMPLES_RIGHT       : 1
[2020-08-05 11:17:07,611] {logger:46} INFO - LOG_INTERVAL        : 10
[2020-08-05 11:17:07,611] {logger:46} INFO - EXTRA_SAFE_MODELS   : False
[2020-08-05 11:17:07,611] {logger:46} INFO - BATCH_SIZE          : 256
[2020-08-05 11:17:07,611] {logger:46} INFO - DATA_FRACTION       : 1.0
[2020-08-05 11:17:07,611] {logger:46} INFO - DATA_FRACTION_STRAT : None
[2020-08-05 11:17:07,611] {logger:46} INFO - EPOCHS              : 50
[2020-08-05 11:17:07,611] {logger:46} INFO - WARMUP_EPOCHS       : 12
[2020-08-05 11:17:07,611] {logger:46} INFO - S_OPTIM_MODE        : exp
[2020-08-05 11:17:07,611] {logger:46} INFO - S_OPTIM_PARAS       : [0.06]
[2020-08-05 11:17:07,611] {logger:46} INFO - LEARNING_RATE       : 0.000256
[2020-08-05 11:17:07,611] {logger:46} INFO - OPTIMIZER           : <class 'torch.optim.adam.Adam'>
[2020-08-05 11:17:07,611] {logger:46} INFO - OPTIM_PARAS         : {}
[2020-08-05 11:17:07,612] {logger:46} INFO - L1_WEIGHT_DECAY     : 0
[2020-08-05 11:17:07,612] {logger:46} INFO - L2_WEIGHT_DECAY     : 0.0001
[2020-08-05 11:17:07,612] {logger:46} INFO - BATCH_SIZE_EVAL     : 512
[2020-08-05 11:17:07,612] {logger:46} INFO - FILTERS             : 96
[2020-08-05 11:17:07,612] {logger:46} INFO - CLASSIFIER_DROPOUT  : [0.2, 0.2]
[2020-08-05 11:17:07,612] {logger:46} INFO - FEATURE_EXTR_DROPOUT: [0.0, 0.2, 0.0, 0.2, 0.0, 0.2, 0.0, 0.2]
[2020-08-05 11:17:07,612] {logger:46} INFO - MODEL_NAME          : model_8conv_2fc
[2020-08-05 11:17:07,612] {logger:46} INFO - GAIN                : 0.0
[2020-08-05 11:17:07,612] {logger:46} INFO - FLIP                : 0.0
[2020-08-05 11:17:07,612] {logger:46} INFO - FLIP_ALL            : 0.0
[2020-08-05 11:17:07,612] {logger:46} INFO - WINDOW_WARP_SIZE    : 0.05
[2020-08-05 11:17:07,612] {logger:46} INFO - FLIP_HORI           : 0.0
[2020-08-05 11:17:07,613] {logger:46} INFO - TIME_SHIFT          : 0.0
[2020-08-05 11:17:07,613] {logger:50} INFO - 
[2020-08-05 11:17:07,613] {logger:51} INFO - ================================================================================
[2020-08-05 11:17:07,613] {logger:52} INFO - evaluate best model of experiment exp006c on dataset test
[2020-08-05 11:17:07,613] {logger:53} INFO - ================================================================================
[2020-08-05 11:17:07,613] {logger:54} INFO - 
[2020-08-05 11:17:07,613] {logger:50} INFO - 
[2020-08-05 11:17:07,613] {logger:51} INFO - ================================================================================
[2020-08-05 11:17:07,613] {logger:52} INFO - start evaluation
[2020-08-05 11:17:07,613] {logger:53} INFO - ================================================================================
[2020-08-05 11:17:07,613] {logger:54} INFO - 
[2020-08-05 11:17:08,253] {dataloader:107} INFO - data distribution in database for dataset test:
	Wake                : 18077
	REM                 : 1915
	Non REM             : 14732
	Pre REM             : 603
	Artifact            : 93
[2020-08-05 11:17:08,255] {dataloader:134} INFO - data distribution after processing:
	Wake                : 18077
	REM                 : 1915
	Non REM             : 14732
	Pre REM             : 603
	Artifact            : 93
[2020-08-05 11:17:10,064] {evaluate_experiment:46} INFO - loaded model:
Model(
  (feature_extractor): Sequential(
    (0): BatchNorm1d(1, eps=1e-05, momentum=0.1, affine=True, track_running_stats=True)
    (1): Conv1d(1, 96, kernel_size=(5,), stride=(1,))
    (2): ReLU(inplace=True)
    (3): BatchNorm1d(96, eps=1e-05, momentum=0.1, affine=True, track_running_stats=True)
    (4): Dropout(p=0.0, inplace=False)
    (5): Conv1d(96, 96, kernel_size=(5,), stride=(2,))
    (6): ReLU(inplace=True)
    (7): BatchNorm1d(96, eps=1e-05, momentum=0.1, affine=True, track_running_stats=True)
    (8): Dropout(p=0.2, inplace=False)
    (9): Conv1d(96, 96, kernel_size=(5,), stride=(1,))
    (10): ReLU(inplace=True)
    (11): BatchNorm1d(96, eps=1e-05, momentum=0.1, affine=True, track_running_stats=True)
    (12): Dropout(p=0.0, inplace=False)
    (13): Conv1d(96, 96, kernel_size=(5,), stride=(2,))
    (14): ReLU(inplace=True)
    (15): BatchNorm1d(96, eps=1e-05, momentum=0.1, affine=True, track_running_stats=True)
    (16): Dropout(p=0.2, inplace=False)
    (17): Conv1d(96, 96, kernel_size=(5,), stride=(1,))
    (18): ReLU(inplace=True)
    (19): BatchNorm1d(96, eps=1e-05, momentum=0.1, affine=True, track_running_stats=True)
    (20): Dropout(p=0.0, inplace=False)
    (21): Conv1d(96, 96, kernel_size=(5,), stride=(2,))
    (22): ReLU(inplace=True)
    (23): BatchNorm1d(96, eps=1e-05, momentum=0.1, affine=True, track_running_stats=True)
    (24): Dropout(p=0.2, inplace=False)
    (25): Conv1d(96, 96, kernel_size=(5,), stride=(1,))
    (26): ReLU(inplace=True)
    (27): BatchNorm1d(96, eps=1e-05, momentum=0.1, affine=True, track_running_stats=True)
    (28): Dropout(p=0.0, inplace=False)
    (29): Conv1d(96, 96, kernel_size=(5,), stride=(2,))
    (30): ReLU(inplace=True)
    (31): BatchNorm1d(96, eps=1e-05, momentum=0.1, affine=True, track_running_stats=True)
    (32): Dropout(p=0.2, inplace=False)
  )
  (classifier): Sequential(
    (0): Dropout(p=0.2, inplace=False)
    (1): Linear(in_features=10848, out_features=80, bias=True)
    (2): ReLU(inplace=True)
    (3): Dropout(p=0.2, inplace=False)
    (4): Linear(in_features=80, out_features=5, bias=True)
  )
)
[2020-08-05 11:17:15,506] {result_logger:97} INFO - scores for sleep stages on dataset: test
[2020-08-05 11:17:15,573] {result_logger:103} INFO - precision on Wake: 0.967
[2020-08-05 11:17:15,606] {result_logger:104} INFO - recall on Wake: 0.988
[2020-08-05 11:17:15,639] {result_logger:107} INFO - F1-score on Wake: 0.977
[2020-08-05 11:17:15,639] {result_logger:108} INFO - 
[2020-08-05 11:17:15,687] {result_logger:103} INFO - precision on REM: 0.910
[2020-08-05 11:17:15,719] {result_logger:104} INFO - recall on REM: 0.951
[2020-08-05 11:17:15,751] {result_logger:107} INFO - F1-score on REM: 0.930
[2020-08-05 11:17:15,751] {result_logger:108} INFO - 
[2020-08-05 11:17:15,804] {result_logger:103} INFO - precision on Non REM: 0.969
[2020-08-05 11:17:15,836] {result_logger:104} INFO - recall on Non REM: 0.950
[2020-08-05 11:17:15,869] {result_logger:107} INFO - F1-score on Non REM: 0.960
[2020-08-05 11:17:15,869] {result_logger:108} INFO - 
[2020-08-05 11:17:15,918] {result_logger:103} INFO - precision on Pre REM: 0.638
[2020-08-05 11:17:15,950] {result_logger:104} INFO - recall on Pre REM: 0.501
[2020-08-05 11:17:15,981] {result_logger:107} INFO - F1-score on Pre REM: 0.561
[2020-08-05 11:17:15,982] {result_logger:108} INFO - 
[2020-08-05 11:17:16,031] {result_logger:103} INFO - precision on Artifact: 0.815
[2020-08-05 11:17:16,063] {result_logger:104} INFO - recall on Artifact: 0.237
[2020-08-05 11:17:16,094] {result_logger:107} INFO - F1-score on Artifact: 0.367
[2020-08-05 11:17:16,094] {result_logger:108} INFO - 
[2020-08-05 11:17:16,101] {result_logger:111} INFO - average precision on sleep stages: 0.860
[2020-08-05 11:17:16,108] {result_logger:113} INFO - average recall on sleep stages: 0.725
[2020-08-05 11:17:16,115] {result_logger:115} INFO - average F1-score on sleep stages: 0.759
[2020-08-05 11:17:16,116] {evaluate_experiment:53} INFO - 
[2020-08-05 11:17:16,116] {result_logger:130} INFO - confusion matrix for sleep stages on dataset: test
[2020-08-05 11:17:16,138] {result_logger:134} INFO - 
[[17864    18   193     0     2]
 [   20  1822    28    44     1]
 [  564    39 14001   126     2]
 [    6   122   173   302     0]
 [   21     2    47     1    22]]
[2020-08-05 11:17:16,291] {result_logger:141} INFO - 
[[ 98.82%   0.10%   1.07%   0.00%   0.01%]
 [  1.04%  95.14%   1.46%   2.30%   0.05%]
 [  3.83%   0.26%  95.04%   0.86%   0.01%]
 [  1.00%  20.23%  28.69%  50.08%   0.00%]
 [ 22.58%   2.15%  50.54%   1.08%  23.66%]]
[2020-08-05 11:17:16,407] {result_logger:145} INFO - 
[[ 96.69%   0.90%   1.34%   0.00%   7.41%]
 [  0.11%  90.96%   0.19%   9.30%   3.70%]
 [  3.05%   1.95%  96.95%  26.64%   7.41%]
 [  0.03%   6.09%   1.20%  63.85%   0.00%]
 [  0.11%   0.10%   0.33%   0.21%  81.48%]]
[2020-08-05 11:17:16,641] {result_logger:74} INFO - transformation matrix for sleep stages on dataset: test
[2020-08-05 11:17:16,641] {result_logger:77} INFO - actual:
[2020-08-05 11:17:16,642] {result_logger:78} INFO - 
[[95.23%  0.00%  4.74%  0.00%  0.04%]
 [16.50% 79.58%  3.45%  0.21%  0.26%]
 [ 3.57%  0.07% 92.69%  3.33%  0.35%]
 [ 2.99% 62.85% 16.09% 17.91%  0.17%]
 [ 2.15%  2.15% 63.44%  1.08% 31.18%]]
[2020-08-05 11:17:16,642] {result_logger:79} INFO - predicted:
[2020-08-05 11:17:16,642] {result_logger:80} INFO - 
[[94.45%  0.05%  5.45%  0.01%  0.04%]
 [16.67% 78.98%  3.64%  0.45%  0.25%]
 [ 4.68%  0.45% 92.30%  2.49%  0.08%]
 [ 1.06% 73.15%  4.23% 21.56%  0.00%]
 [33.33%  3.70% 48.15%  0.00% 14.81%]]
[2020-08-05 11:17:16,642] {logger:50} INFO - 
[2020-08-05 11:17:16,642] {logger:51} INFO - ================================================================================
[2020-08-05 11:17:16,642] {logger:52} INFO - finished evaluation
[2020-08-05 11:17:16,642] {logger:53} INFO - ================================================================================
[2020-08-05 11:17:16,642] {logger:54} INFO - 
