[2020-08-05 11:29:05,415] {logger:43} INFO - evaluate_experiment.py, args: Namespace(dataset='test', experiment='exp005c')
================================================================================
[2020-08-05 11:29:05,415] {logger:44} INFO - config:
[2020-08-05 11:29:05,415] {logger:45} INFO - parameter name      | parameter value
[2020-08-05 11:29:05,415] {logger:46} INFO - experiment          : exp005c
[2020-08-05 11:29:05,415] {logger:46} INFO - RUN_NAME            : exp005c_2020-08-05_11-29-05
[2020-08-05 11:29:05,415] {logger:46} INFO - DEVICE              : cuda
[2020-08-05 11:29:05,415] {logger:46} INFO - EXPERIMENT_DIR      : /home/users/grieger/seminar/mice_tuebingen/results/exp005c
[2020-08-05 11:29:05,416] {logger:46} INFO - MODELS_DIR          : /home/users/grieger/seminar/mice_tuebingen/results/exp005c/models
[2020-08-05 11:29:05,416] {logger:46} INFO - VISUALS_DIR         : /home/users/grieger/seminar/mice_tuebingen/results/exp005c/visuals/exp005c_2020-08-05_11-29-05
[2020-08-05 11:29:05,416] {logger:46} INFO - DATA_DIR            : /home/users/grieger/data_tuebingen_h5/data
[2020-08-05 11:29:05,416] {logger:46} INFO - SAMPLE_DURATION     : 10
[2020-08-05 11:29:05,416] {logger:46} INFO - SAMPLING_RATE       : 64
[2020-08-05 11:29:05,416] {logger:46} INFO - SCORING_MAP         : {'Wake': [1, 17], 'REM': [3, 19], 'Non REM': [2, 18], 'Pre REM': [4, 20], 'Artifact': [8, 24, 255]}
[2020-08-05 11:29:05,416] {logger:46} INFO - STAGE_MAP           : {'Wake': 'Wake', 'REM': 'REM', 'Non REM': 'Non REM', 'Pre REM': 'Non REM', 'Artifact': None}
[2020-08-05 11:29:05,416] {logger:46} INFO - DATA_SPLIT          : {'train': ['M19', 'M20', 'M21', 'M22', 'M23', 'M24', 'M25', 'M26', 'M27', 'M28', 'M29', 'M31', 'M32', 'M33'], 'valid': ['M34', 'M35'], 'test': ['M36', 'M37']}
[2020-08-05 11:29:05,416] {logger:46} INFO - DATA_FILE           : ./cache/dataset/data_tuebingen_main_stages.h5
[2020-08-05 11:29:05,416] {logger:46} INFO - STAGES              : ['Wake', 'REM', 'Non REM']
[2020-08-05 11:29:05,416] {logger:46} INFO - BALANCED_TRAINING   : True
[2020-08-05 11:29:05,416] {logger:46} INFO - BALANCING_WEIGHTS   : [0.33, 0.33, 0.33]
[2020-08-05 11:29:05,416] {logger:46} INFO - CHANNELS            : ['EEG_PR']
[2020-08-05 11:29:05,416] {logger:46} INFO - SAMPLES_LEFT        : 1
[2020-08-05 11:29:05,416] {logger:46} INFO - SAMPLES_RIGHT       : 1
[2020-08-05 11:29:05,416] {logger:46} INFO - LOG_INTERVAL        : 10
[2020-08-05 11:29:05,416] {logger:46} INFO - EXTRA_SAFE_MODELS   : False
[2020-08-05 11:29:05,416] {logger:46} INFO - BATCH_SIZE          : 256
[2020-08-05 11:29:05,416] {logger:46} INFO - DATA_FRACTION       : 1.0
[2020-08-05 11:29:05,416] {logger:46} INFO - DATA_FRACTION_STRAT : None
[2020-08-05 11:29:05,416] {logger:46} INFO - EPOCHS              : 50
[2020-08-05 11:29:05,416] {logger:46} INFO - WARMUP_EPOCHS       : 12
[2020-08-05 11:29:05,416] {logger:46} INFO - S_OPTIM_MODE        : exp
[2020-08-05 11:29:05,416] {logger:46} INFO - S_OPTIM_PARAS       : [0.06]
[2020-08-05 11:29:05,416] {logger:46} INFO - LEARNING_RATE       : 0.000256
[2020-08-05 11:29:05,416] {logger:46} INFO - OPTIMIZER           : <class 'torch.optim.adam.Adam'>
[2020-08-05 11:29:05,417] {logger:46} INFO - OPTIM_PARAS         : {}
[2020-08-05 11:29:05,417] {logger:46} INFO - L1_WEIGHT_DECAY     : 0
[2020-08-05 11:29:05,417] {logger:46} INFO - L2_WEIGHT_DECAY     : 0.0001
[2020-08-05 11:29:05,417] {logger:46} INFO - BATCH_SIZE_EVAL     : 512
[2020-08-05 11:29:05,417] {logger:46} INFO - FILTERS             : 96
[2020-08-05 11:29:05,417] {logger:46} INFO - CLASSIFIER_DROPOUT  : [0.2, 0.2]
[2020-08-05 11:29:05,417] {logger:46} INFO - FEATURE_EXTR_DROPOUT: [0.0, 0.2, 0.0, 0.2, 0.0, 0.2, 0.0, 0.2]
[2020-08-05 11:29:05,417] {logger:46} INFO - MODEL_NAME          : model_8conv_2fc
[2020-08-05 11:29:05,417] {logger:46} INFO - GAIN                : 0.0
[2020-08-05 11:29:05,417] {logger:46} INFO - FLIP                : 0.0
[2020-08-05 11:29:05,417] {logger:46} INFO - FLIP_ALL            : 0.0
[2020-08-05 11:29:05,417] {logger:46} INFO - WINDOW_WARP_SIZE    : 0.0
[2020-08-05 11:29:05,417] {logger:46} INFO - FLIP_HORI           : 0.0
[2020-08-05 11:29:05,417] {logger:46} INFO - TIME_SHIFT          : 0.0
[2020-08-05 11:29:05,417] {logger:50} INFO - 
[2020-08-05 11:29:05,417] {logger:51} INFO - ================================================================================
[2020-08-05 11:29:05,417] {logger:52} INFO - evaluate best model of experiment exp005c on dataset test
[2020-08-05 11:29:05,417] {logger:53} INFO - ================================================================================
[2020-08-05 11:29:05,417] {logger:54} INFO - 
[2020-08-05 11:29:05,417] {logger:50} INFO - 
[2020-08-05 11:29:05,417] {logger:51} INFO - ================================================================================
[2020-08-05 11:29:05,417] {logger:52} INFO - start evaluation
[2020-08-05 11:29:05,417] {logger:53} INFO - ================================================================================
[2020-08-05 11:29:05,417] {logger:54} INFO - 
[2020-08-05 11:29:05,751] {dataloader:107} INFO - data distribution in database for dataset test:
	Wake                : 18077
	REM                 : 1915
	Non REM             : 15335
[2020-08-05 11:29:05,754] {dataloader:134} INFO - data distribution after processing:
	Wake                : 18077
	REM                 : 1915
	Non REM             : 15335
[2020-08-05 11:29:07,530] {evaluate_experiment:46} INFO - loaded model:
Model(
  (feature_extractor): Sequential(
    (0): BatchNorm1d(1, eps=1e-05, momentum=0.1, affine=True, track_running_stats=True)
    (1): Conv1d(1, 96, kernel_size=(5,), stride=(1,))
    (2): ReLU(inplace=True)
    (3): BatchNorm1d(96, eps=1e-05, momentum=0.1, affine=True, track_running_stats=True)
    (4): Dropout(p=0.0, inplace=False)
    (5): Conv1d(96, 96, kernel_size=(5,), stride=(2,))
    (6): ReLU(inplace=True)
    (7): BatchNorm1d(96, eps=1e-05, momentum=0.1, affine=True, track_running_stats=True)
    (8): Dropout(p=0.2, inplace=False)
    (9): Conv1d(96, 96, kernel_size=(5,), stride=(1,))
    (10): ReLU(inplace=True)
    (11): BatchNorm1d(96, eps=1e-05, momentum=0.1, affine=True, track_running_stats=True)
    (12): Dropout(p=0.0, inplace=False)
    (13): Conv1d(96, 96, kernel_size=(5,), stride=(2,))
    (14): ReLU(inplace=True)
    (15): BatchNorm1d(96, eps=1e-05, momentum=0.1, affine=True, track_running_stats=True)
    (16): Dropout(p=0.2, inplace=False)
    (17): Conv1d(96, 96, kernel_size=(5,), stride=(1,))
    (18): ReLU(inplace=True)
    (19): BatchNorm1d(96, eps=1e-05, momentum=0.1, affine=True, track_running_stats=True)
    (20): Dropout(p=0.0, inplace=False)
    (21): Conv1d(96, 96, kernel_size=(5,), stride=(2,))
    (22): ReLU(inplace=True)
    (23): BatchNorm1d(96, eps=1e-05, momentum=0.1, affine=True, track_running_stats=True)
    (24): Dropout(p=0.2, inplace=False)
    (25): Conv1d(96, 96, kernel_size=(5,), stride=(1,))
    (26): ReLU(inplace=True)
    (27): BatchNorm1d(96, eps=1e-05, momentum=0.1, affine=True, track_running_stats=True)
    (28): Dropout(p=0.0, inplace=False)
    (29): Conv1d(96, 96, kernel_size=(5,), stride=(2,))
    (30): ReLU(inplace=True)
    (31): BatchNorm1d(96, eps=1e-05, momentum=0.1, affine=True, track_running_stats=True)
    (32): Dropout(p=0.2, inplace=False)
  )
  (classifier): Sequential(
    (0): Dropout(p=0.2, inplace=False)
    (1): Linear(in_features=10848, out_features=80, bias=True)
    (2): ReLU(inplace=True)
    (3): Dropout(p=0.2, inplace=False)
    (4): Linear(in_features=80, out_features=3, bias=True)
  )
)
[2020-08-05 11:29:12,901] {result_logger:97} INFO - scores for sleep stages on dataset: test
[2020-08-05 11:29:12,967] {result_logger:103} INFO - precision on Wake: 0.952
[2020-08-05 11:29:13,002] {result_logger:104} INFO - recall on Wake: 0.987
[2020-08-05 11:29:13,034] {result_logger:107} INFO - F1-score on Wake: 0.970
[2020-08-05 11:29:13,035] {result_logger:108} INFO - 
[2020-08-05 11:29:13,083] {result_logger:103} INFO - precision on REM: 0.847
[2020-08-05 11:29:13,115] {result_logger:104} INFO - recall on REM: 0.971
[2020-08-05 11:29:13,146] {result_logger:107} INFO - F1-score on REM: 0.905
[2020-08-05 11:29:13,146] {result_logger:108} INFO - 
[2020-08-05 11:29:13,195] {result_logger:103} INFO - precision on Non REM: 0.984
[2020-08-05 11:29:13,228] {result_logger:104} INFO - recall on Non REM: 0.923
[2020-08-05 11:29:13,260] {result_logger:107} INFO - F1-score on Non REM: 0.953
[2020-08-05 11:29:13,260] {result_logger:108} INFO - 
[2020-08-05 11:29:13,267] {result_logger:111} INFO - average precision on sleep stages: 0.928
[2020-08-05 11:29:13,274] {result_logger:113} INFO - average recall on sleep stages: 0.960
[2020-08-05 11:29:13,280] {result_logger:115} INFO - average F1-score on sleep stages: 0.942
[2020-08-05 11:29:13,280] {evaluate_experiment:53} INFO - 
[2020-08-05 11:29:13,280] {result_logger:130} INFO - confusion matrix for sleep stages on dataset: test
[2020-08-05 11:29:13,302] {result_logger:134} INFO - 
[[17851    41   185]
 [    8  1859    48]
 [  884   294 14157]]
[2020-08-05 11:29:13,443] {result_logger:141} INFO - 
[[ 98.75%   0.23%   1.02%]
 [  0.42%  97.08%   2.51%]
 [  5.76%   1.92%  92.32%]]
[2020-08-05 11:29:13,538] {result_logger:145} INFO - 
[[ 95.24%   1.87%   1.29%]
 [  0.04%  84.73%   0.33%]
 [  4.72%  13.40%  98.38%]]
[2020-08-05 11:29:13,732] {result_logger:74} INFO - transformation matrix for sleep stages on dataset: test
[2020-08-05 11:29:13,733] {result_logger:77} INFO - actual:
[2020-08-05 11:29:13,733] {result_logger:78} INFO - 
[[95.23%  0.00%  4.77%]
 [16.55% 79.63%  3.81%]
 [ 3.55%  2.54% 93.91%]]
[2020-08-05 11:29:13,733] {result_logger:79} INFO - predicted:
[2020-08-05 11:29:13,733] {result_logger:80} INFO - 
[[94.24%  0.15%  5.61%]
 [16.55% 78.99%  4.47%]
 [ 4.98%  3.00% 92.02%]]
[2020-08-05 11:29:13,733] {logger:50} INFO - 
[2020-08-05 11:29:13,733] {logger:51} INFO - ================================================================================
[2020-08-05 11:29:13,733] {logger:52} INFO - finished evaluation
[2020-08-05 11:29:13,733] {logger:53} INFO - ================================================================================
[2020-08-05 11:29:13,733] {logger:54} INFO - 
