[2020-07-25 20:03:09,978] {logger:43} INFO - evaluate_experiment.py, args: Namespace(dataset='test', experiment='exp003c')
================================================================================
[2020-07-25 20:03:09,978] {logger:44} INFO - config:
[2020-07-25 20:03:09,978] {logger:45} INFO - parameter name      | parameter value
[2020-07-25 20:03:09,978] {logger:46} INFO - experiment          : exp003c
[2020-07-25 20:03:09,978] {logger:46} INFO - RUN_NAME            : exp003c_2020-07-25_20-03-09
[2020-07-25 20:03:09,978] {logger:46} INFO - DEVICE              : cuda
[2020-07-25 20:03:09,979] {logger:46} INFO - EXPERIMENT_DIR      : /home/users/grieger/seminar/mice_tuebingen/results/exp003c
[2020-07-25 20:03:09,979] {logger:46} INFO - MODELS_DIR          : /home/users/grieger/seminar/mice_tuebingen/results/exp003c/models
[2020-07-25 20:03:09,979] {logger:46} INFO - VISUALS_DIR         : /home/users/grieger/seminar/mice_tuebingen/results/exp003c/visuals/exp003c_2020-07-25_20-03-09
[2020-07-25 20:03:09,979] {logger:46} INFO - DATA_DIR            : /home/users/grieger/data_tuebingen_h5/data
[2020-07-25 20:03:09,979] {logger:46} INFO - SAMPLE_DURATION     : 10
[2020-07-25 20:03:09,979] {logger:46} INFO - SAMPLING_RATE       : 64
[2020-07-25 20:03:09,979] {logger:46} INFO - SCORING_MAP         : {'Wake': [1, 17], 'REM': [3, 19], 'Non REM': [2, 18], 'Pre REM': [4, 20], 'Artifact': [8, 24, 255]}
[2020-07-25 20:03:09,979] {logger:46} INFO - STAGE_MAP           : {'Wake': 'Wake', 'REM': 'REM', 'Non REM': 'Non REM', 'Pre REM': 'Pre REM', 'Artifact': 'Artifact'}
[2020-07-25 20:03:09,979] {logger:46} INFO - DATA_SPLIT          : {'train': ['M19', 'M20', 'M21', 'M22', 'M23', 'M24', 'M25', 'M26', 'M27', 'M28', 'M29', 'M31', 'M32', 'M33'], 'valid': ['M34', 'M35'], 'test': ['M36', 'M37']}
[2020-07-25 20:03:09,979] {logger:46} INFO - DATA_FILE           : ./cache/dataset/data_tuebingen.h5
[2020-07-25 20:03:09,979] {logger:46} INFO - STAGES              : ['Wake', 'REM', 'Non REM', 'Pre REM', 'Artifact']
[2020-07-25 20:03:09,980] {logger:46} INFO - BALANCED_TRAINING   : True
[2020-07-25 20:03:09,980] {logger:46} INFO - BALANCING_WEIGHTS   : [0.3, 0.18, 0.24, 0.14, 0.14]
[2020-07-25 20:03:09,980] {logger:46} INFO - CHANNELS            : ['EEG_PR']
[2020-07-25 20:03:09,980] {logger:46} INFO - SAMPLES_LEFT        : 1
[2020-07-25 20:03:09,980] {logger:46} INFO - SAMPLES_RIGHT       : 1
[2020-07-25 20:03:09,980] {logger:46} INFO - LOG_INTERVAL        : 10
[2020-07-25 20:03:09,980] {logger:46} INFO - EXTRA_SAFE_MODELS   : False
[2020-07-25 20:03:09,980] {logger:46} INFO - BATCH_SIZE          : 256
[2020-07-25 20:03:09,980] {logger:46} INFO - DATA_FRACTION       : 1.0
[2020-07-25 20:03:09,980] {logger:46} INFO - DATA_FRACTION_STRAT : None
[2020-07-25 20:03:09,980] {logger:46} INFO - EPOCHS              : 50
[2020-07-25 20:03:09,981] {logger:46} INFO - WARMUP_EPOCHS       : 12
[2020-07-25 20:03:09,981] {logger:46} INFO - S_OPTIM_MODE        : exp
[2020-07-25 20:03:09,981] {logger:46} INFO - S_OPTIM_PARAS       : [0.06]
[2020-07-25 20:03:09,981] {logger:46} INFO - LEARNING_RATE       : 0.000256
[2020-07-25 20:03:09,981] {logger:46} INFO - OPTIMIZER           : <class 'torch.optim.adam.Adam'>
[2020-07-25 20:03:09,981] {logger:46} INFO - OPTIM_PARAS         : {}
[2020-07-25 20:03:09,981] {logger:46} INFO - L1_WEIGHT_DECAY     : 0
[2020-07-25 20:03:09,981] {logger:46} INFO - L2_WEIGHT_DECAY     : 0.0001
[2020-07-25 20:03:09,981] {logger:46} INFO - BATCH_SIZE_EVAL     : 512
[2020-07-25 20:03:09,981] {logger:46} INFO - FILTERS             : 96
[2020-07-25 20:03:09,981] {logger:46} INFO - CLASSIFIER_DROPOUT  : [0.2, 0.2]
[2020-07-25 20:03:09,981] {logger:46} INFO - FEATURE_EXTR_DROPOUT: [0.0, 0.2, 0.0, 0.2, 0.0, 0.2, 0.0, 0.2]
[2020-07-25 20:03:09,982] {logger:46} INFO - MODEL_NAME          : model_8conv_2fc
[2020-07-25 20:03:09,982] {logger:46} INFO - GAIN                : 0.0
[2020-07-25 20:03:09,982] {logger:46} INFO - FLIP                : 0.0
[2020-07-25 20:03:09,982] {logger:46} INFO - FLIP_ALL            : 0.0
[2020-07-25 20:03:09,982] {logger:46} INFO - WINDOW_WARP_SIZE    : 0.05
[2020-07-25 20:03:09,982] {logger:46} INFO - FLIP_HORI           : 0.0
[2020-07-25 20:03:09,982] {logger:46} INFO - TIME_SHIFT          : 0.0
[2020-07-25 20:03:09,982] {logger:50} INFO - 
[2020-07-25 20:03:09,982] {logger:51} INFO - ================================================================================
[2020-07-25 20:03:09,982] {logger:52} INFO - evaluate best model of experiment exp003c on dataset test
[2020-07-25 20:03:09,982] {logger:53} INFO - ================================================================================
[2020-07-25 20:03:09,982] {logger:54} INFO - 
[2020-07-25 20:03:09,983] {logger:50} INFO - 
[2020-07-25 20:03:09,983] {logger:51} INFO - ================================================================================
[2020-07-25 20:03:09,983] {logger:52} INFO - start evaluation
[2020-07-25 20:03:09,983] {logger:53} INFO - ================================================================================
[2020-07-25 20:03:09,983] {logger:54} INFO - 
[2020-07-25 20:03:10,529] {dataloader:107} INFO - data distribution in database for dataset test:
	Wake                : 18077
	REM                 : 1915
	Non REM             : 14732
	Pre REM             : 603
	Artifact            : 93
[2020-07-25 20:03:10,531] {dataloader:134} INFO - data distribution after processing:
	Wake                : 18077
	REM                 : 1915
	Non REM             : 14732
	Pre REM             : 603
	Artifact            : 93
[2020-07-25 20:03:13,244] {evaluate_experiment:46} INFO - loaded model:
Model(
  (feature_extractor): Sequential(
    (0): BatchNorm1d(1, eps=1e-05, momentum=0.1, affine=True, track_running_stats=True)
    (1): Conv1d(1, 96, kernel_size=(5,), stride=(1,))
    (2): ReLU(inplace=True)
    (3): BatchNorm1d(96, eps=1e-05, momentum=0.1, affine=True, track_running_stats=True)
    (4): Dropout(p=0.0, inplace=False)
    (5): Conv1d(96, 96, kernel_size=(5,), stride=(2,))
    (6): ReLU(inplace=True)
    (7): BatchNorm1d(96, eps=1e-05, momentum=0.1, affine=True, track_running_stats=True)
    (8): Dropout(p=0.2, inplace=False)
    (9): Conv1d(96, 96, kernel_size=(5,), stride=(1,))
    (10): ReLU(inplace=True)
    (11): BatchNorm1d(96, eps=1e-05, momentum=0.1, affine=True, track_running_stats=True)
    (12): Dropout(p=0.0, inplace=False)
    (13): Conv1d(96, 96, kernel_size=(5,), stride=(2,))
    (14): ReLU(inplace=True)
    (15): BatchNorm1d(96, eps=1e-05, momentum=0.1, affine=True, track_running_stats=True)
    (16): Dropout(p=0.2, inplace=False)
    (17): Conv1d(96, 96, kernel_size=(5,), stride=(1,))
    (18): ReLU(inplace=True)
    (19): BatchNorm1d(96, eps=1e-05, momentum=0.1, affine=True, track_running_stats=True)
    (20): Dropout(p=0.0, inplace=False)
    (21): Conv1d(96, 96, kernel_size=(5,), stride=(2,))
    (22): ReLU(inplace=True)
    (23): BatchNorm1d(96, eps=1e-05, momentum=0.1, affine=True, track_running_stats=True)
    (24): Dropout(p=0.2, inplace=False)
    (25): Conv1d(96, 96, kernel_size=(5,), stride=(1,))
    (26): ReLU(inplace=True)
    (27): BatchNorm1d(96, eps=1e-05, momentum=0.1, affine=True, track_running_stats=True)
    (28): Dropout(p=0.0, inplace=False)
    (29): Conv1d(96, 96, kernel_size=(5,), stride=(2,))
    (30): ReLU(inplace=True)
    (31): BatchNorm1d(96, eps=1e-05, momentum=0.1, affine=True, track_running_stats=True)
    (32): Dropout(p=0.2, inplace=False)
  )
  (classifier): Sequential(
    (0): Dropout(p=0.2, inplace=False)
    (1): Linear(in_features=10848, out_features=80, bias=True)
    (2): ReLU(inplace=True)
    (3): Dropout(p=0.2, inplace=False)
    (4): Linear(in_features=80, out_features=5, bias=True)
  )
)
[2020-07-25 20:03:22,307] {result_logger:97} INFO - scores for sleep stages on dataset: test
[2020-07-25 20:03:22,369] {result_logger:103} INFO - precision on Wake: 0.961
[2020-07-25 20:03:22,400] {result_logger:104} INFO - recall on Wake: 0.984
[2020-07-25 20:03:22,430] {result_logger:107} INFO - F1-score on Wake: 0.972
[2020-07-25 20:03:22,430] {result_logger:108} INFO - 
[2020-07-25 20:03:22,477] {result_logger:103} INFO - precision on REM: 0.881
[2020-07-25 20:03:22,507] {result_logger:104} INFO - recall on REM: 0.954
[2020-07-25 20:03:22,536] {result_logger:107} INFO - F1-score on REM: 0.916
[2020-07-25 20:03:22,536] {result_logger:108} INFO - 
[2020-07-25 20:03:22,583] {result_logger:103} INFO - precision on Non REM: 0.973
[2020-07-25 20:03:22,613] {result_logger:104} INFO - recall on Non REM: 0.914
[2020-07-25 20:03:22,643] {result_logger:107} INFO - F1-score on Non REM: 0.943
[2020-07-25 20:03:22,643] {result_logger:108} INFO - 
[2020-07-25 20:03:22,688] {result_logger:103} INFO - precision on Pre REM: 0.399
[2020-07-25 20:03:22,718] {result_logger:104} INFO - recall on Pre REM: 0.590
[2020-07-25 20:03:22,747] {result_logger:107} INFO - F1-score on Pre REM: 0.476
[2020-07-25 20:03:22,747] {result_logger:108} INFO - 
[2020-07-25 20:03:22,790] {result_logger:103} INFO - precision on Artifact: 0.554
[2020-07-25 20:03:22,819] {result_logger:104} INFO - recall on Artifact: 0.667
[2020-07-25 20:03:22,848] {result_logger:107} INFO - F1-score on Artifact: 0.605
[2020-07-25 20:03:22,848] {result_logger:108} INFO - 
[2020-07-25 20:03:22,854] {result_logger:111} INFO - average precision on sleep stages: 0.754
[2020-07-25 20:03:22,861] {result_logger:113} INFO - average recall on sleep stages: 0.822
[2020-07-25 20:03:22,867] {result_logger:115} INFO - average F1-score on sleep stages: 0.782
[2020-07-25 20:03:22,868] {evaluate_experiment:53} INFO - 
[2020-07-25 20:03:22,868] {result_logger:130} INFO - confusion matrix for sleep stages on dataset: test
[2020-07-25 20:03:22,889] {result_logger:134} INFO - 
[[17786    41   226     2    22]
 [    8  1827    16    61     3]
 [  688    81 13465   473    25]
 [   10   122   115   356     0]
 [   14     2    14     1    62]]
[2020-07-25 20:03:23,063] {result_logger:141} INFO - 
[[ 98.39%   0.23%   1.25%   0.01%   0.12%]
 [  0.42%  95.40%   0.84%   3.19%   0.16%]
 [  4.67%   0.55%  91.40%   3.21%   0.17%]
 [  1.66%  20.23%  19.07%  59.04%   0.00%]
 [ 15.05%   2.15%  15.05%   1.08%  66.67%]]
[2020-07-25 20:03:23,171] {result_logger:145} INFO - 
[[ 96.11%   1.98%   1.63%   0.22%  19.64%]
 [  0.04%  88.13%   0.12%   6.83%   2.68%]
 [  3.72%   3.91%  97.32%  52.97%  22.32%]
 [  0.05%   5.89%   0.83%  39.87%   0.00%]
 [  0.08%   0.10%   0.10%   0.11%  55.36%]]
[2020-07-25 20:03:23,396] {result_logger:74} INFO - transformation matrix for sleep stages on dataset: test
[2020-07-25 20:03:23,396] {result_logger:77} INFO - actual:
[2020-07-25 20:03:23,396] {result_logger:78} INFO - 
[[95.23%  0.00%  4.74%  0.00%  0.04%]
 [16.50% 79.58%  3.45%  0.21%  0.26%]
 [ 3.57%  0.07% 92.69%  3.33%  0.35%]
 [ 2.99% 62.85% 16.09% 17.91%  0.17%]
 [ 2.15%  2.15% 63.44%  1.08% 31.18%]]
[2020-07-25 20:03:23,396] {result_logger:79} INFO - predicted:
[2020-07-25 20:03:23,397] {result_logger:80} INFO - 
[[94.25%  0.09%  5.46%  0.06%  0.13%]
 [17.85% 76.99%  4.44%  0.48%  0.24%]
 [ 4.59%  0.38% 90.41%  4.30%  0.32%]
 [ 3.36% 45.24% 20.60% 30.80%  0.00%]
 [25.00%  2.68% 36.61%  0.89% 34.82%]]
[2020-07-25 20:03:23,397] {logger:50} INFO - 
[2020-07-25 20:03:23,397] {logger:51} INFO - ================================================================================
[2020-07-25 20:03:23,399] {logger:52} INFO - finished evaluation
[2020-07-25 20:03:23,399] {logger:53} INFO - ================================================================================
[2020-07-25 20:03:23,399] {logger:54} INFO - 
